#
# There is insufficient memory for the Java Runtime Environment to continue.
# Native memory allocation (malloc) failed to allocate 1737456 bytes for Chunk::new
# Possible reasons:
#   The system is out of physical RAM or swap space
#   The process is running with CompressedOops enabled, and the Java Heap may be blocking the growth of the native heap
# Possible solutions:
#   Reduce memory load on the system
#   Increase physical memory or swap space
#   Check if swap backing store is full
#   Decrease Java heap size (-Xmx/-Xms)
#   Decrease number of Java threads
#   Decrease Java thread stack sizes (-Xss)
#   Set larger code cache with -XX:ReservedCodeCacheSize=
#   JVM is running with Unscaled Compressed Oops mode in which the Java heap is
#     placed in the first 4GB address space. The Java Heap base address is the
#     maximum limit for the native heap growth. Please use -XX:HeapBaseMinAddress
#     to set the Java Heap base and to place the Java Heap above 4GB virtual address.
# This output file may be truncated or incomplete.
#
#  Out of Memory Error (./src/hotspot/share/memory/arena.cpp:197), pid=14588, tid=7720
#
# JRE version: OpenJDK Runtime Environment (11.0.10) (build 11.0.10+0-b96-7249189)
# Java VM: OpenJDK 64-Bit Server VM (11.0.10+0-b96-7249189, mixed mode, tiered, compressed oops, g1 gc, windows-amd64)
# No core dump will be written. Minidumps are not enabled by default on client versions of Windows
#

---------------  S U M M A R Y ------------

Command Line: --add-opens=java.base/java.util=ALL-UNNAMED --add-opens=java.base/java.lang=ALL-UNNAMED --add-opens=java.base/java.lang.invoke=ALL-UNNAMED --add-opens=java.base/java.util=ALL-UNNAMED --add-opens=java.prefs/java.util.prefs=ALL-UNNAMED --add-opens=java.prefs/java.util.prefs=ALL-UNNAMED --add-opens=java.base/java.nio.charset=ALL-UNNAMED --add-opens=java.base/java.net=ALL-UNNAMED --add-opens=java.base/java.util.concurrent.atomic=ALL-UNNAMED -Xmx2048m -Dfile.encoding=UTF-8 -Duser.country=US -Duser.language=en -Duser.variant org.gradle.launcher.daemon.bootstrap.GradleDaemon 7.0.2

Host: Intel(R) Core(TM) i7-8700 CPU @ 3.20GHz, 12 cores, 7G,  Windows 10 , 64 bit Build 19041 (10.0.19041.1202)
Time: Thu Oct 28 15:09:06 2021 India Standard Time elapsed time: 9779.764687 seconds (0d 2h 42m 59s)

---------------  T H R E A D  ---------------

Current thread (0x000002a5c9f86000):  JavaThread "C2 CompilerThread1" daemon [_thread_in_native, id=7720, stack(0x000000f573600000,0x000000f573700000)]


Current CompileTask:
C2:9779764 35511  s    4       org.gradle.internal.component.external.model.AbstractLazyModuleComponentResolveMetadata::getVariantsForGraphTraversal (20 bytes)

Stack: [0x000000f573600000,0x000000f573700000]
Native frames: (J=compiled Java code, j=interpreted, Vv=VM code, C=native code)
V  [jvm.dll+0x5ecfaa]
V  [jvm.dll+0x722bd5]
V  [jvm.dll+0x72412d]
V  [jvm.dll+0x7247e3]
V  [jvm.dll+0x242928]
V  [jvm.dll+0xbc4fc]
V  [jvm.dll+0xbca0c]
V  [jvm.dll+0x352d3b]
V  [jvm.dll+0x320ad3]
V  [jvm.dll+0x31ffca]
V  [jvm.dll+0x1fb602]
V  [jvm.dll+0x1fa7f4]
V  [jvm.dll+0x18354c]
V  [jvm.dll+0x208ee7]
V  [jvm.dll+0x207731]
V  [jvm.dll+0x6eb1cf]
V  [jvm.dll+0x6e3d45]
V  [jvm.dll+0x5ebe96]
C  [ucrtbase.dll+0x21bb2]
C  [KERNEL32.DLL+0x17034]
C  [ntdll.dll+0x52651]


---------------  P R O C E S S  ---------------

Threads class SMR info:
_java_thread_list=0x000002a5c9d58cf0, length=81, elements={
0x000002a5a6b8d000, 0x000002a5c33fe000, 0x000002a5c3407800, 0x000002a5c3d87000,
0x000002a5c3d88000, 0x000002a5c3d8a000, 0x000002a5c3d8d000, 0x000002a5c3d8e800,
0x000002a5c3420000, 0x000002a5c3eea800, 0x000002a5c3ee6800, 0x000002a5c3ee7800,
0x000002a5c3ee8000, 0x000002a5c4b4e000, 0x000002a5c4b48800, 0x000002a5c4b4a000,
0x000002a5c4b4f800, 0x000002a5c4b50800, 0x000002a5c4b4b800, 0x000002a5c4b52000,
0x000002a5c4b56000, 0x000002a5c4b57000, 0x000002a5c78e7800, 0x000002a5c78f0000,
0x000002a5c78f0800, 0x000002a5c78f2800, 0x000002a5c78f3000, 0x000002a5c78f4000,
0x000002a5c9bf8800, 0x000002a5c9bf9000, 0x000002a5c9bf7800, 0x000002a5c9bf6800,
0x000002a5c9bfa000, 0x000002a5c9f86800, 0x000002a5c78ee000, 0x000002a5c78f1800,
0x000002a5c4eae800, 0x000002a5c9c00800, 0x000002a5c78e6000, 0x000002a5c4b4c800,
0x000002a5c4b55800, 0x000002a5c4b4f000, 0x000002a5c4b4a800, 0x000002a5c4b4d000,
0x000002a5c4b49000, 0x000002a5c4b51800, 0x000002a5cbb49800, 0x000002a5cbb4d000,
0x000002a5cbb4e800, 0x000002a5cbb4b000, 0x000002a5cbb4a800, 0x000002a5cbb4f000,
0x000002a5cbb4c000, 0x000002a5cbb4d800, 0x000002a5cbb55000, 0x000002a5cbb53800,
0x000002a5cbb50000, 0x000002a5cbb52800, 0x000002a5cbb51000, 0x000002a5cbb56000,
0x000002a5cbb54000, 0x000002a5cbb56800, 0x000002a5cbb57800, 0x000002a5cbb51800,
0x000002a5c9f81000, 0x000002a5c9f83800, 0x000002a5c9f86000, 0x000002a5c9f81800,
0x000002a5c9f84000, 0x000002a5c9f85000, 0x000002a5c9f80000, 0x000002a5c9f87800,
0x000002a5c9f88800, 0x000002a5c9f82800, 0x000002a5c9f8c800, 0x000002a5c9f8b800,
0x000002a5c9f89000, 0x000002a5c9f8a000, 0x000002a5c9f8e000, 0x000002a5c9bfb800,
0x000002a5c9bf6000
}

Java Threads: ( => current thread )
  0x000002a5a6b8d000 JavaThread "main" [_thread_blocked, id=7572, stack(0x000000f56f700000,0x000000f56f800000)]
  0x000002a5c33fe000 JavaThread "Reference Handler" daemon [_thread_blocked, id=17024, stack(0x000000f56fe00000,0x000000f56ff00000)]
  0x000002a5c3407800 JavaThread "Finalizer" daemon [_thread_blocked, id=1836, stack(0x000000f56ff00000,0x000000f570000000)]
  0x000002a5c3d87000 JavaThread "Signal Dispatcher" daemon [_thread_blocked, id=13288, stack(0x000000f570000000,0x000000f570100000)]
  0x000002a5c3d88000 JavaThread "Attach Listener" daemon [_thread_blocked, id=12156, stack(0x000000f570100000,0x000000f570200000)]
  0x000002a5c3d8a000 JavaThread "Service Thread" daemon [_thread_blocked, id=14584, stack(0x000000f570200000,0x000000f570300000)]
  0x000002a5c3d8d000 JavaThread "C2 CompilerThread0" daemon [_thread_blocked, id=12448, stack(0x000000f570300000,0x000000f570400000)]
  0x000002a5c3d8e800 JavaThread "C1 CompilerThread0" daemon [_thread_blocked, id=17032, stack(0x000000f570400000,0x000000f570500000)]
  0x000002a5c3420000 JavaThread "Sweeper thread" daemon [_thread_blocked, id=10276, stack(0x000000f570500000,0x000000f570600000)]
  0x000002a5c3eea800 JavaThread "Common-Cleaner" daemon [_thread_blocked, id=4888, stack(0x000000f570600000,0x000000f570700000)]
  0x000002a5c3ee6800 JavaThread "Daemon health stats" [_thread_blocked, id=16592, stack(0x000000f570b00000,0x000000f570c00000)]
  0x000002a5c3ee7800 JavaThread "Incoming local TCP Connector on port 63315" [_thread_in_native, id=17060, stack(0x000000f570c00000,0x000000f570d00000)]
  0x000002a5c3ee8000 JavaThread "Daemon periodic checks" [_thread_blocked, id=12952, stack(0x000000f570d00000,0x000000f570e00000)]
  0x000002a5c4b4e000 JavaThread "Cache worker for file hash cache (C:\Users\Administrator\.gradle\caches\7.0.2\fileHashes)" [_thread_blocked, id=8816, stack(0x000000f571c00000,0x000000f571d00000)]
  0x000002a5c4b48800 JavaThread "File lock request listener" [_thread_in_native, id=280, stack(0x000000f571d00000,0x000000f571e00000)]
  0x000002a5c4b4a000 JavaThread "Cache worker for journal cache (C:\Users\Administrator\.gradle\caches\journal-1)" [_thread_blocked, id=1320, stack(0x000000f572000000,0x000000f572100000)]
  0x000002a5c4b4f800 JavaThread "File watcher server" daemon [_thread_in_native, id=15752, stack(0x000000f572200000,0x000000f572300000)]
  0x000002a5c4b50800 JavaThread "File watcher consumer" daemon [_thread_blocked, id=8400, stack(0x000000f572300000,0x000000f572400000)]
  0x000002a5c4b4b800 JavaThread "Cache worker for execution history cache (C:\Users\Administrator\.gradle\caches\7.0.2\executionHistory)" [_thread_blocked, id=4156, stack(0x000000f572800000,0x000000f572900000)]
  0x000002a5c4b52000 JavaThread "jar transforms" [_thread_blocked, id=9992, stack(0x000000f572900000,0x000000f572a00000)]
  0x000002a5c4b56000 JavaThread "jar transforms Thread 2" [_thread_blocked, id=5932, stack(0x000000f572a00000,0x000000f572b00000)]
  0x000002a5c4b57000 JavaThread "Cache worker for file content cache (C:\Users\Administrator\.gradle\caches\7.0.2\fileContent)" [_thread_blocked, id=11976, stack(0x000000f572b00000,0x000000f572c00000)]
  0x000002a5c78e7800 JavaThread "jar transforms Thread 3" [_thread_blocked, id=10656, stack(0x000000f572d00000,0x000000f572e00000)]
  0x000002a5c78f0000 JavaThread "jar transforms Thread 4" [_thread_blocked, id=17272, stack(0x000000f573b00000,0x000000f573c00000)]
  0x000002a5c78f0800 JavaThread "jar transforms Thread 5" [_thread_blocked, id=7916, stack(0x000000f573c00000,0x000000f573d00000)]
  0x000002a5c78f2800 JavaThread "jar transforms Thread 6" [_thread_blocked, id=13264, stack(0x000000f573d00000,0x000000f573e00000)]
  0x000002a5c78f3000 JavaThread "jar transforms Thread 7" [_thread_blocked, id=16152, stack(0x000000f573e00000,0x000000f573f00000)]
  0x000002a5c78f4000 JavaThread "jar transforms Thread 8" [_thread_blocked, id=15840, stack(0x000000f573f00000,0x000000f574000000)]
  0x000002a5c9bf8800 JavaThread "jar transforms Thread 9" [_thread_blocked, id=12236, stack(0x000000f574000000,0x000000f574100000)]
  0x000002a5c9bf9000 JavaThread "jar transforms Thread 10" [_thread_blocked, id=12296, stack(0x000000f574100000,0x000000f574200000)]
  0x000002a5c9bf7800 JavaThread "jar transforms Thread 11" [_thread_blocked, id=2568, stack(0x000000f574200000,0x000000f574300000)]
  0x000002a5c9bf6800 JavaThread "jar transforms Thread 12" [_thread_blocked, id=9528, stack(0x000000f574300000,0x000000f574400000)]
  0x000002a5c9bfa000 JavaThread "Memory manager" [_thread_blocked, id=12864, stack(0x000000f574400000,0x000000f574500000)]
  0x000002a5c9f86800 JavaThread "Cache worker for Java compile cache (C:\Users\Administrator\.gradle\caches\7.0.2\javaCompile)" [_thread_blocked, id=8276, stack(0x000000f575600000,0x000000f575700000)]
  0x000002a5c78ee000 JavaThread "ForkJoinPool.commonPool-worker-7" daemon [_thread_blocked, id=17084, stack(0x000000f576400000,0x000000f576500000)]
  0x000002a5c78f1800 JavaThread "ForkJoinPool.commonPool-worker-9" daemon [_thread_blocked, id=14236, stack(0x000000f576300000,0x000000f576400000)]
  0x000002a5c4eae800 JavaThread "ForkJoinPool.commonPool-worker-31" daemon [_thread_blocked, id=13512, stack(0x000000f576600000,0x000000f576700000)]
  0x000002a5c9c00800 JavaThread "ForkJoinPool.commonPool-worker-5" daemon [_thread_blocked, id=9760, stack(0x000000f575c00000,0x000000f575d00000)]
  0x000002a5c78e6000 JavaThread "ForkJoinPool.commonPool-worker-21" daemon [_thread_blocked, id=15880, stack(0x000000f576100000,0x000000f576200000)]
  0x000002a5c4b4c800 JavaThread "ForkJoinPool.commonPool-worker-11" daemon [_thread_blocked, id=10676, stack(0x000000f576700000,0x000000f576800000)]
  0x000002a5c4b55800 JavaThread "ForkJoinPool.commonPool-worker-25" daemon [_thread_blocked, id=14572, stack(0x000000f576800000,0x000000f576900000)]
  0x000002a5c4b4f000 JavaThread "Daemon Thread 22" [_thread_blocked, id=8692, stack(0x000000f56f400000,0x000000f56f500000)]
  0x000002a5c4b4a800 JavaThread "Handler for socket connection from /127.0.0.1:63315 to /127.0.0.1:64894" [_thread_in_native, id=16484, stack(0x000000f56f500000,0x000000f56f600000)]
  0x000002a5c4b4d000 JavaThread "Cancel handler" [_thread_blocked, id=7108, stack(0x000000f56f600000,0x000000f56f700000)]
  0x000002a5c4b49000 JavaThread "Daemon worker Thread 22" [_thread_blocked, id=2536, stack(0x000000f570800000,0x000000f570900000)]
  0x000002a5c4b51800 JavaThread "Asynchronous log dispatcher for DefaultDaemonConnection: socket connection from /127.0.0.1:63315 to /127.0.0.1:64894" [_thread_blocked, id=17312, stack(0x000000f570e00000,0x000000f570f00000)]
  0x000002a5cbb49800 JavaThread "Stdin handler" [_thread_blocked, id=15192, stack(0x000000f570f00000,0x000000f571000000)]
  0x000002a5cbb4d000 JavaThread "Daemon client event forwarder" [_thread_blocked, id=12696, stack(0x000000f571000000,0x000000f571100000)]
  0x000002a5cbb4e800 JavaThread "Cache worker for file hash cache (C:\Users\Administrator\AndroidStudioProjects\ImagePickerApp\.gradle\7.0.2\fileHashes)" [_thread_blocked, id=7752, stack(0x000000f571100000,0x000000f571200000)]
  0x000002a5cbb4b000 JavaThread "Cache worker for checksums cache (C:\Users\Administrator\AndroidStudioProjects\ImagePickerApp\.gradle\checksums)" [_thread_blocked, id=14052, stack(0x000000f571200000,0x000000f571300000)]
  0x000002a5cbb4a800 JavaThread "Cache worker for cache directory md-supplier (C:\Users\Administrator\.gradle\caches\7.0.2\md-supplier)" [_thread_blocked, id=15416, stack(0x000000f571300000,0x000000f571400000)]
  0x000002a5cbb4f000 JavaThread "Cache worker for cache directory md-rule (C:\Users\Administrator\.gradle\caches\7.0.2\md-rule)" [_thread_blocked, id=5892, stack(0x000000f571400000,0x000000f571500000)]
  0x000002a5cbb4c000 JavaThread "Cache worker for dependencies-accessors (C:\Users\Administrator\AndroidStudioProjects\ImagePickerApp\.gradle\7.0.2\dependencies-accessors)" [_thread_blocked, id=10108, stack(0x000000f572100000,0x000000f572200000)]
  0x000002a5cbb4d800 JavaThread "Cache worker for Build Output Cleanup Cache (C:\Users\Administrator\AndroidStudioProjects\ImagePickerApp\.gradle\buildOutputCleanup)" [_thread_blocked, id=7840, stack(0x000000f572400000,0x000000f572500000)]
  0x000002a5cbb55000 JavaThread "Build operations" [_thread_blocked, id=15624, stack(0x000000f572500000,0x000000f572600000)]
  0x000002a5cbb53800 JavaThread "Build operations Thread 2" [_thread_blocked, id=16100, stack(0x000000f572600000,0x000000f572700000)]
  0x000002a5cbb50000 JavaThread "Build operations Thread 3" [_thread_blocked, id=10764, stack(0x000000f572700000,0x000000f572800000)]
  0x000002a5cbb52800 JavaThread "Build operations Thread 4" [_thread_blocked, id=17136, stack(0x000000f572c00000,0x000000f572d00000)]
  0x000002a5cbb51000 JavaThread "Build operations Thread 5" [_thread_blocked, id=10272, stack(0x000000f572e00000,0x000000f572f00000)]
  0x000002a5cbb56000 JavaThread "Build operations Thread 6" [_thread_blocked, id=13520, stack(0x000000f572f00000,0x000000f573000000)]
  0x000002a5cbb54000 JavaThread "Build operations Thread 7" [_thread_blocked, id=6780, stack(0x000000f573000000,0x000000f573100000)]
  0x000002a5cbb56800 JavaThread "Build operations Thread 8" [_thread_blocked, id=7192, stack(0x000000f573100000,0x000000f573200000)]
  0x000002a5cbb57800 JavaThread "Build operations Thread 9" [_thread_blocked, id=5784, stack(0x000000f573200000,0x000000f573300000)]
  0x000002a5cbb51800 JavaThread "Build operations Thread 10" [_thread_blocked, id=10244, stack(0x000000f573300000,0x000000f573400000)]
  0x000002a5c9f81000 JavaThread "Build operations Thread 11" [_thread_blocked, id=14820, stack(0x000000f573400000,0x000000f573500000)]
  0x000002a5c9f83800 JavaThread "Build operations Thread 12" [_thread_blocked, id=16588, stack(0x000000f573500000,0x000000f573600000)]
=>0x000002a5c9f86000 JavaThread "C2 CompilerThread1" daemon [_thread_in_native, id=7720, stack(0x000000f573600000,0x000000f573700000)]
  0x000002a5c9f81800 JavaThread "build event listener" [_thread_blocked, id=3964, stack(0x000000f573700000,0x000000f573800000)]
  0x000002a5c9f84000 JavaThread "Execution worker for ':'" [_thread_blocked, id=16640, stack(0x000000f573800000,0x000000f573900000)]
  0x000002a5c9f85000 JavaThread "Execution worker for ':' Thread 2" [_thread_blocked, id=7564, stack(0x000000f573900000,0x000000f573a00000)]
  0x000002a5c9f80000 JavaThread "Execution worker for ':' Thread 3" [_thread_blocked, id=17252, stack(0x000000f573a00000,0x000000f573b00000)]
  0x000002a5c9f87800 JavaThread "Execution worker for ':' Thread 4" [_thread_blocked, id=11068, stack(0x000000f574500000,0x000000f574600000)]
  0x000002a5c9f88800 JavaThread "Execution worker for ':' Thread 5" [_thread_blocked, id=9320, stack(0x000000f574600000,0x000000f574700000)]
  0x000002a5c9f82800 JavaThread "Execution worker for ':' Thread 6" [_thread_blocked, id=13212, stack(0x000000f574700000,0x000000f574800000)]
  0x000002a5c9f8c800 JavaThread "Execution worker for ':' Thread 7" [_thread_in_native, id=12184, stack(0x000000f574800000,0x000000f574900000)]
  0x000002a5c9f8b800 JavaThread "Execution worker for ':' Thread 8" [_thread_blocked, id=5636, stack(0x000000f574900000,0x000000f574a00000)]
  0x000002a5c9f89000 JavaThread "Execution worker for ':' Thread 9" [_thread_blocked, id=7760, stack(0x000000f574a00000,0x000000f574b00000)]
  0x000002a5c9f8a000 JavaThread "Execution worker for ':' Thread 10" [_thread_blocked, id=4100, stack(0x000000f574b00000,0x000000f574c00000)]
  0x000002a5c9f8e000 JavaThread "Execution worker for ':' Thread 11" [_thread_blocked, id=13380, stack(0x000000f574c00000,0x000000f574d00000)]
  0x000002a5c9bfb800 JavaThread "Cache worker for execution history cache (C:\Users\Administrator\AndroidStudioProjects\ImagePickerApp\.gradle\7.0.2\executionHistory)" [_thread_blocked, id=15564, stack(0x000000f574d00000,0x000000f574e00000)]
  0x000002a5c9bf6000 JavaThread "Cache worker for Java compile cache (C:\Users\Administrator\AndroidStudioProjects\ImagePickerApp\.gradle\7.0.2\javaCompile)" [_thread_blocked, id=10012, stack(0x000000f574e00000,0x000000f574f00000)]

Other Threads:
  0x000002a5c33fa000 VMThread "VM Thread" [stack: 0x000000f56fd00000,0x000000f56fe00000] [id=16880]
  0x000002a5c3f15000 WatcherThread [stack: 0x000000f570700000,0x000000f570800000] [id=11128]
  0x000002a5a6ba6800 GCTaskThread "GC Thread#0" [stack: 0x000000f56f800000,0x000000f56f900000] [id=10712]
  0x000002a5c4cd8800 GCTaskThread "GC Thread#1" [stack: 0x000000f570900000,0x000000f570a00000] [id=6380]
  0x000002a5c4e70000 GCTaskThread "GC Thread#2" [stack: 0x000000f570a00000,0x000000f570b00000] [id=440]
  0x000002a5c5021000 GCTaskThread "GC Thread#3" [stack: 0x000000f571500000,0x000000f571600000] [id=4140]
  0x000002a5c501f800 GCTaskThread "GC Thread#4" [stack: 0x000000f571600000,0x000000f571700000] [id=15944]
  0x000002a5c6795000 GCTaskThread "GC Thread#5" [stack: 0x000000f571700000,0x000000f571800000] [id=6476]
  0x000002a5c67e7000 GCTaskThread "GC Thread#6" [stack: 0x000000f571800000,0x000000f571900000] [id=13224]
  0x000002a5c7388800 GCTaskThread "GC Thread#7" [stack: 0x000000f571900000,0x000000f571a00000] [id=12280]
  0x000002a5c7389800 GCTaskThread "GC Thread#8" [stack: 0x000000f571a00000,0x000000f571b00000] [id=6324]
  0x000002a5c738a000 GCTaskThread "GC Thread#9" [stack: 0x000000f571b00000,0x000000f571c00000] [id=4788]
  0x000002a5a6bd7800 ConcurrentGCThread "G1 Main Marker" [stack: 0x000000f56f900000,0x000000f56fa00000] [id=6420]
  0x000002a5a6bd9000 ConcurrentGCThread "G1 Conc#0" [stack: 0x000000f56fa00000,0x000000f56fb00000] [id=13796]
  0x000002a5c5ff0800 ConcurrentGCThread "G1 Conc#1" [stack: 0x000000f571e00000,0x000000f571f00000] [id=16832]
  0x000002a5c5d27000 ConcurrentGCThread "G1 Conc#2" [stack: 0x000000f571f00000,0x000000f572000000] [id=17164]
  0x000002a5c3248800 ConcurrentGCThread "G1 Refine#0" [stack: 0x000000f56fb00000,0x000000f56fc00000] [id=912]
  0x000002a5cc8ca800 ConcurrentGCThread "G1 Refine#1" [stack: 0x000000f575200000,0x000000f575300000] [id=16000]
  0x000002a5c3249000 ConcurrentGCThread "G1 Young RemSet Sampling" [stack: 0x000000f56fc00000,0x000000f56fd00000] [id=17148]

Threads with active compile tasks:
C2 CompilerThread19779804 35511  s    4       org.gradle.internal.component.external.model.AbstractLazyModuleComponentResolveMetadata::getVariantsForGraphTraversal (20 bytes)

VM state:not at safepoint (normal execution)

VM Mutex/Monitor currently owned by a thread: None

Heap address: 0x0000000080000000, size: 2048 MB, Compressed Oops mode: 32-bit
Narrow klass base: 0x0000000000000000, Narrow klass shift: 3
Compressed class space size: 1073741824 Address: 0x0000000100000000

Heap:
 garbage-first heap   total 227328K, used 99478K [0x0000000080000000, 0x0000000100000000)
  region size 1024K, 16 young (16384K), 5 survivors (5120K)
 Metaspace       used 131315K, capacity 135616K, committed 135936K, reserved 1167360K
  class space    used 15738K, capacity 17293K, committed 17484K, reserved 1048576K
Heap Regions: E=young(eden), S=young(survivor), O=old, HS=humongous(starts), HC=humongous(continues), CS=collection set, F=free, A=archive, TAMS=top-at-mark-start (previous, next)
|   0|0x0000000080000000, 0x0000000080100000, 0x0000000080100000|100%| O|  |TAMS 0x0000000080100000, 0x0000000080000000| Untracked 
|   1|0x0000000080100000, 0x0000000080200000, 0x0000000080200000|100%| O|  |TAMS 0x0000000080200000, 0x0000000080100000| Untracked 
|   2|0x0000000080200000, 0x0000000080300000, 0x0000000080300000|100%| O|  |TAMS 0x0000000080300000, 0x0000000080200000| Untracked 
|   3|0x0000000080300000, 0x0000000080400000, 0x0000000080400000|100%|HS|  |TAMS 0x0000000080400000, 0x0000000080300000| Complete 
|   4|0x0000000080400000, 0x0000000080500000, 0x0000000080500000|100%|HC|  |TAMS 0x0000000080500000, 0x0000000080400000| Complete 
|   5|0x0000000080500000, 0x0000000080600000, 0x0000000080600000|100%|HC|  |TAMS 0x0000000080600000, 0x0000000080500000| Complete 
|   6|0x0000000080600000, 0x0000000080700000, 0x0000000080700000|100%| O|  |TAMS 0x0000000080700000, 0x0000000080600000| Untracked 
|   7|0x0000000080700000, 0x0000000080800000, 0x0000000080800000|100%| O|  |TAMS 0x0000000080800000, 0x0000000080700000| Untracked 
|   8|0x0000000080800000, 0x0000000080900000, 0x0000000080900000|100%| O|  |TAMS 0x0000000080900000, 0x0000000080800000| Complete 
|   9|0x0000000080900000, 0x0000000080a00000, 0x0000000080a00000|100%| O|  |TAMS 0x0000000080a00000, 0x0000000080900000| Untracked 
|  10|0x0000000080a00000, 0x0000000080b00000, 0x0000000080b00000|100%| O|  |TAMS 0x0000000080b00000, 0x0000000080a00000| Untracked 
|  11|0x0000000080b00000, 0x0000000080c00000, 0x0000000080c00000|100%| O|  |TAMS 0x0000000080c00000, 0x0000000080b00000| Complete 
|  12|0x0000000080c00000, 0x0000000080d00000, 0x0000000080d00000|100%| O|  |TAMS 0x0000000080d00000, 0x0000000080c00000| Untracked 
|  13|0x0000000080d00000, 0x0000000080e00000, 0x0000000080e00000|100%| O|  |TAMS 0x0000000080e00000, 0x0000000080d00000| Untracked 
|  14|0x0000000080e00000, 0x0000000080f00000, 0x0000000080f00000|100%| O|  |TAMS 0x0000000080f00000, 0x0000000080e00000| Untracked 
|  15|0x0000000080f00000, 0x0000000081000000, 0x0000000081000000|100%| O|  |TAMS 0x0000000081000000, 0x0000000080f00000| Complete 
|  16|0x0000000081000000, 0x0000000081100000, 0x0000000081100000|100%|HS|  |TAMS 0x0000000081100000, 0x0000000081000000| Complete 
|  17|0x0000000081100000, 0x0000000081200000, 0x0000000081200000|100%| O|  |TAMS 0x0000000081200000, 0x0000000081100000| Complete 
|  18|0x0000000081200000, 0x0000000081300000, 0x0000000081300000|100%| O|  |TAMS 0x0000000081300000, 0x0000000081200000| Complete 
|  19|0x0000000081300000, 0x0000000081400000, 0x0000000081400000|100%| O|  |TAMS 0x0000000081400000, 0x0000000081300000| Complete 
|  20|0x0000000081400000, 0x0000000081500000, 0x0000000081500000|100%| O|  |TAMS 0x0000000081500000, 0x0000000081400000| Complete 
|  21|0x0000000081500000, 0x0000000081600000, 0x0000000081600000|100%| O|  |TAMS 0x0000000081600000, 0x0000000081500000| Complete 
|  22|0x0000000081600000, 0x0000000081700000, 0x0000000081700000|100%| O|  |TAMS 0x0000000081700000, 0x0000000081600000| Untracked 
|  23|0x0000000081700000, 0x0000000081800000, 0x0000000081800000|100%| O|  |TAMS 0x0000000081800000, 0x0000000081700000| Untracked 
|  24|0x0000000081800000, 0x0000000081900000, 0x0000000081900000|100%| O|  |TAMS 0x0000000081900000, 0x0000000081800000| Complete 
|  25|0x0000000081900000, 0x0000000081a00000, 0x0000000081a00000|100%| O|  |TAMS 0x0000000081a00000, 0x0000000081900000| Complete 
|  26|0x0000000081a00000, 0x0000000081b00000, 0x0000000081b00000|100%| O|  |TAMS 0x0000000081b00000, 0x0000000081a00000| Untracked 
|  27|0x0000000081b00000, 0x0000000081c00000, 0x0000000081c00000|100%|HS|  |TAMS 0x0000000081c00000, 0x0000000081b00000| Complete 
|  28|0x0000000081c00000, 0x0000000081d00000, 0x0000000081d00000|100%|HS|  |TAMS 0x0000000081d00000, 0x0000000081c00000| Complete 
|  29|0x0000000081d00000, 0x0000000081e00000, 0x0000000081e00000|100%|HC|  |TAMS 0x0000000081e00000, 0x0000000081d00000| Complete 
|  30|0x0000000081e00000, 0x0000000081f00000, 0x0000000081f00000|100%| O|  |TAMS 0x0000000081f00000, 0x0000000081e00000| Untracked 
|  31|0x0000000081f00000, 0x0000000082000000, 0x0000000082000000|100%| O|  |TAMS 0x0000000082000000, 0x0000000081f00000| Complete 
|  32|0x0000000082000000, 0x0000000082100000, 0x0000000082100000|100%| O|  |TAMS 0x0000000082100000, 0x0000000082000000| Complete 
|  33|0x0000000082100000, 0x0000000082200000, 0x0000000082200000|100%| O|  |TAMS 0x0000000082200000, 0x0000000082100000| Untracked 
|  34|0x0000000082200000, 0x0000000082300000, 0x0000000082300000|100%| O|  |TAMS 0x0000000082300000, 0x0000000082200000| Complete 
|  35|0x0000000082300000, 0x0000000082400000, 0x0000000082400000|100%| O|  |TAMS 0x0000000082400000, 0x0000000082300000| Untracked 
|  36|0x0000000082400000, 0x0000000082500000, 0x0000000082500000|100%| O|  |TAMS 0x0000000082500000, 0x0000000082400000| Complete 
|  37|0x0000000082500000, 0x0000000082500000, 0x0000000082600000|  0%| F|  |TAMS 0x0000000082500000, 0x0000000082500000| Untracked 
|  38|0x0000000082600000, 0x0000000082700000, 0x0000000082700000|100%| O|  |TAMS 0x0000000082700000, 0x0000000082600000| Untracked 
|  39|0x0000000082700000, 0x0000000082800000, 0x0000000082800000|100%| O|  |TAMS 0x0000000082800000, 0x0000000082700000| Complete 
|  40|0x0000000082800000, 0x0000000082900000, 0x0000000082900000|100%| O|  |TAMS 0x0000000082900000, 0x0000000082800000| Complete 
|  41|0x0000000082900000, 0x0000000082a00000, 0x0000000082a00000|100%| O|  |TAMS 0x0000000082a00000, 0x0000000082900000| Complete 
|  42|0x0000000082a00000, 0x0000000082b00000, 0x0000000082b00000|100%| O|  |TAMS 0x0000000082b00000, 0x0000000082a00000| Complete 
|  43|0x0000000082b00000, 0x0000000082c00000, 0x0000000082c00000|100%| O|  |TAMS 0x0000000082c00000, 0x0000000082b00000| Complete 
|  44|0x0000000082c00000, 0x0000000082d00000, 0x0000000082d00000|100%| O|  |TAMS 0x0000000082d00000, 0x0000000082c00000| Complete 
|  45|0x0000000082d00000, 0x0000000082e00000, 0x0000000082e00000|100%| O|  |TAMS 0x0000000082e00000, 0x0000000082d00000| Complete 
|  46|0x0000000082e00000, 0x0000000082f00000, 0x0000000082f00000|100%|HS|  |TAMS 0x0000000082e00000, 0x0000000082e00000| Complete 
|  47|0x0000000082f00000, 0x0000000083000000, 0x0000000083000000|100%|HC|  |TAMS 0x0000000082f00000, 0x0000000082f00000| Complete 
|  48|0x0000000083000000, 0x0000000083100000, 0x0000000083100000|100%| O|  |TAMS 0x0000000083100000, 0x0000000083000000| Complete 
|  49|0x0000000083100000, 0x0000000083200000, 0x0000000083200000|100%| O|  |TAMS 0x0000000083200000, 0x0000000083100000| Untracked 
|  50|0x0000000083200000, 0x0000000083200000, 0x0000000083300000|  0%| F|  |TAMS 0x0000000083200000, 0x0000000083200000| Untracked 
|  51|0x0000000083300000, 0x0000000083400000, 0x0000000083400000|100%| O|  |TAMS 0x0000000083400000, 0x0000000083300000| Complete 
|  52|0x0000000083400000, 0x0000000083500000, 0x0000000083500000|100%| O|  |TAMS 0x0000000083500000, 0x0000000083400000| Complete 
|  53|0x0000000083500000, 0x0000000083500000, 0x0000000083600000|  0%| F|  |TAMS 0x0000000083500000, 0x0000000083500000| Untracked 
|  54|0x0000000083600000, 0x0000000083700000, 0x0000000083700000|100%| O|  |TAMS 0x0000000083700000, 0x0000000083600000| Complete 
|  55|0x0000000083700000, 0x0000000083800000, 0x0000000083800000|100%| O|  |TAMS 0x0000000083800000, 0x0000000083700000| Untracked 
|  56|0x0000000083800000, 0x0000000083900000, 0x0000000083900000|100%| O|  |TAMS 0x0000000083900000, 0x0000000083800000| Complete 
|  57|0x0000000083900000, 0x0000000083900000, 0x0000000083a00000|  0%| F|  |TAMS 0x0000000083900000, 0x0000000083900000| Untracked 
|  58|0x0000000083a00000, 0x0000000083b00000, 0x0000000083b00000|100%| O|  |TAMS 0x0000000083b00000, 0x0000000083a00000| Untracked 
|  59|0x0000000083b00000, 0x0000000083c00000, 0x0000000083c00000|100%| O|  |TAMS 0x0000000083c00000, 0x0000000083b00000| Complete 
|  60|0x0000000083c00000, 0x0000000083c00000, 0x0000000083d00000|  0%| F|  |TAMS 0x0000000083c00000, 0x0000000083c00000| Untracked 
|  61|0x0000000083d00000, 0x0000000083e00000, 0x0000000083e00000|100%| O|  |TAMS 0x0000000083e00000, 0x0000000083d00000| Complete 
|  62|0x0000000083e00000, 0x0000000083f00000, 0x0000000083f00000|100%| O|  |TAMS 0x0000000083f00000, 0x0000000083e00000| Complete 
|  63|0x0000000083f00000, 0x0000000084000000, 0x0000000084000000|100%| O|  |TAMS 0x0000000084000000, 0x0000000083f00000| Complete 
|  64|0x0000000084000000, 0x0000000084100000, 0x0000000084100000|100%| O|  |TAMS 0x0000000084100000, 0x0000000084000000| Untracked 
|  65|0x0000000084100000, 0x0000000084200000, 0x0000000084200000|100%| O|  |TAMS 0x0000000084200000, 0x0000000084100000| Complete 
|  66|0x0000000084200000, 0x0000000084300000, 0x0000000084300000|100%| O|  |TAMS 0x0000000084300000, 0x0000000084200000| Complete 
|  67|0x0000000084300000, 0x0000000084400000, 0x0000000084400000|100%| O|  |TAMS 0x0000000084400000, 0x0000000084300000| Complete 
|  68|0x0000000084400000, 0x0000000084500000, 0x0000000084500000|100%| O|  |TAMS 0x0000000084500000, 0x0000000084400000| Complete 
|  69|0x0000000084500000, 0x000000008455fa00, 0x0000000084600000| 37%| O|  |TAMS 0x000000008455fa00, 0x0000000084500000| Untracked 
|  70|0x0000000084600000, 0x0000000084700000, 0x0000000084700000|100%| O|  |TAMS 0x0000000084700000, 0x0000000084600000| Complete 
|  71|0x0000000084700000, 0x0000000084700000, 0x0000000084800000|  0%| F|  |TAMS 0x0000000084700000, 0x0000000084700000| Untracked 
|  72|0x0000000084800000, 0x0000000084800000, 0x0000000084900000|  0%| F|  |TAMS 0x0000000084800000, 0x0000000084800000| Untracked 
|  73|0x0000000084900000, 0x0000000084900000, 0x0000000084a00000|  0%| F|  |TAMS 0x0000000084900000, 0x0000000084900000| Untracked 
|  74|0x0000000084a00000, 0x0000000084b00000, 0x0000000084b00000|100%| O|  |TAMS 0x0000000084b00000, 0x0000000084a00000| Complete 
|  75|0x0000000084b00000, 0x0000000084b00000, 0x0000000084c00000|  0%| F|  |TAMS 0x0000000084b00000, 0x0000000084b00000| Untracked 
|  76|0x0000000084c00000, 0x0000000084c00000, 0x0000000084d00000|  0%| F|  |TAMS 0x0000000084c00000, 0x0000000084c00000| Untracked 
|  77|0x0000000084d00000, 0x0000000084e00000, 0x0000000084e00000|100%| O|  |TAMS 0x0000000084e00000, 0x0000000084d00000| Complete 
|  78|0x0000000084e00000, 0x0000000084f00000, 0x0000000084f00000|100%| O|  |TAMS 0x0000000084f00000, 0x0000000084e00000| Complete 
|  79|0x0000000084f00000, 0x0000000085000000, 0x0000000085000000|100%| O|  |TAMS 0x0000000085000000, 0x0000000084f00000| Complete 
|  80|0x0000000085000000, 0x0000000085100000, 0x0000000085100000|100%| O|  |TAMS 0x0000000085100000, 0x0000000085000000| Complete 
|  81|0x0000000085100000, 0x0000000085200000, 0x0000000085200000|100%| O|  |TAMS 0x0000000085200000, 0x0000000085100000| Complete 
|  82|0x0000000085200000, 0x0000000085300000, 0x0000000085300000|100%| O|  |TAMS 0x0000000085300000, 0x0000000085200000| Untracked 
|  83|0x0000000085300000, 0x0000000085400000, 0x0000000085400000|100%| O|  |TAMS 0x0000000085400000, 0x0000000085300000| Complete 
|  84|0x0000000085400000, 0x0000000085500000, 0x0000000085500000|100%| O|  |TAMS 0x0000000085500000, 0x0000000085400000| Complete 
|  85|0x0000000085500000, 0x0000000085500000, 0x0000000085600000|  0%| F|  |TAMS 0x0000000085500000, 0x0000000085500000| Untracked 
|  86|0x0000000085600000, 0x0000000085600000, 0x0000000085700000|  0%| F|  |TAMS 0x0000000085600000, 0x0000000085600000| Untracked 
|  87|0x0000000085700000, 0x0000000085800000, 0x0000000085800000|100%| O|  |TAMS 0x0000000085800000, 0x0000000085700000| Complete 
|  88|0x0000000085800000, 0x0000000085900000, 0x0000000085900000|100%| O|  |TAMS 0x0000000085900000, 0x0000000085800000| Complete 
|  89|0x0000000085900000, 0x0000000085a00000, 0x0000000085a00000|100%| O|  |TAMS 0x0000000085a00000, 0x0000000085900000| Untracked 
|  90|0x0000000085a00000, 0x0000000085a00000, 0x0000000085b00000|  0%| F|  |TAMS 0x0000000085a00000, 0x0000000085a00000| Untracked 
|  91|0x0000000085b00000, 0x0000000085c00000, 0x0000000085c00000|100%| O|  |TAMS 0x0000000085c00000, 0x0000000085b00000| Complete 
|  92|0x0000000085c00000, 0x0000000085c00000, 0x0000000085d00000|  0%| F|  |TAMS 0x0000000085c00000, 0x0000000085c00000| Untracked 
|  93|0x0000000085d00000, 0x0000000085d00000, 0x0000000085e00000|  0%| F|  |TAMS 0x0000000085d00000, 0x0000000085d00000| Untracked 
|  94|0x0000000085e00000, 0x0000000085e00000, 0x0000000085f00000|  0%| F|  |TAMS 0x0000000085e00000, 0x0000000085e00000| Untracked 
|  95|0x0000000085f00000, 0x0000000085f00000, 0x0000000086000000|  0%| F|  |TAMS 0x0000000085f00000, 0x0000000085f00000| Untracked 
|  96|0x0000000086000000, 0x0000000086100000, 0x0000000086100000|100%| O|  |TAMS 0x0000000086100000, 0x0000000086000000| Complete 
|  97|0x0000000086100000, 0x0000000086200000, 0x0000000086200000|100%| O|  |TAMS 0x0000000086200000, 0x0000000086100000| Untracked 
|  98|0x0000000086200000, 0x0000000086200000, 0x0000000086300000|  0%| F|  |TAMS 0x0000000086200000, 0x0000000086200000| Untracked 
|  99|0x0000000086300000, 0x0000000086300000, 0x0000000086400000|  0%| F|  |TAMS 0x0000000086300000, 0x0000000086300000| Untracked 
| 100|0x0000000086400000, 0x0000000086400000, 0x0000000086500000|  0%| F|  |TAMS 0x0000000086400000, 0x0000000086400000| Untracked 
| 101|0x0000000086500000, 0x0000000086500000, 0x0000000086600000|  0%| F|  |TAMS 0x0000000086500000, 0x0000000086500000| Untracked 
| 102|0x0000000086600000, 0x0000000086600000, 0x0000000086700000|  0%| F|  |TAMS 0x0000000086600000, 0x0000000086600000| Untracked 
| 103|0x0000000086700000, 0x0000000086800000, 0x0000000086800000|100%| O|  |TAMS 0x0000000086800000, 0x0000000086700000| Complete 
| 104|0x0000000086800000, 0x0000000086800000, 0x0000000086900000|  0%| F|  |TAMS 0x0000000086800000, 0x0000000086800000| Untracked 
| 105|0x0000000086900000, 0x0000000086900000, 0x0000000086a00000|  0%| F|  |TAMS 0x0000000086900000, 0x0000000086900000| Untracked 
| 106|0x0000000086a00000, 0x0000000086a00000, 0x0000000086b00000|  0%| F|  |TAMS 0x0000000086a00000, 0x0000000086a00000| Untracked 
| 107|0x0000000086b00000, 0x0000000086b00000, 0x0000000086c00000|  0%| F|  |TAMS 0x0000000086b00000, 0x0000000086b00000| Untracked 
| 108|0x0000000086c00000, 0x0000000086c00000, 0x0000000086d00000|  0%| F|  |TAMS 0x0000000086c00000, 0x0000000086c00000| Untracked 
| 109|0x0000000086d00000, 0x0000000086d00000, 0x0000000086e00000|  0%| F|  |TAMS 0x0000000086d00000, 0x0000000086d00000| Untracked 
| 110|0x0000000086e00000, 0x0000000086e00000, 0x0000000086f00000|  0%| F|  |TAMS 0x0000000086e00000, 0x0000000086e00000| Untracked 
| 111|0x0000000086f00000, 0x0000000086f00000, 0x0000000087000000|  0%| F|  |TAMS 0x0000000086f00000, 0x0000000086f00000| Untracked 
| 112|0x0000000087000000, 0x0000000087000000, 0x0000000087100000|  0%| F|  |TAMS 0x0000000087000000, 0x0000000087000000| Untracked 
| 113|0x0000000087100000, 0x0000000087100000, 0x0000000087200000|  0%| F|  |TAMS 0x0000000087100000, 0x0000000087100000| Untracked 
| 114|0x0000000087200000, 0x0000000087200000, 0x0000000087300000|  0%| F|  |TAMS 0x0000000087200000, 0x0000000087200000| Untracked 
| 115|0x0000000087300000, 0x0000000087300000, 0x0000000087400000|  0%| F|  |TAMS 0x0000000087300000, 0x0000000087300000| Untracked 
| 116|0x0000000087400000, 0x0000000087400000, 0x0000000087500000|  0%| F|  |TAMS 0x0000000087400000, 0x0000000087400000| Untracked 
| 117|0x0000000087500000, 0x0000000087500000, 0x0000000087600000|  0%| F|  |TAMS 0x0000000087500000, 0x0000000087500000| Untracked 
| 118|0x0000000087600000, 0x0000000087600000, 0x0000000087700000|  0%| F|  |TAMS 0x0000000087600000, 0x0000000087600000| Untracked 
| 119|0x0000000087700000, 0x0000000087700000, 0x0000000087800000|  0%| F|  |TAMS 0x0000000087700000, 0x0000000087700000| Untracked 
| 120|0x0000000087800000, 0x0000000087800000, 0x0000000087900000|  0%| F|  |TAMS 0x0000000087800000, 0x0000000087800000| Untracked 
| 121|0x0000000087900000, 0x0000000087900000, 0x0000000087a00000|  0%| F|  |TAMS 0x0000000087900000, 0x0000000087900000| Untracked 
| 122|0x0000000087a00000, 0x0000000087a00000, 0x0000000087b00000|  0%| F|  |TAMS 0x0000000087a00000, 0x0000000087a00000| Untracked 
| 123|0x0000000087b00000, 0x0000000087b00000, 0x0000000087c00000|  0%| F|  |TAMS 0x0000000087b00000, 0x0000000087b00000| Untracked 
| 124|0x0000000087c00000, 0x0000000087c00000, 0x0000000087d00000|  0%| F|  |TAMS 0x0000000087c00000, 0x0000000087c00000| Untracked 
| 125|0x0000000087d00000, 0x0000000087d00000, 0x0000000087e00000|  0%| F|  |TAMS 0x0000000087d00000, 0x0000000087d00000| Untracked 
| 126|0x0000000087e00000, 0x0000000087f00000, 0x0000000087f00000|100%| O|  |TAMS 0x0000000087f00000, 0x0000000087e00000| Complete 
| 127|0x0000000087f00000, 0x0000000088000000, 0x0000000088000000|100%| O|  |TAMS 0x0000000088000000, 0x0000000087f00000| Complete 
| 128|0x0000000088000000, 0x0000000088000000, 0x0000000088100000|  0%| F|  |TAMS 0x0000000088000000, 0x0000000088000000| Untracked 
| 129|0x0000000088100000, 0x0000000088100000, 0x0000000088200000|  0%| F|  |TAMS 0x0000000088100000, 0x0000000088100000| Untracked 
| 130|0x0000000088200000, 0x0000000088200000, 0x0000000088300000|  0%| F|  |TAMS 0x0000000088200000, 0x0000000088200000| Untracked 
| 131|0x0000000088300000, 0x0000000088300000, 0x0000000088400000|  0%| F|  |TAMS 0x0000000088300000, 0x0000000088300000| Untracked 
| 132|0x0000000088400000, 0x0000000088400000, 0x0000000088500000|  0%| F|  |TAMS 0x0000000088400000, 0x0000000088400000| Untracked 
| 133|0x0000000088500000, 0x0000000088500000, 0x0000000088600000|  0%| F|  |TAMS 0x0000000088500000, 0x0000000088500000| Untracked 
| 134|0x0000000088600000, 0x0000000088600000, 0x0000000088700000|  0%| F|  |TAMS 0x0000000088600000, 0x0000000088600000| Untracked 
| 135|0x0000000088700000, 0x0000000088700000, 0x0000000088800000|  0%| F|  |TAMS 0x0000000088700000, 0x0000000088700000| Untracked 
| 136|0x0000000088800000, 0x0000000088800000, 0x0000000088900000|  0%| F|  |TAMS 0x0000000088800000, 0x0000000088800000| Untracked 
| 137|0x0000000088900000, 0x0000000088900000, 0x0000000088a00000|  0%| F|  |TAMS 0x0000000088900000, 0x0000000088900000| Untracked 
| 138|0x0000000088a00000, 0x0000000088a00000, 0x0000000088b00000|  0%| F|  |TAMS 0x0000000088a00000, 0x0000000088a00000| Untracked 
| 139|0x0000000088b00000, 0x0000000088b00000, 0x0000000088c00000|  0%| F|  |TAMS 0x0000000088b00000, 0x0000000088b00000| Untracked 
| 140|0x0000000088c00000, 0x0000000088c00000, 0x0000000088d00000|  0%| F|  |TAMS 0x0000000088c00000, 0x0000000088c00000| Untracked 
| 141|0x0000000088d00000, 0x0000000088d00000, 0x0000000088e00000|  0%| F|  |TAMS 0x0000000088d00000, 0x0000000088d00000| Untracked 
| 142|0x0000000088e00000, 0x0000000088e00000, 0x0000000088f00000|  0%| F|  |TAMS 0x0000000088e00000, 0x0000000088e00000| Untracked 
| 143|0x0000000088f00000, 0x0000000088f00000, 0x0000000089000000|  0%| F|  |TAMS 0x0000000088f00000, 0x0000000088f00000| Untracked 
| 144|0x0000000089000000, 0x0000000089000000, 0x0000000089100000|  0%| F|  |TAMS 0x0000000089000000, 0x0000000089000000| Untracked 
| 145|0x0000000089100000, 0x0000000089100000, 0x0000000089200000|  0%| F|  |TAMS 0x0000000089100000, 0x0000000089100000| Untracked 
| 146|0x0000000089200000, 0x0000000089200000, 0x0000000089300000|  0%| F|  |TAMS 0x0000000089200000, 0x0000000089200000| Untracked 
| 147|0x0000000089300000, 0x0000000089300000, 0x0000000089400000|  0%| F|  |TAMS 0x0000000089300000, 0x0000000089300000| Untracked 
| 148|0x0000000089400000, 0x0000000089400000, 0x0000000089500000|  0%| F|  |TAMS 0x0000000089400000, 0x0000000089400000| Untracked 
| 149|0x0000000089500000, 0x0000000089500000, 0x0000000089600000|  0%| F|  |TAMS 0x0000000089500000, 0x0000000089500000| Untracked 
| 150|0x0000000089600000, 0x0000000089600000, 0x0000000089700000|  0%| F|  |TAMS 0x0000000089600000, 0x0000000089600000| Untracked 
| 151|0x0000000089700000, 0x0000000089700000, 0x0000000089800000|  0%| F|  |TAMS 0x0000000089700000, 0x0000000089700000| Untracked 
| 152|0x0000000089800000, 0x0000000089800000, 0x0000000089900000|  0%| F|  |TAMS 0x0000000089800000, 0x0000000089800000| Untracked 
| 153|0x0000000089900000, 0x0000000089900000, 0x0000000089a00000|  0%| F|  |TAMS 0x0000000089900000, 0x0000000089900000| Untracked 
| 154|0x0000000089a00000, 0x0000000089a00000, 0x0000000089b00000|  0%| F|  |TAMS 0x0000000089a00000, 0x0000000089a00000| Untracked 
| 155|0x0000000089b00000, 0x0000000089b00000, 0x0000000089c00000|  0%| F|  |TAMS 0x0000000089b00000, 0x0000000089b00000| Untracked 
| 156|0x0000000089c00000, 0x0000000089c00000, 0x0000000089d00000|  0%| F|  |TAMS 0x0000000089c00000, 0x0000000089c00000| Untracked 
| 157|0x0000000089d00000, 0x0000000089d00000, 0x0000000089e00000|  0%| F|  |TAMS 0x0000000089d00000, 0x0000000089d00000| Untracked 
| 158|0x0000000089e00000, 0x0000000089e00000, 0x0000000089f00000|  0%| F|  |TAMS 0x0000000089e00000, 0x0000000089e00000| Untracked 
| 159|0x0000000089f00000, 0x0000000089f00000, 0x000000008a000000|  0%| F|  |TAMS 0x0000000089f00000, 0x0000000089f00000| Untracked 
| 160|0x000000008a000000, 0x000000008a000000, 0x000000008a100000|  0%| F|  |TAMS 0x000000008a000000, 0x000000008a000000| Untracked 
| 161|0x000000008a100000, 0x000000008a100000, 0x000000008a200000|  0%| F|  |TAMS 0x000000008a100000, 0x000000008a100000| Untracked 
| 162|0x000000008a200000, 0x000000008a200000, 0x000000008a300000|  0%| F|  |TAMS 0x000000008a200000, 0x000000008a200000| Untracked 
| 163|0x000000008a300000, 0x000000008a300000, 0x000000008a400000|  0%| F|  |TAMS 0x000000008a300000, 0x000000008a300000| Untracked 
| 164|0x000000008a400000, 0x000000008a400000, 0x000000008a500000|  0%| F|  |TAMS 0x000000008a400000, 0x000000008a400000| Untracked 
| 165|0x000000008a500000, 0x000000008a500000, 0x000000008a600000|  0%| F|  |TAMS 0x000000008a500000, 0x000000008a500000| Untracked 
| 166|0x000000008a600000, 0x000000008a600000, 0x000000008a700000|  0%| F|  |TAMS 0x000000008a600000, 0x000000008a600000| Untracked 
| 167|0x000000008a700000, 0x000000008a700000, 0x000000008a800000|  0%| F|  |TAMS 0x000000008a700000, 0x000000008a700000| Untracked 
| 168|0x000000008a800000, 0x000000008a800000, 0x000000008a900000|  0%| F|  |TAMS 0x000000008a800000, 0x000000008a800000| Untracked 
| 169|0x000000008a900000, 0x000000008a900000, 0x000000008aa00000|  0%| F|  |TAMS 0x000000008a900000, 0x000000008a900000| Untracked 
| 170|0x000000008aa00000, 0x000000008aa00000, 0x000000008ab00000|  0%| F|  |TAMS 0x000000008aa00000, 0x000000008aa00000| Untracked 
| 171|0x000000008ab00000, 0x000000008ab00000, 0x000000008ac00000|  0%| F|  |TAMS 0x000000008ab00000, 0x000000008ab00000| Untracked 
| 172|0x000000008ac00000, 0x000000008ac00000, 0x000000008ad00000|  0%| F|  |TAMS 0x000000008ac00000, 0x000000008ac00000| Untracked 
| 173|0x000000008ad00000, 0x000000008ad00000, 0x000000008ae00000|  0%| F|  |TAMS 0x000000008ad00000, 0x000000008ad00000| Untracked 
| 174|0x000000008ae00000, 0x000000008ae00000, 0x000000008af00000|  0%| F|  |TAMS 0x000000008ae00000, 0x000000008ae00000| Untracked 
| 175|0x000000008af00000, 0x000000008af00000, 0x000000008b000000|  0%| F|  |TAMS 0x000000008af00000, 0x000000008af00000| Untracked 
| 176|0x000000008b000000, 0x000000008b000000, 0x000000008b100000|  0%| F|  |TAMS 0x000000008b000000, 0x000000008b000000| Untracked 
| 177|0x000000008b100000, 0x000000008b100000, 0x000000008b200000|  0%| F|  |TAMS 0x000000008b100000, 0x000000008b100000| Untracked 
| 178|0x000000008b200000, 0x000000008b200000, 0x000000008b300000|  0%| F|  |TAMS 0x000000008b200000, 0x000000008b200000| Untracked 
| 179|0x000000008b300000, 0x000000008b300000, 0x000000008b400000|  0%| F|  |TAMS 0x000000008b300000, 0x000000008b300000| Untracked 
| 180|0x000000008b400000, 0x000000008b400000, 0x000000008b500000|  0%| F|  |TAMS 0x000000008b400000, 0x000000008b400000| Untracked 
| 181|0x000000008b500000, 0x000000008b5c5e68, 0x000000008b600000| 77%| S|CS|TAMS 0x000000008b500000, 0x000000008b500000| Complete 
| 182|0x000000008b600000, 0x000000008b700000, 0x000000008b700000|100%| S|CS|TAMS 0x000000008b600000, 0x000000008b600000| Complete 
| 183|0x000000008b700000, 0x000000008b800000, 0x000000008b800000|100%| S|CS|TAMS 0x000000008b700000, 0x000000008b700000| Complete 
| 184|0x000000008b800000, 0x000000008b900000, 0x000000008b900000|100%| S|CS|TAMS 0x000000008b800000, 0x000000008b800000| Complete 
| 185|0x000000008b900000, 0x000000008ba00000, 0x000000008ba00000|100%| S|CS|TAMS 0x000000008b900000, 0x000000008b900000| Complete 
| 186|0x000000008ba00000, 0x000000008ba00000, 0x000000008bb00000|  0%| F|  |TAMS 0x000000008ba00000, 0x000000008ba00000| Untracked 
| 187|0x000000008bb00000, 0x000000008bb00000, 0x000000008bc00000|  0%| F|  |TAMS 0x000000008bb00000, 0x000000008bb00000| Untracked 
| 188|0x000000008bc00000, 0x000000008bc00000, 0x000000008bd00000|  0%| F|  |TAMS 0x000000008bc00000, 0x000000008bc00000| Untracked 
| 189|0x000000008bd00000, 0x000000008bd00000, 0x000000008be00000|  0%| F|  |TAMS 0x000000008bd00000, 0x000000008bd00000| Untracked 
| 190|0x000000008be00000, 0x000000008be00000, 0x000000008bf00000|  0%| F|  |TAMS 0x000000008be00000, 0x000000008be00000| Untracked 
| 191|0x000000008bf00000, 0x000000008bf00000, 0x000000008c000000|  0%| F|  |TAMS 0x000000008bf00000, 0x000000008bf00000| Untracked 
| 192|0x000000008c000000, 0x000000008c000000, 0x000000008c100000|  0%| F|  |TAMS 0x000000008c000000, 0x000000008c000000| Untracked 
| 193|0x000000008c100000, 0x000000008c100000, 0x000000008c200000|  0%| F|  |TAMS 0x000000008c100000, 0x000000008c100000| Untracked 
| 194|0x000000008c200000, 0x000000008c200000, 0x000000008c300000|  0%| F|  |TAMS 0x000000008c200000, 0x000000008c200000| Untracked 
| 195|0x000000008c300000, 0x000000008c300000, 0x000000008c400000|  0%| F|  |TAMS 0x000000008c300000, 0x000000008c300000| Untracked 
| 196|0x000000008c400000, 0x000000008c400000, 0x000000008c500000|  0%| F|  |TAMS 0x000000008c400000, 0x000000008c400000| Untracked 
| 197|0x000000008c500000, 0x000000008c500000, 0x000000008c600000|  0%| F|  |TAMS 0x000000008c500000, 0x000000008c500000| Untracked 
| 198|0x000000008c600000, 0x000000008c600000, 0x000000008c700000|  0%| F|  |TAMS 0x000000008c600000, 0x000000008c600000| Untracked 
| 199|0x000000008c700000, 0x000000008c700000, 0x000000008c800000|  0%| F|  |TAMS 0x000000008c700000, 0x000000008c700000| Untracked 
| 200|0x000000008c800000, 0x000000008c800000, 0x000000008c900000|  0%| F|  |TAMS 0x000000008c800000, 0x000000008c800000| Untracked 
| 201|0x000000008c900000, 0x000000008c900000, 0x000000008ca00000|  0%| F|  |TAMS 0x000000008c900000, 0x000000008c900000| Untracked 
| 202|0x000000008ca00000, 0x000000008ca00000, 0x000000008cb00000|  0%| F|  |TAMS 0x000000008ca00000, 0x000000008ca00000| Untracked 
| 203|0x000000008cb00000, 0x000000008cb00000, 0x000000008cc00000|  0%| F|  |TAMS 0x000000008cb00000, 0x000000008cb00000| Untracked 
| 204|0x000000008cc00000, 0x000000008cc00000, 0x000000008cd00000|  0%| F|  |TAMS 0x000000008cc00000, 0x000000008cc00000| Untracked 
| 205|0x000000008cd00000, 0x000000008cd00000, 0x000000008ce00000|  0%| F|  |TAMS 0x000000008cd00000, 0x000000008cd00000| Untracked 
| 206|0x000000008ce00000, 0x000000008ce00000, 0x000000008cf00000|  0%| F|  |TAMS 0x000000008ce00000, 0x000000008ce00000| Untracked 
| 207|0x000000008cf00000, 0x000000008cf00000, 0x000000008d000000|  0%| F|  |TAMS 0x000000008cf00000, 0x000000008cf00000| Untracked 
| 208|0x000000008d000000, 0x000000008d000000, 0x000000008d100000|  0%| F|  |TAMS 0x000000008d000000, 0x000000008d000000| Untracked 
| 209|0x000000008d100000, 0x000000008d100000, 0x000000008d200000|  0%| F|  |TAMS 0x000000008d100000, 0x000000008d100000| Untracked 
| 210|0x000000008d200000, 0x000000008d200000, 0x000000008d300000|  0%| F|  |TAMS 0x000000008d200000, 0x000000008d200000| Untracked 
| 211|0x000000008d300000, 0x000000008d353498, 0x000000008d400000| 32%| E|  |TAMS 0x000000008d300000, 0x000000008d300000| Complete 
| 212|0x000000008d400000, 0x000000008d500000, 0x000000008d500000|100%| E|CS|TAMS 0x000000008d400000, 0x000000008d400000| Complete 
| 213|0x000000008d500000, 0x000000008d600000, 0x000000008d600000|100%| E|CS|TAMS 0x000000008d500000, 0x000000008d500000| Complete 
| 214|0x000000008d600000, 0x000000008d700000, 0x000000008d700000|100%| E|CS|TAMS 0x000000008d600000, 0x000000008d600000| Complete 
| 215|0x000000008d700000, 0x000000008d800000, 0x000000008d800000|100%| E|  |TAMS 0x000000008d700000, 0x000000008d700000| Complete 
| 216|0x000000008d800000, 0x000000008d900000, 0x000000008d900000|100%| E|CS|TAMS 0x000000008d800000, 0x000000008d800000| Complete 
| 217|0x000000008d900000, 0x000000008da00000, 0x000000008da00000|100%| E|CS|TAMS 0x000000008d900000, 0x000000008d900000| Complete 
| 218|0x000000008da00000, 0x000000008db00000, 0x000000008db00000|100%| E|CS|TAMS 0x000000008da00000, 0x000000008da00000| Complete 
| 219|0x000000008db00000, 0x000000008dc00000, 0x000000008dc00000|100%| E|CS|TAMS 0x000000008db00000, 0x000000008db00000| Complete 
| 220|0x000000008dc00000, 0x000000008dd00000, 0x000000008dd00000|100%| E|CS|TAMS 0x000000008dc00000, 0x000000008dc00000| Complete 
| 221|0x000000008dd00000, 0x000000008de00000, 0x000000008de00000|100%| E|CS|TAMS 0x000000008dd00000, 0x000000008dd00000| Complete 

Card table byte_map: [0x000002a5bbef0000,0x000002a5bc2f0000] _byte_map_base: 0x000002a5bbaf0000

Marking Bits (Prev, Next): (CMBitMap*) 0x000002a5a6bceac8, (CMBitMap*) 0x000002a5a6bceb00
 Prev Bits: [0x000002a5bc6f0000, 0x000002a5be6f0000)
 Next Bits: [0x000002a5be6f0000, 0x000002a5c06f0000)

Polling page: 0x000002a5a6980000

Metaspace:

Usage:
  Non-class:    115.55 MB capacity,   112.87 MB ( 98%) used,     2.17 MB (  2%) free+waste,   528.25 KB ( <1%) overhead. 
      Class:     16.89 MB capacity,    15.37 MB ( 91%) used,     1.30 MB (  8%) free+waste,   224.63 KB (  1%) overhead. 
       Both:    132.44 MB capacity,   128.24 MB ( 97%) used,     3.46 MB (  3%) free+waste,   752.88 KB ( <1%) overhead. 

Virtual space:
  Non-class space:      116.00 MB reserved,     115.68 MB (>99%) committed 
      Class space:        1.00 GB reserved,      17.07 MB (  2%) committed 
             Both:        1.11 GB reserved,     132.75 MB ( 12%) committed 

Chunk freelists:
   Non-Class:  65.00 KB
       Class:  115.00 KB
        Both:  180.00 KB

MaxMetaspaceSize: 17179869184.00 GB
CompressedClassSpaceSize: 1.00 GB

CodeHeap 'non-profiled nmethods': size=120000Kb used=28170Kb max_used=28170Kb free=91829Kb
 bounds [0x000002a5b3920000, 0x000002a5b54b0000, 0x000002a5bae50000]
CodeHeap 'profiled nmethods': size=120000Kb used=62136Kb max_used=64275Kb free=57863Kb
 bounds [0x000002a5ac3f0000, 0x000002a5b0390000, 0x000002a5b3920000]
CodeHeap 'non-nmethods': size=5760Kb used=2359Kb max_used=2440Kb free=3400Kb
 bounds [0x000002a5abe50000, 0x000002a5ac0c0000, 0x000002a5ac3f0000]
 total_blobs=29172 nmethods=28193 adapters=888
 compilation: enabled
              stopped_count=0, restarted_count=0
 full_count=0

Compilation events (20 events):
Event: 9779.641 Thread 0x000002a5c3d8e800 35518       1       org.gradle.jvm.toolchain.internal.DefaultJavaLanguageVersion::hashCode (5 bytes)
Event: 9779.641 Thread 0x000002a5c3d8e800 nmethod 35518 0x000002a5b4bab310 code [0x000002a5b4bab4c0, 0x000002a5b4bab578]
Event: 9779.641 Thread 0x000002a5c3d8e800 35519       3       java.io.FileReader::<init> (13 bytes)
Event: 9779.641 Thread 0x000002a5c3d8e800 nmethod 35519 0x000002a5ad1b0590 code [0x000002a5ad1b07e0, 0x000002a5ad1b0eb8]
Event: 9779.641 Thread 0x000002a5c3d8d000 nmethod 35509 0x000002a5b4c21e90 code [0x000002a5b4c22060, 0x000002a5b4c222e8]
Event: 9779.641 Thread 0x000002a5c3d8d000 35520   !   4       com.google.gson.Gson::getAdapter (258 bytes)
Event: 9779.647 Thread 0x000002a5c3d8e800 35521       3       org.gradle.api.internal.tasks.compile.incremental.deps.ClassSetAnalysisData::getConstants (24 bytes)
Event: 9779.647 Thread 0x000002a5c3d8e800 nmethod 35521 0x000002a5ac883290 code [0x000002a5ac883460, 0x000002a5ac883788]
Event: 9779.647 Thread 0x000002a5c3d8e800 35522       3       org.gradle.api.internal.tasks.compile.incremental.recomp.DefaultSourceFileClassNameConverter::getRelativeSourcePath (17 bytes)
Event: 9779.647 Thread 0x000002a5c3d8e800 nmethod 35522 0x000002a5acd3b590 code [0x000002a5acd3b7a0, 0x000002a5acd3be78]
Event: 9779.658 Thread 0x000002a5c3d8e800 35523       3       java.io.OutputStreamWriter::<init> (30 bytes)
Event: 9779.659 Thread 0x000002a5c3d8e800 nmethod 35523 0x000002a5ad21da10 code [0x000002a5ad21dc80, 0x000002a5ad21e6f8]
Event: 9779.659 Thread 0x000002a5c3d8e800 35524       3       java.util.regex.Pattern::quote (131 bytes)
Event: 9779.659 Thread 0x000002a5c3d8e800 nmethod 35524 0x000002a5ad85d890 code [0x000002a5ad85dc60, 0x000002a5ad85f2b8]
Event: 9779.687 Thread 0x000002a5c3d8e800 35526       3       com.sun.tools.javac.util.Convert::string2int (109 bytes)
Event: 9779.688 Thread 0x000002a5c3d8e800 nmethod 35526 0x000002a5ad229510 code [0x000002a5ad229780, 0x000002a5ad22a178]
Event: 9779.709 Thread 0x000002a5c3d8d000 nmethod 35520 0x000002a5b54a0c10 code [0x000002a5b54a1000, 0x000002a5b54a4588]
Event: 9779.709 Thread 0x000002a5c3d8d000 35527 % !   4       jdk.nio.zipfs.ZipFileSystem::iteratorOf @ 54 (154 bytes)
Event: 9779.736 Thread 0x000002a5c3d8d000 nmethod 35527% 0x000002a5b54a6610 code [0x000002a5b54a6840, 0x000002a5b54a7ae8]
Event: 9779.737 Thread 0x000002a5c3d8d000 35525 %     4       java.util.zip.ZipFile$Source::initCEN @ 223 (658 bytes)

GC Heap History (20 events):
Event: 9344.485 GC heap before
{Heap before GC invocations=293 (full 0):
 garbage-first heap   total 227328K, used 120785K [0x0000000080000000, 0x0000000100000000)
  region size 1024K, 36 young (36864K), 2 survivors (2048K)
 Metaspace       used 131109K, capacity 135527K, committed 135936K, reserved 1167360K
  class space    used 15740K, capacity 17301K, committed 17484K, reserved 1048576K
}
Event: 9344.495 GC heap after
{Heap after GC invocations=294 (full 0):
 garbage-first heap   total 227328K, used 91805K [0x0000000080000000, 0x0000000100000000)
  region size 1024K, 5 young (5120K), 5 survivors (5120K)
 Metaspace       used 131109K, capacity 135527K, committed 135936K, reserved 1167360K
  class space    used 15740K, capacity 17301K, committed 17484K, reserved 1048576K
}
Event: 9425.318 GC heap before
{Heap before GC invocations=295 (full 0):
 garbage-first heap   total 227328K, used 180893K [0x0000000080000000, 0x0000000100000000)
  region size 1024K, 82 young (83968K), 5 survivors (5120K)
 Metaspace       used 131132K, capacity 135528K, committed 135936K, reserved 1167360K
  class space    used 15740K, capacity 17301K, committed 17484K, reserved 1048576K
}
Event: 9425.322 GC heap after
{Heap after GC invocations=296 (full 0):
 garbage-first heap   total 227328K, used 95084K [0x0000000080000000, 0x0000000100000000)
  region size 1024K, 6 young (6144K), 6 survivors (6144K)
 Metaspace       used 131132K, capacity 135528K, committed 135936K, reserved 1167360K
  class space    used 15740K, capacity 17301K, committed 17484K, reserved 1048576K
}
Event: 9425.341 GC heap before
{Heap before GC invocations=296 (full 0):
 garbage-first heap   total 227328K, used 100204K [0x0000000080000000, 0x0000000100000000)
  region size 1024K, 11 young (11264K), 6 survivors (6144K)
 Metaspace       used 131134K, capacity 135528K, committed 135936K, reserved 1167360K
  class space    used 15740K, capacity 17301K, committed 17484K, reserved 1048576K
}
Event: 9425.349 GC heap after
{Heap after GC invocations=297 (full 0):
 garbage-first heap   total 227328K, used 89744K [0x0000000080000000, 0x0000000100000000)
  region size 1024K, 2 young (2048K), 2 survivors (2048K)
 Metaspace       used 131134K, capacity 135528K, committed 135936K, reserved 1167360K
  class space    used 15740K, capacity 17301K, committed 17484K, reserved 1048576K
}
Event: 9425.478 GC heap before
{Heap before GC invocations=297 (full 0):
 garbage-first heap   total 227328K, used 112272K [0x0000000080000000, 0x0000000100000000)
  region size 1024K, 26 young (26624K), 2 survivors (2048K)
 Metaspace       used 131189K, capacity 135593K, committed 135936K, reserved 1167360K
  class space    used 15740K, capacity 17301K, committed 17484K, reserved 1048576K
}
Event: 9425.487 GC heap after
{Heap after GC invocations=298 (full 0):
 garbage-first heap   total 227328K, used 92175K [0x0000000080000000, 0x0000000100000000)
  region size 1024K, 5 young (5120K), 5 survivors (5120K)
 Metaspace       used 131189K, capacity 135593K, committed 135936K, reserved 1167360K
  class space    used 15740K, capacity 17301K, committed 17484K, reserved 1048576K
}
Event: 9594.298 GC heap before
{Heap before GC invocations=299 (full 0):
 garbage-first heap   total 227328K, used 175119K [0x0000000080000000, 0x0000000100000000)
  region size 1024K, 76 young (77824K), 5 survivors (5120K)
 Metaspace       used 131252K, capacity 135661K, committed 135936K, reserved 1167360K
  class space    used 15741K, capacity 17301K, committed 17484K, reserved 1048576K
}
Event: 9594.302 GC heap after
{Heap after GC invocations=300 (full 0):
 garbage-first heap   total 227328K, used 94799K [0x0000000080000000, 0x0000000100000000)
  region size 1024K, 5 young (5120K), 5 survivors (5120K)
 Metaspace       used 131252K, capacity 135661K, committed 135936K, reserved 1167360K
  class space    used 15741K, capacity 17301K, committed 17484K, reserved 1048576K
}
Event: 9594.323 GC heap before
{Heap before GC invocations=300 (full 0):
 garbage-first heap   total 227328K, used 100943K [0x0000000080000000, 0x0000000100000000)
  region size 1024K, 11 young (11264K), 5 survivors (5120K)
 Metaspace       used 131252K, capacity 135661K, committed 135936K, reserved 1167360K
  class space    used 15741K, capacity 17301K, committed 17484K, reserved 1048576K
}
Event: 9594.329 GC heap after
{Heap after GC invocations=301 (full 0):
 garbage-first heap   total 227328K, used 88258K [0x0000000080000000, 0x0000000100000000)
  region size 1024K, 2 young (2048K), 2 survivors (2048K)
 Metaspace       used 131252K, capacity 135661K, committed 135936K, reserved 1167360K
  class space    used 15741K, capacity 17301K, committed 17484K, reserved 1048576K
}
Event: 9594.571 GC heap before
{Heap before GC invocations=301 (full 0):
 garbage-first heap   total 227328K, used 124098K [0x0000000080000000, 0x0000000100000000)
  region size 1024K, 39 young (39936K), 2 survivors (2048K)
 Metaspace       used 131298K, capacity 135661K, committed 135936K, reserved 1167360K
  class space    used 15742K, capacity 17301K, committed 17484K, reserved 1048576K
}
Event: 9594.584 GC heap after
{Heap after GC invocations=302 (full 0):
 garbage-first heap   total 227328K, used 92181K [0x0000000080000000, 0x0000000100000000)
  region size 1024K, 5 young (5120K), 5 survivors (5120K)
 Metaspace       used 131298K, capacity 135661K, committed 135936K, reserved 1167360K
  class space    used 15742K, capacity 17301K, committed 17484K, reserved 1048576K
}
Event: 9779.493 GC heap before
{Heap before GC invocations=303 (full 0):
 garbage-first heap   total 227328K, used 182293K [0x0000000080000000, 0x0000000100000000)
  region size 1024K, 83 young (84992K), 5 survivors (5120K)
 Metaspace       used 131297K, capacity 135616K, committed 135936K, reserved 1167360K
  class space    used 15738K, capacity 17293K, committed 17484K, reserved 1048576K
}
Event: 9779.498 GC heap after
{Heap after GC invocations=304 (full 0):
 garbage-first heap   total 227328K, used 95660K [0x0000000080000000, 0x0000000100000000)
  region size 1024K, 7 young (7168K), 7 survivors (7168K)
 Metaspace       used 131297K, capacity 135616K, committed 135936K, reserved 1167360K
  class space    used 15738K, capacity 17293K, committed 17484K, reserved 1048576K
}
Event: 9779.515 GC heap before
{Heap before GC invocations=304 (full 0):
 garbage-first heap   total 227328K, used 99756K [0x0000000080000000, 0x0000000100000000)
  region size 1024K, 11 young (11264K), 7 survivors (7168K)
 Metaspace       used 131297K, capacity 135616K, committed 135936K, reserved 1167360K
  class space    used 15738K, capacity 17293K, committed 17484K, reserved 1048576K
}
Event: 9779.520 GC heap after
{Heap after GC invocations=305 (full 0):
 garbage-first heap   total 227328K, used 84562K [0x0000000080000000, 0x0000000100000000)
  region size 1024K, 2 young (2048K), 2 survivors (2048K)
 Metaspace       used 131297K, capacity 135616K, committed 135936K, reserved 1167360K
  class space    used 15738K, capacity 17293K, committed 17484K, reserved 1048576K
}
Event: 9779.690 GC heap before
{Heap before GC invocations=305 (full 0):
 garbage-first heap   total 227328K, used 117330K [0x0000000080000000, 0x0000000100000000)
  region size 1024K, 36 young (36864K), 2 survivors (2048K)
 Metaspace       used 131315K, capacity 135616K, committed 135936K, reserved 1167360K
  class space    used 15738K, capacity 17293K, committed 17484K, reserved 1048576K
}
Event: 9779.701 GC heap after
{Heap after GC invocations=306 (full 0):
 garbage-first heap   total 227328K, used 88214K [0x0000000080000000, 0x0000000100000000)
  region size 1024K, 5 young (5120K), 5 survivors (5120K)
 Metaspace       used 131315K, capacity 135616K, committed 135936K, reserved 1167360K
  class space    used 15738K, capacity 17293K, committed 17484K, reserved 1048576K
}

Deoptimization events (20 events):
Event: 9318.369 Thread 0x000002a5c9bfc800 Uncommon trap: trap_request=0xffffff6e fr.pc=0x000002a5b53a16a4 relative=0x0000000000001324
Event: 9318.369 Thread 0x000002a5c9bfc800 Uncommon trap: reason=speculate_class_check action=maybe_recompile pc=0x000002a5b53a16a4 method=java.io.ObjectOutputStream.verifySubclass()V @ 8 c2
Event: 9318.369 Thread 0x000002a5c9bfc800 DEOPT PACKING pc=0x000002a5b53a16a4 sp=0x000000f570efe9f0
Event: 9318.369 Thread 0x000002a5c9bfc800 DEOPT UNPACKING pc=0x000002a5abe778af sp=0x000000f570efe958 mode 2
Event: 9344.898 Thread 0x000002a5c78e8800 Uncommon trap: trap_request=0xffffff6e fr.pc=0x000002a5b53a16a4 relative=0x0000000000001324
Event: 9344.898 Thread 0x000002a5c78e8800 Uncommon trap: reason=speculate_class_check action=maybe_recompile pc=0x000002a5b53a16a4 method=java.io.ObjectOutputStream.verifySubclass()V @ 8 c2
Event: 9344.898 Thread 0x000002a5c78e8800 DEOPT PACKING pc=0x000002a5b53a16a4 sp=0x000000f570eff0d0
Event: 9344.898 Thread 0x000002a5c78e8800 DEOPT UNPACKING pc=0x000002a5abe778af sp=0x000000f570eff038 mode 2
Event: 9425.687 Thread 0x000002a5c9f82800 DEOPT PACKING pc=0x000002a5ae44c061 sp=0x000000f5737f95a0
Event: 9425.687 Thread 0x000002a5c9f82800 DEOPT UNPACKING pc=0x000002a5abe776ce sp=0x000000f5737f8a28 mode 0
Event: 9425.863 Thread 0x000002a5c78ea000 DEOPT PACKING pc=0x000002a5affa9c14 sp=0x000000f575afd930
Event: 9425.863 Thread 0x000002a5c78ea000 DEOPT UNPACKING pc=0x000002a5abe776ce sp=0x000000f575afcdf8 mode 0
Event: 9425.914 Thread 0x000002a5c4b4a800 Uncommon trap: trap_request=0xffffff6e fr.pc=0x000002a5b53a16a4 relative=0x0000000000001324
Event: 9425.914 Thread 0x000002a5c4b4a800 Uncommon trap: reason=speculate_class_check action=maybe_recompile pc=0x000002a5b53a16a4 method=java.io.ObjectOutputStream.verifySubclass()V @ 8 c2
Event: 9425.914 Thread 0x000002a5c4b4a800 DEOPT PACKING pc=0x000002a5b53a16a4 sp=0x000000f570efebf0
Event: 9425.914 Thread 0x000002a5c4b4a800 DEOPT UNPACKING pc=0x000002a5abe778af sp=0x000000f570efeb58 mode 2
Event: 9594.367 Thread 0x000002a5c78e7000 DEOPT PACKING pc=0x000002a5b53c1970 sp=0x000000f5708f8b80
Event: 9594.367 Thread 0x000002a5c78e7000 DEOPT UNPACKING pc=0x000002a5abe776ce sp=0x000000f5708f7f68 mode 0
Event: 9779.482 Thread 0x000002a5c4b49000 DEOPT PACKING pc=0x000002a5ae8e615f sp=0x000000f5708f9330
Event: 9779.482 Thread 0x000002a5c4b49000 DEOPT UNPACKING pc=0x000002a5abe776ce sp=0x000000f5708f8780 mode 0

Classes redefined (0 events):
No events

Internal exceptions (20 events):
Event: 9594.853 Thread 0x000002a5c9f8b800 Exception <a 'sun/nio/fs/WindowsException'{0x000000008bf06ed8}> (0x000000008bf06ed8) thrown at [./src/hotspot/share/prims/jni.cpp, line 615]
Event: 9594.913 Thread 0x000002a5c9c02000 Exception <a 'sun/nio/fs/WindowsException'{0x000000008b1e5c08}> (0x000000008b1e5c08) thrown at [./src/hotspot/share/prims/jni.cpp, line 615]
Event: 9594.913 Thread 0x000002a5c9bff000 Exception <a 'sun/nio/fs/WindowsException'{0x000000008b01aee0}> (0x000000008b01aee0) thrown at [./src/hotspot/share/prims/jni.cpp, line 615]
Event: 9594.915 Thread 0x000002a5c9bfc800 Exception <a 'sun/nio/fs/WindowsException'{0x000000008af34aa8}> (0x000000008af34aa8) thrown at [./src/hotspot/share/prims/jni.cpp, line 615]
Event: 9594.933 Thread 0x000002a5c9bff000 Exception <a 'sun/nio/fs/WindowsException'{0x000000008aa19968}> (0x000000008aa19968) thrown at [./src/hotspot/share/prims/jni.cpp, line 615]
Event: 9594.935 Thread 0x000002a5c9c02000 Exception <a 'sun/nio/fs/WindowsException'{0x000000008aa3edd0}> (0x000000008aa3edd0) thrown at [./src/hotspot/share/prims/jni.cpp, line 615]
Event: 9594.940 Thread 0x000002a5c9bfc800 Exception <a 'sun/nio/fs/WindowsException'{0x000000008a940bb8}> (0x000000008a940bb8) thrown at [./src/hotspot/share/prims/jni.cpp, line 615]
Event: 9594.941 Thread 0x000002a5c9bfc800 Exception <a 'sun/nio/fs/WindowsException'{0x000000008a94a968}> (0x000000008a94a968) thrown at [./src/hotspot/share/prims/jni.cpp, line 615]
Event: 9594.964 Thread 0x000002a5c9bf6000 Exception <a 'sun/nio/fs/WindowsException'{0x000000008a753928}> (0x000000008a753928) thrown at [./src/hotspot/share/prims/jni.cpp, line 615]
Event: 9594.967 Thread 0x000002a5c9bf6000 Exception <a 'sun/nio/fs/WindowsException'{0x000000008a7e1ce0}> (0x000000008a7e1ce0) thrown at [./src/hotspot/share/prims/jni.cpp, line 615]
Event: 9779.537 Thread 0x000002a5c4b49000 Exception <a 'sun/nio/fs/WindowsException'{0x000000008d50bb78}> (0x000000008d50bb78) thrown at [./src/hotspot/share/prims/jni.cpp, line 615]
Event: 9779.551 Thread 0x000002a5c4b49000 Exception <a 'java/lang/NoClassDefFoundError'{0x000000008d3c5e80}: org/jetbrains/kotlin/gradle/plugin/KotlinBasePluginWrapper> (0x000000008d3c5e80) thrown at [./src/hotspot/share/oops/constantPool.cpp, line 775]
Event: 9779.556 Thread 0x000002a5c4b49000 Exception <a 'sun/nio/fs/WindowsException'{0x000000008d2cbec0}> (0x000000008d2cbec0) thrown at [./src/hotspot/share/prims/jni.cpp, line 615]
Event: 9779.560 Thread 0x000002a5c4b49000 Exception <a 'sun/nio/fs/WindowsException'{0x000000008d16cb28}> (0x000000008d16cb28) thrown at [./src/hotspot/share/prims/jni.cpp, line 615]
Event: 9779.560 Thread 0x000002a5c4b49000 Exception <a 'sun/nio/fs/WindowsException'{0x000000008d16dac8}> (0x000000008d16dac8) thrown at [./src/hotspot/share/prims/jni.cpp, line 615]
Event: 9779.560 Thread 0x000002a5c4b49000 Exception <a 'sun/nio/fs/WindowsException'{0x000000008d16eab8}> (0x000000008d16eab8) thrown at [./src/hotspot/share/prims/jni.cpp, line 615]
Event: 9779.560 Thread 0x000002a5c4b49000 Exception <a 'sun/nio/fs/WindowsException'{0x000000008d16faa8}> (0x000000008d16faa8) thrown at [./src/hotspot/share/prims/jni.cpp, line 615]
Event: 9779.685 Thread 0x000002a5c9f8c800 Exception <a 'sun/nio/fs/WindowsException'{0x000000008ba1cba8}> (0x000000008ba1cba8) thrown at [./src/hotspot/share/prims/jni.cpp, line 615]
Event: 9779.689 Thread 0x000002a5c9f8c800 Exception <a 'sun/nio/fs/WindowsException'{0x000000008bafb0c0}> (0x000000008bafb0c0) thrown at [./src/hotspot/share/prims/jni.cpp, line 615]
Event: 9779.689 Thread 0x000002a5c9f8c800 Exception <a 'sun/nio/fs/WindowsException'{0x000000008bafb1a8}> (0x000000008bafb1a8) thrown at [./src/hotspot/share/prims/jni.cpp, line 615]

Events (20 events):
Event: 9779.600 Executing VM operation: RevokeBias done
Event: 9779.622 Executing VM operation: RevokeBias
Event: 9779.622 Executing VM operation: RevokeBias done
Event: 9779.622 Executing VM operation: RevokeBias
Event: 9779.622 Executing VM operation: RevokeBias done
Event: 9779.623 Executing VM operation: RevokeBias
Event: 9779.623 Executing VM operation: RevokeBias done
Event: 9779.623 Executing VM operation: RevokeBias
Event: 9779.623 Executing VM operation: RevokeBias done
Event: 9779.628 Executing VM operation: RevokeBias
Event: 9779.628 Executing VM operation: RevokeBias done
Event: 9779.628 Executing VM operation: RevokeBias
Event: 9779.629 Executing VM operation: RevokeBias done
Event: 9779.637 Executing VM operation: RevokeBias
Event: 9779.637 Executing VM operation: RevokeBias done
Event: 9779.642 Thread 0x000002a5c9bf6000 Thread added: 0x000002a5c9bf6000
Event: 9779.690 Executing VM operation: G1CollectForAllocation
Event: 9779.701 Executing VM operation: G1CollectForAllocation done
Event: 9779.740 Executing VM operation: CGC_Operation
Event: 9779.753 Executing VM operation: CGC_Operation done


Dynamic libraries:
0x00007ff657470000 - 0x00007ff65747a000 	C:\Program Files\Android\Android Studio New\jre\bin\java.exe
0x00007ffe10090000 - 0x00007ffe10285000 	C:\WINDOWS\SYSTEM32\ntdll.dll
0x00007ffe0fb60000 - 0x00007ffe0fc1e000 	C:\WINDOWS\System32\KERNEL32.DLL
0x00007ffe0dcd0000 - 0x00007ffe0df99000 	C:\WINDOWS\System32\KERNELBASE.dll
0x00007ffe0dbd0000 - 0x00007ffe0dcd0000 	C:\WINDOWS\System32\ucrtbase.dll
0x00007ffe093a0000 - 0x00007ffe093b7000 	C:\Program Files\Android\Android Studio New\jre\bin\VCRUNTIME140.dll
0x00007ffe08d30000 - 0x00007ffe08d49000 	C:\Program Files\Android\Android Studio New\jre\bin\jli.dll
0x00007ffe0fcf0000 - 0x00007ffe0fe91000 	C:\WINDOWS\System32\USER32.dll
0x00007ffdf5b70000 - 0x00007ffdf5e0a000 	C:\WINDOWS\WinSxS\amd64_microsoft.windows.common-controls_6595b64144ccf1df_6.0.19041.1110_none_60b5254171f9507e\COMCTL32.dll
0x00007ffe0da40000 - 0x00007ffe0da62000 	C:\WINDOWS\System32\win32u.dll
0x00007ffe0e960000 - 0x00007ffe0e9fe000 	C:\WINDOWS\System32\msvcrt.dll
0x00007ffe0e930000 - 0x00007ffe0e95b000 	C:\WINDOWS\System32\GDI32.dll
0x00007ffe0dfa0000 - 0x00007ffe0e0ab000 	C:\WINDOWS\System32\gdi32full.dll
0x00007ffe0d910000 - 0x00007ffe0d9ad000 	C:\WINDOWS\System32\msvcp_win.dll
0x00007ffe0fcc0000 - 0x00007ffe0fcf0000 	C:\WINDOWS\System32\IMM32.DLL
0x00007ffde0e10000 - 0x00007ffde0ead000 	C:\Program Files\Android\Android Studio New\jre\bin\msvcp140.dll
0x00007ffdd3690000 - 0x00007ffdd415f000 	C:\Program Files\Android\Android Studio New\jre\bin\server\jvm.dll
0x00007ffe0f580000 - 0x00007ffe0f62c000 	C:\WINDOWS\System32\ADVAPI32.dll
0x00007ffe0fc20000 - 0x00007ffe0fcbb000 	C:\WINDOWS\System32\sechost.dll
0x00007ffe0fa30000 - 0x00007ffe0fb5a000 	C:\WINDOWS\System32\RPCRT4.dll
0x00007ffe0ecc0000 - 0x00007ffe0ecc8000 	C:\WINDOWS\System32\PSAPI.DLL
0x00007ffdfd7b0000 - 0x00007ffdfd7d7000 	C:\WINDOWS\SYSTEM32\WINMM.dll
0x00007ffe060c0000 - 0x00007ffe060ca000 	C:\WINDOWS\SYSTEM32\VERSION.dll
0x00007ffde6110000 - 0x00007ffde6119000 	C:\WINDOWS\SYSTEM32\WSOCK32.dll
0x00007ffe0ea90000 - 0x00007ffe0eafb000 	C:\WINDOWS\System32\WS2_32.dll
0x00007ffe0b6a0000 - 0x00007ffe0b6b2000 	C:\WINDOWS\SYSTEM32\kernel.appcore.dll
0x00007ffddbed0000 - 0x00007ffddbee1000 	C:\Program Files\Android\Android Studio New\jre\bin\verify.dll
0x00007ffdf9000000 - 0x00007ffdf91e4000 	C:\WINDOWS\SYSTEM32\DBGHELP.DLL
0x00007ffdf8db0000 - 0x00007ffdf8ddc000 	C:\WINDOWS\SYSTEM32\dbgcore.DLL
0x00007ffe0d9b0000 - 0x00007ffe0da33000 	C:\WINDOWS\System32\bcryptPrimitives.dll
0x00007ffdd51d0000 - 0x00007ffdd51f9000 	C:\Program Files\Android\Android Studio New\jre\bin\java.dll
0x00007ffde13c0000 - 0x00007ffde13cb000 	C:\Program Files\Android\Android Studio New\jre\bin\jimage.dll
0x00007ffdd3670000 - 0x00007ffdd3688000 	C:\Program Files\Android\Android Studio New\jre\bin\zip.dll
0x00007ffe0e190000 - 0x00007ffe0e8cf000 	C:\WINDOWS\System32\SHELL32.dll
0x00007ffe0b8a0000 - 0x00007ffe0c030000 	C:\WINDOWS\SYSTEM32\windows.storage.dll
0x00007ffe0eda0000 - 0x00007ffe0f0f5000 	C:\WINDOWS\System32\combase.dll
0x00007ffe0d100000 - 0x00007ffe0d12c000 	C:\WINDOWS\SYSTEM32\Wldp.dll
0x00007ffe0ec10000 - 0x00007ffe0ecbe000 	C:\WINDOWS\System32\SHCORE.dll
0x00007ffe0fea0000 - 0x00007ffe0fef5000 	C:\WINDOWS\System32\shlwapi.dll
0x00007ffe0d6c0000 - 0x00007ffe0d6df000 	C:\WINDOWS\SYSTEM32\profapi.dll
0x00007ffdd3650000 - 0x00007ffdd366a000 	C:\Program Files\Android\Android Studio New\jre\bin\net.dll
0x00007ffe07990000 - 0x00007ffe07a98000 	C:\WINDOWS\SYSTEM32\WINHTTP.dll
0x00007ffe0ce60000 - 0x00007ffe0ceca000 	C:\WINDOWS\system32\mswsock.dll
0x00007ffdd3630000 - 0x00007ffdd3644000 	C:\Program Files\Android\Android Studio New\jre\bin\nio.dll
0x00007ffe07480000 - 0x00007ffe074a7000 	C:\Users\Administrator\.gradle\native\8bec1ad78214c89d9ad589b4d07fe93259594b29d510b10fafb7a158f7737e5d\windows-amd64\native-platform.dll
0x00007ffdf06b0000 - 0x00007ffdf07ed000 	C:\Users\Administrator\.gradle\native\53dbd7edfb1c66fb8903c78663c9afc45aea4f116125fa6feffd364cf09443e8\windows-amd64\native-platform-file-events.dll
0x00007ffddbf00000 - 0x00007ffddbf0a000 	C:\Program Files\Android\Android Studio New\jre\bin\management.dll
0x00007ffddbef0000 - 0x00007ffddbefc000 	C:\Program Files\Android\Android Studio New\jre\bin\management_ext.dll
0x00007ffe0d050000 - 0x00007ffe0d068000 	C:\WINDOWS\SYSTEM32\CRYPTSP.dll
0x00007ffe0c7e0000 - 0x00007ffe0c814000 	C:\WINDOWS\system32\rsaenh.dll
0x00007ffe0d780000 - 0x00007ffe0d7a7000 	C:\WINDOWS\System32\bcrypt.dll
0x00007ffe0d640000 - 0x00007ffe0d66e000 	C:\WINDOWS\SYSTEM32\USERENV.dll
0x00007ffe0d070000 - 0x00007ffe0d07c000 	C:\WINDOWS\SYSTEM32\CRYPTBASE.dll
0x00007ffe0cb50000 - 0x00007ffe0cb8b000 	C:\WINDOWS\SYSTEM32\IPHLPAPI.DLL
0x00007ffe0ea00000 - 0x00007ffe0ea08000 	C:\WINDOWS\System32\NSI.dll
0x00007ffe07610000 - 0x00007ffe07627000 	C:\WINDOWS\SYSTEM32\dhcpcsvc6.DLL
0x00007ffe06780000 - 0x00007ffe0679d000 	C:\WINDOWS\SYSTEM32\dhcpcsvc.DLL
0x00007ffe0cb90000 - 0x00007ffe0cc5c000 	C:\WINDOWS\SYSTEM32\DNSAPI.dll
0x00007ffddbd60000 - 0x00007ffddbd87000 	C:\Program Files\Android\Android Studio New\jre\bin\sunec.dll

dbghelp: loaded successfully - version: 4.0.5 - missing functions: none
symbol engine: initialized successfully - sym options: 0x614 - pdb path: .;C:\Program Files\Android\Android Studio New\jre\bin;C:\WINDOWS\SYSTEM32;C:\WINDOWS\WinSxS\amd64_microsoft.windows.common-controls_6595b64144ccf1df_6.0.19041.1110_none_60b5254171f9507e;C:\Program Files\Android\Android Studio New\jre\bin\server;C:\Users\Administrator\.gradle\native\8bec1ad78214c89d9ad589b4d07fe93259594b29d510b10fafb7a158f7737e5d\windows-amd64;C:\Users\Administrator\.gradle\native\53dbd7edfb1c66fb8903c78663c9afc45aea4f116125fa6feffd364cf09443e8\windows-amd64

VM Arguments:
jvm_args: --add-opens=java.base/java.util=ALL-UNNAMED --add-opens=java.base/java.lang=ALL-UNNAMED --add-opens=java.base/java.lang.invoke=ALL-UNNAMED --add-opens=java.base/java.util=ALL-UNNAMED --add-opens=java.prefs/java.util.prefs=ALL-UNNAMED --add-opens=java.prefs/java.util.prefs=ALL-UNNAMED --add-opens=java.base/java.nio.charset=ALL-UNNAMED --add-opens=java.base/java.net=ALL-UNNAMED --add-opens=java.base/java.util.concurrent.atomic=ALL-UNNAMED -Xmx2048m -Dfile.encoding=UTF-8 -Duser.country=US -Duser.language=en -Duser.variant 
java_command: org.gradle.launcher.daemon.bootstrap.GradleDaemon 7.0.2
java_class_path (initial): C:\Users\Administrator\.gradle\wrapper\dists\gradle-7.0.2-bin\857tjihv64xamwrf0h14cai3r\gradle-7.0.2\lib\gradle-launcher-7.0.2.jar
Launcher Type: SUN_STANDARD

[Global flags]
     intx CICompilerCount                          = 4                                         {product} {ergonomic}
     uint ConcGCThreads                            = 3                                         {product} {ergonomic}
     uint G1ConcRefinementThreads                  = 10                                        {product} {ergonomic}
   size_t G1HeapRegionSize                         = 1048576                                   {product} {ergonomic}
    uintx GCDrainStackTargetSize                   = 64                                        {product} {ergonomic}
   size_t InitialHeapSize                          = 134217728                                 {product} {ergonomic}
   size_t MarkStackSize                            = 4194304                                   {product} {ergonomic}
   size_t MaxHeapSize                              = 2147483648                                {product} {command line}
   size_t MaxNewSize                               = 1287651328                                {product} {ergonomic}
   size_t MinHeapDeltaBytes                        = 1048576                                   {product} {ergonomic}
    uintx NonNMethodCodeHeapSize                   = 5836300                                {pd product} {ergonomic}
    uintx NonProfiledCodeHeapSize                  = 122910970                              {pd product} {ergonomic}
    uintx ProfiledCodeHeapSize                     = 122910970                              {pd product} {ergonomic}
    uintx ReservedCodeCacheSize                    = 251658240                              {pd product} {ergonomic}
     bool SegmentedCodeCache                       = true                                      {product} {ergonomic}
     bool UseCompressedClassPointers               = true                                 {lp64_product} {ergonomic}
     bool UseCompressedOops                        = true                                 {lp64_product} {ergonomic}
     bool UseG1GC                                  = true                                      {product} {ergonomic}
     bool UseLargePagesIndividualAllocation        = false                                  {pd product} {ergonomic}

Logging:
Log output configuration:
 #0: stdout all=warning uptime,level,tags
 #1: stderr all=off uptime,level,tags

Environment Variables:
PATH=C:\Program Files (x86)\Common Files\Oracle\Java\javapath;C:\Windows\system32;C:\Windows;C:\Windows\System32\Wbem;C:\Windows\System32\WindowsPowerShell\v1.0\;C:\Windows\System32\OpenSSH\;C:\Program Files (x86)\NVIDIA Corporation\PhysX\Common;C:\Program Files\Git\cmd;C:\Program Files\nodejs\;C:\ProgramData\chocolatey\bin;;C:\WINDOWS\system32;C:\WINDOWS;C:\WINDOWS\System32\Wbem;C:\WINDOWS\System32\WindowsPowerShell\v1.0\;C:\WINDOWS\System32\OpenSSH\;C:\Users\Administrator\AppData\Local\Microsoft\WindowsApps;C:\Program Files\MongoDB\Server\4.4\bin;C:\Program Files\Java\jre1.8.0_271\bin;C:\Program Files\Java\jdk-15.0.1\bin;C:\Program Files\Java\jdk1.8.0_271\bin;C:\Users\Administrator\AppData\Local\Programs\Microsoft VS Code\bin;C:\Users\Administrator\AppData\Roaming\npm;C:\Program Files\MongoDB\Server\5.0\bin;
USERNAME=Administrator
OS=Windows_NT
PROCESSOR_IDENTIFIER=Intel64 Family 6 Model 158 Stepping 10, GenuineIntel



---------------  S Y S T E M  ---------------

OS: Windows 10 , 64 bit Build 19041 (10.0.19041.1202)
OS uptime: 0 days 4:34 hours

CPU:total 12 (initial active 12) (6 cores per cpu, 2 threads per core) family 6 model 158 stepping 10 microcode 0xb4, cmov, cx8, fxsr, mmx, sse, sse2, sse3, ssse3, sse4.1, sse4.2, popcnt, avx, avx2, aes, clmul, erms, rtm, 3dnowpref, lzcnt, ht, tsc, tscinvbit, bmi1, bmi2, adx, fma

Memory: 4k page, system-wide physical 8111M (573M free)
TotalPageFile size 20399M (AvailPageFile size 5M)
current process WorkingSet (physical memory assigned to process): 553M, peak: 641M
current process commit charge ("private bytes"): 682M, peak: 692M

vm_info: OpenJDK 64-Bit Server VM (11.0.10+0-b96-7249189) for windows-amd64 JRE (11.0.10+0-b96-7249189), built on Mar 31 2021 21:44:00 by "builder" with MS VC++ 14.0 (VS2015)

END.
