#
# There is insufficient memory for the Java Runtime Environment to continue.
# Native memory allocation (malloc) failed to allocate 1310576 bytes for Chunk::new
# Possible reasons:
#   The system is out of physical RAM or swap space
#   The process is running with CompressedOops enabled, and the Java Heap may be blocking the growth of the native heap
# Possible solutions:
#   Reduce memory load on the system
#   Increase physical memory or swap space
#   Check if swap backing store is full
#   Decrease Java heap size (-Xmx/-Xms)
#   Decrease number of Java threads
#   Decrease Java thread stack sizes (-Xss)
#   Set larger code cache with -XX:ReservedCodeCacheSize=
#   JVM is running with Unscaled Compressed Oops mode in which the Java heap is
#     placed in the first 4GB address space. The Java Heap base address is the
#     maximum limit for the native heap growth. Please use -XX:HeapBaseMinAddress
#     to set the Java Heap base and to place the Java Heap above 4GB virtual address.
# This output file may be truncated or incomplete.
#
#  Out of Memory Error (./src/hotspot/share/memory/arena.cpp:197), pid=2584, tid=15996
#
# JRE version: OpenJDK Runtime Environment (11.0.10) (build 11.0.10+0-b96-7249189)
# Java VM: OpenJDK 64-Bit Server VM (11.0.10+0-b96-7249189, mixed mode, tiered, compressed oops, g1 gc, windows-amd64)
# No core dump will be written. Minidumps are not enabled by default on client versions of Windows
#

---------------  S U M M A R Y ------------

Command Line: --add-opens=java.base/java.util=ALL-UNNAMED --add-opens=java.base/java.lang=ALL-UNNAMED --add-opens=java.base/java.lang.invoke=ALL-UNNAMED --add-opens=java.base/java.util=ALL-UNNAMED --add-opens=java.prefs/java.util.prefs=ALL-UNNAMED --add-opens=java.prefs/java.util.prefs=ALL-UNNAMED --add-opens=java.base/java.nio.charset=ALL-UNNAMED --add-opens=java.base/java.net=ALL-UNNAMED --add-opens=java.base/java.util.concurrent.atomic=ALL-UNNAMED -Xmx2048m -Dfile.encoding=UTF-8 -Duser.country=US -Duser.language=en -Duser.variant org.gradle.launcher.daemon.bootstrap.GradleDaemon 7.0.2

Host: Intel(R) Core(TM) i7-8700 CPU @ 3.20GHz, 12 cores, 7G,  Windows 10 , 64 bit Build 19041 (10.0.19041.1202)
Time: Thu Oct 28 15:50:17 2021 India Standard Time elapsed time: 235.083392 seconds (0d 0h 3m 55s)

---------------  T H R E A D  ---------------

Current thread (0x00000240fb5c8000):  JavaThread "C2 CompilerThread1" daemon [_thread_in_native, id=15996, stack(0x000000cd81700000,0x000000cd81800000)]


Current CompileTask:
C2: 235083 22111       4       org.gradle.internal.fingerprint.classpath.impl.ClasspathFingerprintingStrategy$ClasspathFingerprintingVisitor::hashContent (96 bytes)

Stack: [0x000000cd81700000,0x000000cd81800000]
Native frames: (J=compiled Java code, j=interpreted, Vv=VM code, C=native code)
V  [jvm.dll+0x5ecfaa]
V  [jvm.dll+0x722bd5]
V  [jvm.dll+0x72412d]
V  [jvm.dll+0x7247e3]
V  [jvm.dll+0x242928]
V  [jvm.dll+0xbc4fc]
V  [jvm.dll+0xbca0c]
V  [jvm.dll+0x352d7d]
V  [jvm.dll+0x197e0c]
V  [jvm.dll+0x1fb70e]
V  [jvm.dll+0x1fa7f4]
V  [jvm.dll+0x18354c]
V  [jvm.dll+0x208ee7]
V  [jvm.dll+0x207731]
V  [jvm.dll+0x6eb1cf]
V  [jvm.dll+0x6e3d45]
V  [jvm.dll+0x5ebe96]
C  [ucrtbase.dll+0x21bb2]
C  [KERNEL32.DLL+0x17034]
C  [ntdll.dll+0x52651]


---------------  P R O C E S S  ---------------

Threads class SMR info:
_java_thread_list=0x00000240fd9d7450, length=105, elements={
0x00000240de26d800, 0x00000240fb301800, 0x00000240fb30f800, 0x00000240fb358000,
0x00000240fb359000, 0x00000240fb35b800, 0x00000240fb35e800, 0x00000240fb360800,
0x00000240faaf5800, 0x00000240fb4b2800, 0x00000240fd3b3000, 0x00000240fe490000,
0x00000240fcea5000, 0x00000240fde1c800, 0x00000240fde1c000, 0x00000240fde1b000,
0x00000240fde1a800, 0x00000240fde19800, 0x00000240fe574800, 0x00000240fe577800,
0x00000240fe575800, 0x00000240fe57c000, 0x00000240fe57c800, 0x00000240ff2cd000,
0x00000240ff2d1800, 0x00000240ff2cc800, 0x00000240ff2d4800, 0x00000240ff2cf800,
0x00000240ff2d3000, 0x00000240ff2d2000, 0x00000240ff2d4000, 0x00000240ff2d5800,
0x00000240ff2d6000, 0x00000240fb57e800, 0x00000240fb573800, 0x00000240fb578000,
0x00000240fb57c800, 0x00000240fb57d800, 0x00000240fc204000, 0x00000240fc1fe800,
0x00000240fc1f9800, 0x00000240fc1fa000, 0x00000240fb572000, 0x00000240fb56f800,
0x00000240fb574800, 0x00000240fb575800, 0x00000240fb571800, 0x00000240fb573000,
0x00000240fb576000, 0x00000240fb570800, 0x00000240fb57c000, 0x00000240fb578800,
0x00000240fb579800, 0x00000240fb5c8000, 0x00000240877e3000, 0x00000240fb57b000,
0x00000240fb57a800, 0x00000240fb577000, 0x00000240fc1fc000, 0x00000240fc1f7000,
0x00000240fc1fd800, 0x00000240fc1f8800, 0x00000240fc1f8000, 0x00000240fc200000,
0x00000240fc1ff000, 0x00000240fc1fc800, 0x00000240fc201000, 0x00000240fc1fb000,
0x00000240fc201800, 0x00000240fc202800, 0x00000240fc203000, 0x00000240fc205000,
0x00000240fc205800, 0x00000240fe577000, 0x00000240fe57d800, 0x00000240fe579800,
0x00000240fe57e800, 0x00000240fe57b000, 0x00000240fe57f000, 0x00000240fe580000,
0x00000240fe57a000, 0x00000240fe582800, 0x00000240fe581800, 0x00000240fe583000,
0x00000240ff2ce000, 0x00000240ff2cf000, 0x00000240ff2cb800, 0x00000240ff2d8000,
0x00000240ff2d7000, 0x00000240ff2d8800, 0x00000240ff2d9800, 0x00000240ff2da800,
0x00000240fde17000, 0x00000240fde1d800, 0x00000240fde18800, 0x00000240fde18000,
0x000002408345c000, 0x000002408345b800, 0x000002408345e800, 0x0000024083459000,
0x000002408345f800, 0x000002408345a800, 0x000002408345d000, 0x0000024083459800,
0x0000024083460000
}

Java Threads: ( => current thread )
  0x00000240de26d800 JavaThread "main" [_thread_blocked, id=2304, stack(0x000000cdfc900000,0x000000cdfca00000)]
  0x00000240fb301800 JavaThread "Reference Handler" daemon [_thread_blocked, id=15716, stack(0x000000cdfd000000,0x000000cdfd100000)]
  0x00000240fb30f800 JavaThread "Finalizer" daemon [_thread_blocked, id=6228, stack(0x000000cdfd100000,0x000000cdfd200000)]
  0x00000240fb358000 JavaThread "Signal Dispatcher" daemon [_thread_blocked, id=16848, stack(0x000000cdfd200000,0x000000cdfd300000)]
  0x00000240fb359000 JavaThread "Attach Listener" daemon [_thread_blocked, id=5984, stack(0x000000cdfd300000,0x000000cdfd400000)]
  0x00000240fb35b800 JavaThread "Service Thread" daemon [_thread_blocked, id=11492, stack(0x000000cdfd400000,0x000000cdfd500000)]
  0x00000240fb35e800 JavaThread "C2 CompilerThread0" daemon [_thread_in_native, id=14328, stack(0x000000cdfd500000,0x000000cdfd600000)]
  0x00000240fb360800 JavaThread "C1 CompilerThread0" daemon [_thread_in_native, id=16832, stack(0x000000cdfd600000,0x000000cdfd700000)]
  0x00000240faaf5800 JavaThread "Sweeper thread" daemon [_thread_blocked, id=13524, stack(0x000000cdfd700000,0x000000cdfd800000)]
  0x00000240fb4b2800 JavaThread "Common-Cleaner" daemon [_thread_blocked, id=7572, stack(0x000000cdfd800000,0x000000cdfd900000)]
  0x00000240fd3b3000 JavaThread "Daemon health stats" [_thread_blocked, id=6024, stack(0x000000cdfde00000,0x000000cdfdf00000)]
  0x00000240fe490000 JavaThread "Incoming local TCP Connector on port 63741" [_thread_in_native, id=16356, stack(0x000000cdfdf00000,0x000000cdfe000000)]
  0x00000240fcea5000 JavaThread "Daemon periodic checks" [_thread_blocked, id=5960, stack(0x000000cdfe000000,0x000000cdfe100000)]
  0x00000240fde1c800 JavaThread "Cache worker for file hash cache (C:\Users\Administrator\.gradle\caches\7.0.2\fileHashes)" [_thread_blocked, id=11720, stack(0x000000cdfef00000,0x000000cdff000000)]
  0x00000240fde1c000 JavaThread "File lock request listener" [_thread_in_native, id=11472, stack(0x000000cdff000000,0x000000cdff100000)]
  0x00000240fde1b000 JavaThread "Cache worker for journal cache (C:\Users\Administrator\.gradle\caches\journal-1)" [_thread_blocked, id=15168, stack(0x000000cdff300000,0x000000cdff400000)]
  0x00000240fde1a800 JavaThread "File watcher server" daemon [_thread_in_native, id=9492, stack(0x000000cdff500000,0x000000cdff600000)]
  0x00000240fde19800 JavaThread "File watcher consumer" daemon [_thread_blocked, id=6076, stack(0x000000cdff600000,0x000000cdff700000)]
  0x00000240fe574800 JavaThread "Cache worker for execution history cache (C:\Users\Administrator\.gradle\caches\7.0.2\executionHistory)" [_thread_blocked, id=12964, stack(0x000000cdffa00000,0x000000cdffb00000)]
  0x00000240fe577800 JavaThread "jar transforms" [_thread_blocked, id=9056, stack(0x000000cdffb00000,0x000000cdffc00000)]
  0x00000240fe575800 JavaThread "jar transforms Thread 2" [_thread_blocked, id=5360, stack(0x000000cdffc00000,0x000000cdffd00000)]
  0x00000240fe57c000 JavaThread "Cache worker for file content cache (C:\Users\Administrator\.gradle\caches\7.0.2\fileContent)" [_thread_blocked, id=9140, stack(0x000000cdffd00000,0x000000cdffe00000)]
  0x00000240fe57c800 JavaThread "jar transforms Thread 3" [_thread_blocked, id=14064, stack(0x000000cdfff00000,0x000000ce00000000)]
  0x00000240ff2cd000 JavaThread "jar transforms Thread 4" [_thread_blocked, id=9452, stack(0x000000cd80d00000,0x000000cd80e00000)]
  0x00000240ff2d1800 JavaThread "jar transforms Thread 5" [_thread_blocked, id=9348, stack(0x000000cd80e00000,0x000000cd80f00000)]
  0x00000240ff2cc800 JavaThread "jar transforms Thread 6" [_thread_blocked, id=3612, stack(0x000000cd80f00000,0x000000cd81000000)]
  0x00000240ff2d4800 JavaThread "jar transforms Thread 7" [_thread_blocked, id=10036, stack(0x000000cd81000000,0x000000cd81100000)]
  0x00000240ff2cf800 JavaThread "jar transforms Thread 8" [_thread_blocked, id=16684, stack(0x000000cd81100000,0x000000cd81200000)]
  0x00000240ff2d3000 JavaThread "jar transforms Thread 9" [_thread_blocked, id=15592, stack(0x000000cd81200000,0x000000cd81300000)]
  0x00000240ff2d2000 JavaThread "jar transforms Thread 10" [_thread_blocked, id=2788, stack(0x000000cd81300000,0x000000cd81400000)]
  0x00000240ff2d4000 JavaThread "jar transforms Thread 11" [_thread_blocked, id=13968, stack(0x000000cd81400000,0x000000cd81500000)]
  0x00000240ff2d5800 JavaThread "jar transforms Thread 12" [_thread_blocked, id=7848, stack(0x000000cd81500000,0x000000cd81600000)]
  0x00000240ff2d6000 JavaThread "Memory manager" [_thread_blocked, id=12808, stack(0x000000cd81600000,0x000000cd81700000)]
  0x00000240fb57e800 JavaThread "Cache worker for Java compile cache (C:\Users\Administrator\.gradle\caches\7.0.2\javaCompile)" [_thread_blocked, id=1896, stack(0x000000cd84600000,0x000000cd84700000)]
  0x00000240fb573800 JavaThread "ForkJoinPool.commonPool-worker-19" daemon [_thread_blocked, id=3872, stack(0x000000cd83400000,0x000000cd83500000)]
  0x00000240fb578000 JavaThread "ForkJoinPool.commonPool-worker-5" daemon [_thread_blocked, id=6392, stack(0x000000cd83500000,0x000000cd83600000)]
  0x00000240fb57c800 JavaThread "ForkJoinPool.commonPool-worker-13" daemon [_thread_blocked, id=2172, stack(0x000000cd83900000,0x000000cd83a00000)]
  0x00000240fb57d800 JavaThread "ForkJoinPool.commonPool-worker-31" daemon [_thread_blocked, id=16724, stack(0x000000cd83a00000,0x000000cd83b00000)]
  0x00000240fc204000 JavaThread "ForkJoinPool.commonPool-worker-17" daemon [_thread_blocked, id=17296, stack(0x000000cd83b00000,0x000000cd83c00000)]
  0x00000240fc1fe800 JavaThread "ForkJoinPool.commonPool-worker-3" daemon [_thread_blocked, id=3112, stack(0x000000cd83c00000,0x000000cd83d00000)]
  0x00000240fc1f9800 JavaThread "Daemon Thread 2" [_thread_blocked, id=12756, stack(0x000000cd80000000,0x000000cd80100000)]
  0x00000240fc1fa000 JavaThread "Daemon worker Thread 2" [_thread_blocked, id=15680, stack(0x000000cd80300000,0x000000cd80400000)]
  0x00000240fb572000 JavaThread "Handler for socket connection from /127.0.0.1:63741 to /127.0.0.1:65254" [_thread_in_native, id=11364, stack(0x000000cd80100000,0x000000cd80200000)]
  0x00000240fb56f800 JavaThread "Cancel handler" [_thread_blocked, id=17336, stack(0x000000cd80200000,0x000000cd80300000)]
  0x00000240fb574800 JavaThread "Asynchronous log dispatcher for DefaultDaemonConnection: socket connection from /127.0.0.1:63741 to /127.0.0.1:65254" [_thread_blocked, id=11452, stack(0x000000cd80400000,0x000000cd80500000)]
  0x00000240fb575800 JavaThread "Stdin handler" [_thread_blocked, id=7632, stack(0x000000cd80500000,0x000000cd80600000)]
  0x00000240fb571800 JavaThread "Daemon client event forwarder" [_thread_blocked, id=13348, stack(0x000000cd80600000,0x000000cd80700000)]
  0x00000240fb573000 JavaThread "Cache worker for file hash cache (C:\Users\Administrator\AndroidStudioProjects\ImagePickerApp\.gradle\7.0.2\fileHashes)" [_thread_blocked, id=10236, stack(0x000000cd80700000,0x000000cd80800000)]
  0x00000240fb576000 JavaThread "Cache worker for checksums cache (C:\Users\Administrator\AndroidStudioProjects\ImagePickerApp\.gradle\checksums)" [_thread_blocked, id=6432, stack(0x000000cd80800000,0x000000cd80900000)]
  0x00000240fb570800 JavaThread "Cache worker for cache directory md-supplier (C:\Users\Administrator\.gradle\caches\7.0.2\md-supplier)" [_thread_blocked, id=4512, stack(0x000000cd80900000,0x000000cd80a00000)]
  0x00000240fb57c000 JavaThread "Cache worker for cache directory md-rule (C:\Users\Administrator\.gradle\caches\7.0.2\md-rule)" [_thread_blocked, id=5704, stack(0x000000cd80a00000,0x000000cd80b00000)]
  0x00000240fb578800 JavaThread "Cache worker for dependencies-accessors (C:\Users\Administrator\AndroidStudioProjects\ImagePickerApp\.gradle\7.0.2\dependencies-accessors)" [_thread_blocked, id=5384, stack(0x000000cd80b00000,0x000000cd80c00000)]
  0x00000240fb579800 JavaThread "Cache worker for Build Output Cleanup Cache (C:\Users\Administrator\AndroidStudioProjects\ImagePickerApp\.gradle\buildOutputCleanup)" [_thread_blocked, id=16536, stack(0x000000cd80c00000,0x000000cd80d00000)]
=>0x00000240fb5c8000 JavaThread "C2 CompilerThread1" daemon [_thread_in_native, id=15996, stack(0x000000cd81700000,0x000000cd81800000)]
  0x00000240877e3000 JavaThread "C2 CompilerThread2" daemon [_thread_in_native, id=15120, stack(0x000000cd81800000,0x000000cd81900000)]
  0x00000240fb57b000 JavaThread "Build operations" [_thread_blocked, id=6820, stack(0x000000cd81900000,0x000000cd81a00000)]
  0x00000240fb57a800 JavaThread "Build operations Thread 2" [_thread_blocked, id=10704, stack(0x000000cd81a00000,0x000000cd81b00000)]
  0x00000240fb577000 JavaThread "Build operations Thread 3" [_thread_blocked, id=13840, stack(0x000000cd81b00000,0x000000cd81c00000)]
  0x00000240fc1fc000 JavaThread "Build operations Thread 4" [_thread_blocked, id=10944, stack(0x000000cd81c00000,0x000000cd81d00000)]
  0x00000240fc1f7000 JavaThread "Build operations Thread 5" [_thread_blocked, id=13728, stack(0x000000cd81d00000,0x000000cd81e00000)]
  0x00000240fc1fd800 JavaThread "Build operations Thread 6" [_thread_blocked, id=2852, stack(0x000000cd81e00000,0x000000cd81f00000)]
  0x00000240fc1f8800 JavaThread "Build operations Thread 7" [_thread_blocked, id=3032, stack(0x000000cd81f00000,0x000000cd82000000)]
  0x00000240fc1f8000 JavaThread "Build operations Thread 8" [_thread_blocked, id=6576, stack(0x000000cd82000000,0x000000cd82100000)]
  0x00000240fc200000 JavaThread "Build operations Thread 9" [_thread_blocked, id=15620, stack(0x000000cd82100000,0x000000cd82200000)]
  0x00000240fc1ff000 JavaThread "Build operations Thread 10" [_thread_blocked, id=15528, stack(0x000000cd82200000,0x000000cd82300000)]
  0x00000240fc1fc800 JavaThread "Build operations Thread 11" [_thread_blocked, id=7792, stack(0x000000cd82300000,0x000000cd82400000)]
  0x00000240fc201000 JavaThread "Build operations Thread 12" [_thread_blocked, id=17232, stack(0x000000cd82400000,0x000000cd82500000)]
  0x00000240fc1fb000 JavaThread "build event listener" [_thread_blocked, id=13068, stack(0x000000cd82500000,0x000000cd82600000)]
  0x00000240fc201800 JavaThread "Execution worker for ':'" [_thread_blocked, id=8776, stack(0x000000cd82600000,0x000000cd82700000)]
  0x00000240fc202800 JavaThread "Execution worker for ':' Thread 2" [_thread_blocked, id=464, stack(0x000000cd82700000,0x000000cd82800000)]
  0x00000240fc203000 JavaThread "Execution worker for ':' Thread 3" [_thread_blocked, id=3068, stack(0x000000cd82800000,0x000000cd82900000)]
  0x00000240fc205000 JavaThread "Execution worker for ':' Thread 4" [_thread_blocked, id=16508, stack(0x000000cd82900000,0x000000cd82a00000)]
  0x00000240fc205800 JavaThread "Execution worker for ':' Thread 5" [_thread_blocked, id=7744, stack(0x000000cd82a00000,0x000000cd82b00000)]
  0x00000240fe577000 JavaThread "Execution worker for ':' Thread 6" [_thread_blocked, id=16372, stack(0x000000cd82b00000,0x000000cd82c00000)]
  0x00000240fe57d800 JavaThread "Execution worker for ':' Thread 7" [_thread_blocked, id=600, stack(0x000000cd82c00000,0x000000cd82d00000)]
  0x00000240fe579800 JavaThread "Execution worker for ':' Thread 8" [_thread_blocked, id=4828, stack(0x000000cd82d00000,0x000000cd82e00000)]
  0x00000240fe57e800 JavaThread "Execution worker for ':' Thread 9" [_thread_blocked, id=12692, stack(0x000000cd82e00000,0x000000cd82f00000)]
  0x00000240fe57b000 JavaThread "Execution worker for ':' Thread 10" [_thread_blocked, id=17080, stack(0x000000cd82f00000,0x000000cd83000000)]
  0x00000240fe57f000 JavaThread "Execution worker for ':' Thread 11" [_thread_blocked, id=6832, stack(0x000000cd83000000,0x000000cd83100000)]
  0x00000240fe580000 JavaThread "Cache worker for execution history cache (C:\Users\Administrator\AndroidStudioProjects\ImagePickerApp\.gradle\7.0.2\executionHistory)" [_thread_blocked, id=8780, stack(0x000000cd83100000,0x000000cd83200000)]
  0x00000240fe57a000 JavaThread "WorkerExecutor Queue" [_thread_in_native, id=2808, stack(0x000000cd83200000,0x000000cd83300000)]
  0x00000240fe582800 JavaThread "WorkerExecutor Queue Thread 2" [_thread_blocked, id=14820, stack(0x000000cd83300000,0x000000cd83400000)]
  0x00000240fe581800 JavaThread "WorkerExecutor Queue Thread 3" [_thread_blocked, id=948, stack(0x000000cd83600000,0x000000cd83700000)]
  0x00000240fe583000 JavaThread "WorkerExecutor Queue Thread 4" [_thread_in_Java, id=9040, stack(0x000000cd83700000,0x000000cd83800000)]
  0x00000240ff2ce000 JavaThread "WorkerExecutor Queue Thread 5" [_thread_blocked, id=15928, stack(0x000000cd83800000,0x000000cd83900000)]
  0x00000240ff2cf000 JavaThread "WorkerExecutor Queue Thread 6" [_thread_blocked, id=17312, stack(0x000000cd83d00000,0x000000cd83e00000)]
  0x00000240ff2cb800 JavaThread "WorkerExecutor Queue Thread 7" [_thread_in_native, id=8144, stack(0x000000cd83e00000,0x000000cd83f00000)]
  0x00000240ff2d8000 JavaThread "WorkerExecutor Queue Thread 8" [_thread_blocked, id=16024, stack(0x000000cd83f00000,0x000000cd84000000)]
  0x00000240ff2d7000 JavaThread "WorkerExecutor Queue Thread 9" [_thread_blocked, id=17120, stack(0x000000cd84700000,0x000000cd84800000)]
  0x00000240ff2d8800 JavaThread "WorkerExecutor Queue Thread 10" [_thread_blocked, id=2796, stack(0x000000cd84800000,0x000000cd84900000)]
  0x00000240ff2d9800 JavaThread "WorkerExecutor Queue Thread 11" [_thread_blocked, id=10872, stack(0x000000cd84900000,0x000000cd84a00000)]
  0x00000240ff2da800 JavaThread "WorkerExecutor Queue Thread 12" [_thread_blocked, id=14496, stack(0x000000cd84a00000,0x000000cd84b00000)]
  0x00000240fde17000 JavaThread "ForkJoinPool-2-worker-19" daemon [_thread_blocked, id=13216, stack(0x000000cd84b00000,0x000000cd84c00000)]
  0x00000240fde1d800 JavaThread "ForkJoinPool-2-worker-5" daemon [_thread_blocked, id=17320, stack(0x000000cd84c00000,0x000000cd84d00000)]
  0x00000240fde18800 JavaThread "ForkJoinPool-2-worker-23" daemon [_thread_blocked, id=3184, stack(0x000000cd84d00000,0x000000cd84e00000)]
  0x00000240fde18000 JavaThread "ForkJoinPool-2-worker-9" daemon [_thread_blocked, id=12172, stack(0x000000cd84e00000,0x000000cd84f00000)]
  0x000002408345c000 JavaThread "ForkJoinPool-2-worker-27" daemon [_thread_blocked, id=6896, stack(0x000000cd84f00000,0x000000cd85000000)]
  0x000002408345b800 JavaThread "ForkJoinPool-2-worker-13" daemon [_thread_blocked, id=6408, stack(0x000000cd85000000,0x000000cd85100000)]
  0x000002408345e800 JavaThread "ForkJoinPool-2-worker-31" daemon [_thread_blocked, id=4432, stack(0x000000cd85100000,0x000000cd85200000)]
  0x0000024083459000 JavaThread "ForkJoinPool-2-worker-17" daemon [_thread_blocked, id=6184, stack(0x000000cd85200000,0x000000cd85300000)]
  0x000002408345f800 JavaThread "ForkJoinPool-2-worker-3" daemon [_thread_blocked, id=9436, stack(0x000000cd85300000,0x000000cd85400000)]
  0x000002408345a800 JavaThread "ForkJoinPool-2-worker-21" daemon [_thread_blocked, id=6316, stack(0x000000cd85400000,0x000000cd85500000)]
  0x000002408345d000 JavaThread "ForkJoinPool-2-worker-7" daemon [_thread_blocked, id=8520, stack(0x000000cd85500000,0x000000cd85600000)]
  0x0000024083459800 JavaThread "ForkJoinPool-2-worker-25" daemon [_thread_blocked, id=2500, stack(0x000000cd85600000,0x000000cd85700000)]
  0x0000024083460000 JavaThread "WorkerExecutor Queue Thread 13" [_thread_blocked, id=4720, stack(0x000000cd85700000,0x000000cd85800000)]

Other Threads:
  0x00000240faae3800 VMThread "VM Thread" [stack: 0x000000cdfcf00000,0x000000cdfd000000] [id=14312]
  0x00000240fb4fb000 WatcherThread [stack: 0x000000cdfd900000,0x000000cdfda00000] [id=6224]
  0x00000240de286000 GCTaskThread "GC Thread#0" [stack: 0x000000cdfca00000,0x000000cdfcb00000] [id=16984]
  0x00000240fc213800 GCTaskThread "GC Thread#1" [stack: 0x000000cdfdb00000,0x000000cdfdc00000] [id=1356]
  0x00000240fc2e7800 GCTaskThread "GC Thread#2" [stack: 0x000000cdfdc00000,0x000000cdfdd00000] [id=10068]
  0x00000240fd5c0800 GCTaskThread "GC Thread#3" [stack: 0x000000cdfe800000,0x000000cdfe900000] [id=13612]
  0x00000240fcc93800 GCTaskThread "GC Thread#4" [stack: 0x000000cdfe900000,0x000000cdfea00000] [id=9944]
  0x00000240fcc98000 GCTaskThread "GC Thread#5" [stack: 0x000000cdfea00000,0x000000cdfeb00000] [id=12744]
  0x00000240fcc99000 GCTaskThread "GC Thread#6" [stack: 0x000000cdfeb00000,0x000000cdfec00000] [id=14108]
  0x00000240fd90d000 GCTaskThread "GC Thread#7" [stack: 0x000000cdfec00000,0x000000cdfed00000] [id=10072]
  0x00000240fd90d800 GCTaskThread "GC Thread#8" [stack: 0x000000cdfed00000,0x000000cdfee00000] [id=8800]
  0x00000240fd90e800 GCTaskThread "GC Thread#9" [stack: 0x000000cdfee00000,0x000000cdfef00000] [id=14796]
  0x00000240de2b8800 ConcurrentGCThread "G1 Main Marker" [stack: 0x000000cdfcb00000,0x000000cdfcc00000] [id=4724]
  0x00000240de2b9800 ConcurrentGCThread "G1 Conc#0" [stack: 0x000000cdfcc00000,0x000000cdfcd00000] [id=12948]
  0x00000240fdf12000 ConcurrentGCThread "G1 Conc#1" [stack: 0x000000cdff100000,0x000000cdff200000] [id=16296]
  0x00000240fe932800 ConcurrentGCThread "G1 Conc#2" [stack: 0x000000cdff200000,0x000000cdff300000] [id=7860]
  0x00000240fa933800 ConcurrentGCThread "G1 Refine#0" [stack: 0x000000cdfcd00000,0x000000cdfce00000] [id=14608]
  0x0000024087762800 ConcurrentGCThread "G1 Refine#1" [stack: 0x000000cd84000000,0x000000cd84100000] [id=13492]
  0x0000024086e4f800 ConcurrentGCThread "G1 Refine#2" [stack: 0x000000cd84100000,0x000000cd84200000] [id=15036]
  0x00000240feefa000 ConcurrentGCThread "G1 Refine#3" [stack: 0x000000cd84200000,0x000000cd84300000] [id=2300]
  0x000002408772a800 ConcurrentGCThread "G1 Refine#4" [stack: 0x000000cd84300000,0x000000cd84400000] [id=3396]
  0x000002408300d000 ConcurrentGCThread "G1 Refine#5" [stack: 0x000000cd84400000,0x000000cd84500000] [id=12780]
  0x0000024087477800 ConcurrentGCThread "G1 Refine#6" [stack: 0x000000cd84500000,0x000000cd84600000] [id=10692]
  0x00000240fa934800 ConcurrentGCThread "G1 Young RemSet Sampling" [stack: 0x000000cdfce00000,0x000000cdfcf00000] [id=17268]

Threads with active compile tasks:
C2 CompilerThread0 235123 22429       4       com.android.tools.r8.code.w1::a (4137 bytes)
C2 CompilerThread1 235123 22111       4       org.gradle.internal.fingerprint.classpath.impl.ClasspathFingerprintingStrategy$ClasspathFingerprintingVisitor::hashContent (96 bytes)
C2 CompilerThread2 235123 20861   !   4       java.io.ObjectInputStream::readObject0 (671 bytes)

VM state:not at safepoint (normal execution)

VM Mutex/Monitor currently owned by a thread: None

Heap address: 0x0000000080000000, size: 2048 MB, Compressed Oops mode: 32-bit
Narrow klass base: 0x0000000000000000, Narrow klass shift: 3
Compressed class space size: 1073741824 Address: 0x0000000100000000

Heap:
 garbage-first heap   total 337920K, used 247418K [0x0000000080000000, 0x0000000100000000)
  region size 1024K, 45 young (46080K), 13 survivors (13312K)
 Metaspace       used 126143K, capacity 129960K, committed 130304K, reserved 1163264K
  class space    used 15942K, capacity 17382K, committed 17484K, reserved 1048576K
Heap Regions: E=young(eden), S=young(survivor), O=old, HS=humongous(starts), HC=humongous(continues), CS=collection set, F=free, A=archive, TAMS=top-at-mark-start (previous, next)
|   0|0x0000000080000000, 0x0000000080100000, 0x0000000080100000|100%| O|  |TAMS 0x0000000080100000, 0x0000000080000000| Untracked 
|   1|0x0000000080100000, 0x0000000080200000, 0x0000000080200000|100%| O|  |TAMS 0x0000000080200000, 0x0000000080100000| Untracked 
|   2|0x0000000080200000, 0x0000000080300000, 0x0000000080300000|100%| O|  |TAMS 0x0000000080300000, 0x0000000080200000| Untracked 
|   3|0x0000000080300000, 0x0000000080400000, 0x0000000080400000|100%|HS|  |TAMS 0x0000000080400000, 0x0000000080300000| Complete 
|   4|0x0000000080400000, 0x0000000080500000, 0x0000000080500000|100%|HC|  |TAMS 0x0000000080500000, 0x0000000080400000| Complete 
|   5|0x0000000080500000, 0x0000000080600000, 0x0000000080600000|100%|HC|  |TAMS 0x0000000080600000, 0x0000000080500000| Complete 
|   6|0x0000000080600000, 0x0000000080700000, 0x0000000080700000|100%| O|  |TAMS 0x0000000080700000, 0x0000000080600000| Untracked 
|   7|0x0000000080700000, 0x0000000080800000, 0x0000000080800000|100%| O|  |TAMS 0x0000000080800000, 0x0000000080700000| Untracked 
|   8|0x0000000080800000, 0x0000000080900000, 0x0000000080900000|100%| O|  |TAMS 0x0000000080900000, 0x0000000080800000| Untracked 
|   9|0x0000000080900000, 0x0000000080a00000, 0x0000000080a00000|100%| O|  |TAMS 0x0000000080a00000, 0x0000000080900000| Untracked 
|  10|0x0000000080a00000, 0x0000000080b00000, 0x0000000080b00000|100%| O|  |TAMS 0x0000000080b00000, 0x0000000080a00000| Untracked 
|  11|0x0000000080b00000, 0x0000000080c00000, 0x0000000080c00000|100%| O|  |TAMS 0x0000000080c00000, 0x0000000080b00000| Untracked 
|  12|0x0000000080c00000, 0x0000000080d00000, 0x0000000080d00000|100%| O|  |TAMS 0x0000000080d00000, 0x0000000080c00000| Untracked 
|  13|0x0000000080d00000, 0x0000000080e00000, 0x0000000080e00000|100%| O|  |TAMS 0x0000000080e00000, 0x0000000080d00000| Untracked 
|  14|0x0000000080e00000, 0x0000000080f00000, 0x0000000080f00000|100%| O|  |TAMS 0x0000000080f00000, 0x0000000080e00000| Untracked 
|  15|0x0000000080f00000, 0x0000000081000000, 0x0000000081000000|100%| O|  |TAMS 0x0000000081000000, 0x0000000080f00000| Untracked 
|  16|0x0000000081000000, 0x0000000081100000, 0x0000000081100000|100%|HS|  |TAMS 0x0000000081100000, 0x0000000081000000| Complete 
|  17|0x0000000081100000, 0x0000000081200000, 0x0000000081200000|100%| O|  |TAMS 0x0000000081200000, 0x0000000081100000| Untracked 
|  18|0x0000000081200000, 0x0000000081300000, 0x0000000081300000|100%| O|  |TAMS 0x0000000081300000, 0x0000000081200000| Untracked 
|  19|0x0000000081300000, 0x0000000081400000, 0x0000000081400000|100%| O|  |TAMS 0x0000000081400000, 0x0000000081300000| Untracked 
|  20|0x0000000081400000, 0x0000000081500000, 0x0000000081500000|100%| O|  |TAMS 0x0000000081500000, 0x0000000081400000| Untracked 
|  21|0x0000000081500000, 0x0000000081600000, 0x0000000081600000|100%| O|  |TAMS 0x0000000081600000, 0x0000000081500000| Untracked 
|  22|0x0000000081600000, 0x0000000081700000, 0x0000000081700000|100%| O|  |TAMS 0x0000000081700000, 0x0000000081600000| Untracked 
|  23|0x0000000081700000, 0x0000000081800000, 0x0000000081800000|100%| O|  |TAMS 0x0000000081800000, 0x0000000081700000| Untracked 
|  24|0x0000000081800000, 0x0000000081900000, 0x0000000081900000|100%| O|  |TAMS 0x0000000081900000, 0x0000000081800000| Untracked 
|  25|0x0000000081900000, 0x0000000081a00000, 0x0000000081a00000|100%| O|  |TAMS 0x0000000081a00000, 0x0000000081900000| Untracked 
|  26|0x0000000081a00000, 0x0000000081b00000, 0x0000000081b00000|100%| O|  |TAMS 0x0000000081b00000, 0x0000000081a00000| Untracked 
|  27|0x0000000081b00000, 0x0000000081c00000, 0x0000000081c00000|100%|HS|  |TAMS 0x0000000081c00000, 0x0000000081b00000| Complete 
|  28|0x0000000081c00000, 0x0000000081d00000, 0x0000000081d00000|100%|HS|  |TAMS 0x0000000081d00000, 0x0000000081c00000| Complete 
|  29|0x0000000081d00000, 0x0000000081e00000, 0x0000000081e00000|100%|HC|  |TAMS 0x0000000081e00000, 0x0000000081d00000| Complete 
|  30|0x0000000081e00000, 0x0000000081f00000, 0x0000000081f00000|100%| O|  |TAMS 0x0000000081f00000, 0x0000000081e00000| Untracked 
|  31|0x0000000081f00000, 0x0000000082000000, 0x0000000082000000|100%| O|  |TAMS 0x0000000082000000, 0x0000000081f00000| Untracked 
|  32|0x0000000082000000, 0x0000000082100000, 0x0000000082100000|100%| O|  |TAMS 0x0000000082100000, 0x0000000082000000| Untracked 
|  33|0x0000000082100000, 0x0000000082200000, 0x0000000082200000|100%| O|  |TAMS 0x0000000082200000, 0x0000000082100000| Untracked 
|  34|0x0000000082200000, 0x0000000082300000, 0x0000000082300000|100%| O|  |TAMS 0x0000000082300000, 0x0000000082200000| Untracked 
|  35|0x0000000082300000, 0x0000000082400000, 0x0000000082400000|100%| O|  |TAMS 0x0000000082400000, 0x0000000082300000| Untracked 
|  36|0x0000000082400000, 0x0000000082500000, 0x0000000082500000|100%| O|  |TAMS 0x0000000082500000, 0x0000000082400000| Untracked 
|  37|0x0000000082500000, 0x0000000082600000, 0x0000000082600000|100%| O|  |TAMS 0x0000000082600000, 0x0000000082500000| Untracked 
|  38|0x0000000082600000, 0x0000000082700000, 0x0000000082700000|100%| O|  |TAMS 0x0000000082700000, 0x0000000082600000| Untracked 
|  39|0x0000000082700000, 0x0000000082800000, 0x0000000082800000|100%| O|  |TAMS 0x0000000082800000, 0x0000000082700000| Untracked 
|  40|0x0000000082800000, 0x0000000082900000, 0x0000000082900000|100%| O|  |TAMS 0x0000000082900000, 0x0000000082800000| Untracked 
|  41|0x0000000082900000, 0x0000000082a00000, 0x0000000082a00000|100%| O|  |TAMS 0x0000000082a00000, 0x0000000082900000| Untracked 
|  42|0x0000000082a00000, 0x0000000082b00000, 0x0000000082b00000|100%| O|  |TAMS 0x0000000082b00000, 0x0000000082a00000| Untracked 
|  43|0x0000000082b00000, 0x0000000082c00000, 0x0000000082c00000|100%| O|  |TAMS 0x0000000082c00000, 0x0000000082b00000| Untracked 
|  44|0x0000000082c00000, 0x0000000082d00000, 0x0000000082d00000|100%| O|  |TAMS 0x0000000082d00000, 0x0000000082c00000| Untracked 
|  45|0x0000000082d00000, 0x0000000082e00000, 0x0000000082e00000|100%| O|  |TAMS 0x0000000082e00000, 0x0000000082d00000| Untracked 
|  46|0x0000000082e00000, 0x0000000082f00000, 0x0000000082f00000|100%| O|  |TAMS 0x0000000082f00000, 0x0000000082e00000| Untracked 
|  47|0x0000000082f00000, 0x0000000083000000, 0x0000000083000000|100%| O|  |TAMS 0x0000000083000000, 0x0000000082f00000| Untracked 
|  48|0x0000000083000000, 0x0000000083100000, 0x0000000083100000|100%| O|  |TAMS 0x0000000083100000, 0x0000000083000000| Untracked 
|  49|0x0000000083100000, 0x0000000083200000, 0x0000000083200000|100%| O|  |TAMS 0x0000000083200000, 0x0000000083100000| Untracked 
|  50|0x0000000083200000, 0x0000000083300000, 0x0000000083300000|100%| O|  |TAMS 0x0000000083300000, 0x0000000083200000| Untracked 
|  51|0x0000000083300000, 0x0000000083400000, 0x0000000083400000|100%| O|  |TAMS 0x0000000083400000, 0x0000000083300000| Untracked 
|  52|0x0000000083400000, 0x0000000083500000, 0x0000000083500000|100%| O|  |TAMS 0x0000000083500000, 0x0000000083400000| Untracked 
|  53|0x0000000083500000, 0x0000000083600000, 0x0000000083600000|100%| O|  |TAMS 0x0000000083600000, 0x0000000083500000| Untracked 
|  54|0x0000000083600000, 0x0000000083700000, 0x0000000083700000|100%| O|  |TAMS 0x0000000083700000, 0x0000000083600000| Untracked 
|  55|0x0000000083700000, 0x0000000083800000, 0x0000000083800000|100%| O|  |TAMS 0x0000000083800000, 0x0000000083700000| Untracked 
|  56|0x0000000083800000, 0x0000000083900000, 0x0000000083900000|100%| O|  |TAMS 0x0000000083900000, 0x0000000083800000| Untracked 
|  57|0x0000000083900000, 0x0000000083a00000, 0x0000000083a00000|100%| O|  |TAMS 0x0000000083a00000, 0x0000000083900000| Untracked 
|  58|0x0000000083a00000, 0x0000000083b00000, 0x0000000083b00000|100%| O|  |TAMS 0x0000000083b00000, 0x0000000083a00000| Untracked 
|  59|0x0000000083b00000, 0x0000000083c00000, 0x0000000083c00000|100%| O|  |TAMS 0x0000000083c00000, 0x0000000083b00000| Untracked 
|  60|0x0000000083c00000, 0x0000000083d00000, 0x0000000083d00000|100%| O|  |TAMS 0x0000000083d00000, 0x0000000083c00000| Untracked 
|  61|0x0000000083d00000, 0x0000000083e00000, 0x0000000083e00000|100%| O|  |TAMS 0x0000000083e00000, 0x0000000083d00000| Untracked 
|  62|0x0000000083e00000, 0x0000000083f00000, 0x0000000083f00000|100%| O|  |TAMS 0x0000000083f00000, 0x0000000083e00000| Untracked 
|  63|0x0000000083f00000, 0x0000000084000000, 0x0000000084000000|100%| O|  |TAMS 0x0000000084000000, 0x0000000083f00000| Untracked 
|  64|0x0000000084000000, 0x0000000084100000, 0x0000000084100000|100%| O|  |TAMS 0x0000000084000000, 0x0000000084000000| Untracked 
|  65|0x0000000084100000, 0x0000000084200000, 0x0000000084200000|100%| O|  |TAMS 0x0000000084100000, 0x0000000084100000| Untracked 
|  66|0x0000000084200000, 0x0000000084300000, 0x0000000084300000|100%| O|  |TAMS 0x0000000084200000, 0x0000000084200000| Untracked 
|  67|0x0000000084300000, 0x0000000084400000, 0x0000000084400000|100%| O|  |TAMS 0x0000000084300000, 0x0000000084300000| Untracked 
|  68|0x0000000084400000, 0x0000000084500000, 0x0000000084500000|100%| O|  |TAMS 0x0000000084400000, 0x0000000084400000| Untracked 
|  69|0x0000000084500000, 0x0000000084600000, 0x0000000084600000|100%|HS|  |TAMS 0x0000000084500000, 0x0000000084500000| Complete 
|  70|0x0000000084600000, 0x0000000084700000, 0x0000000084700000|100%| O|  |TAMS 0x0000000084600000, 0x0000000084600000| Untracked 
|  71|0x0000000084700000, 0x0000000084800000, 0x0000000084800000|100%| O|  |TAMS 0x0000000084700000, 0x0000000084700000| Untracked 
|  72|0x0000000084800000, 0x0000000084900000, 0x0000000084900000|100%|HS|  |TAMS 0x0000000084800000, 0x0000000084800000| Complete 
|  73|0x0000000084900000, 0x0000000084a00000, 0x0000000084a00000|100%| O|  |TAMS 0x0000000084a00000, 0x0000000084900000| Untracked 
|  74|0x0000000084a00000, 0x0000000084b00000, 0x0000000084b00000|100%|HS|  |TAMS 0x0000000084a00000, 0x0000000084a00000| Complete 
|  75|0x0000000084b00000, 0x0000000084c00000, 0x0000000084c00000|100%| O|  |TAMS 0x0000000084c00000, 0x0000000084b00000| Untracked 
|  76|0x0000000084c00000, 0x0000000084d00000, 0x0000000084d00000|100%| O|  |TAMS 0x0000000084c00000, 0x0000000084c00000| Untracked 
|  77|0x0000000084d00000, 0x0000000084e00000, 0x0000000084e00000|100%| O|  |TAMS 0x0000000084e00000, 0x0000000084d00000| Untracked 
|  78|0x0000000084e00000, 0x0000000084f00000, 0x0000000084f00000|100%| O|  |TAMS 0x0000000084f00000, 0x0000000084e00000| Untracked 
|  79|0x0000000084f00000, 0x0000000085000000, 0x0000000085000000|100%| O|  |TAMS 0x0000000085000000, 0x0000000084f00000| Untracked 
|  80|0x0000000085000000, 0x0000000085100000, 0x0000000085100000|100%| O|  |TAMS 0x0000000085100000, 0x0000000085000000| Untracked 
|  81|0x0000000085100000, 0x0000000085200000, 0x0000000085200000|100%| O|  |TAMS 0x0000000085200000, 0x0000000085100000| Untracked 
|  82|0x0000000085200000, 0x0000000085300000, 0x0000000085300000|100%| O|  |TAMS 0x0000000085300000, 0x0000000085200000| Untracked 
|  83|0x0000000085300000, 0x0000000085400000, 0x0000000085400000|100%| O|  |TAMS 0x0000000085400000, 0x0000000085300000| Untracked 
|  84|0x0000000085400000, 0x0000000085500000, 0x0000000085500000|100%| O|  |TAMS 0x0000000085500000, 0x0000000085400000| Untracked 
|  85|0x0000000085500000, 0x0000000085600000, 0x0000000085600000|100%| O|  |TAMS 0x0000000085600000, 0x0000000085500000| Untracked 
|  86|0x0000000085600000, 0x0000000085700000, 0x0000000085700000|100%| O|  |TAMS 0x0000000085700000, 0x0000000085600000| Untracked 
|  87|0x0000000085700000, 0x0000000085800000, 0x0000000085800000|100%| O|  |TAMS 0x0000000085800000, 0x0000000085700000| Untracked 
|  88|0x0000000085800000, 0x0000000085900000, 0x0000000085900000|100%| O|  |TAMS 0x0000000085900000, 0x0000000085800000| Untracked 
|  89|0x0000000085900000, 0x0000000085a00000, 0x0000000085a00000|100%| O|  |TAMS 0x0000000085900000, 0x0000000085900000| Untracked 
|  90|0x0000000085a00000, 0x0000000085b00000, 0x0000000085b00000|100%| O|  |TAMS 0x0000000085a00000, 0x0000000085a00000| Untracked 
|  91|0x0000000085b00000, 0x0000000085c00000, 0x0000000085c00000|100%|HS|  |TAMS 0x0000000085b00000, 0x0000000085b00000| Complete 
|  92|0x0000000085c00000, 0x0000000085d00000, 0x0000000085d00000|100%|HC|  |TAMS 0x0000000085c00000, 0x0000000085c00000| Complete 
|  93|0x0000000085d00000, 0x0000000085e00000, 0x0000000085e00000|100%| O|  |TAMS 0x0000000085d00000, 0x0000000085d00000| Untracked 
|  94|0x0000000085e00000, 0x0000000085f00000, 0x0000000085f00000|100%| O|  |TAMS 0x0000000085f00000, 0x0000000085e00000| Untracked 
|  95|0x0000000085f00000, 0x0000000086000000, 0x0000000086000000|100%| O|  |TAMS 0x0000000085f00000, 0x0000000085f00000| Untracked 
|  96|0x0000000086000000, 0x0000000086100000, 0x0000000086100000|100%|HS|  |TAMS 0x0000000086000000, 0x0000000086000000| Complete 
|  97|0x0000000086100000, 0x0000000086200000, 0x0000000086200000|100%|HS|  |TAMS 0x0000000086100000, 0x0000000086100000| Complete 
|  98|0x0000000086200000, 0x0000000086300000, 0x0000000086300000|100%| O|  |TAMS 0x0000000086200000, 0x0000000086200000| Untracked 
|  99|0x0000000086300000, 0x0000000086400000, 0x0000000086400000|100%| O|  |TAMS 0x0000000086300000, 0x0000000086300000| Untracked 
| 100|0x0000000086400000, 0x0000000086500000, 0x0000000086500000|100%| O|  |TAMS 0x0000000086400000, 0x0000000086400000| Untracked 
| 101|0x0000000086500000, 0x0000000086600000, 0x0000000086600000|100%| O|  |TAMS 0x0000000086500000, 0x0000000086500000| Untracked 
| 102|0x0000000086600000, 0x0000000086700000, 0x0000000086700000|100%| O|  |TAMS 0x0000000086600000, 0x0000000086600000| Untracked 
| 103|0x0000000086700000, 0x0000000086800000, 0x0000000086800000|100%| O|  |TAMS 0x0000000086700000, 0x0000000086700000| Untracked 
| 104|0x0000000086800000, 0x0000000086900000, 0x0000000086900000|100%| O|  |TAMS 0x0000000086800000, 0x0000000086800000| Untracked 
| 105|0x0000000086900000, 0x0000000086a00000, 0x0000000086a00000|100%| O|  |TAMS 0x0000000086900000, 0x0000000086900000| Untracked 
| 106|0x0000000086a00000, 0x0000000086b00000, 0x0000000086b00000|100%| O|  |TAMS 0x0000000086a00000, 0x0000000086a00000| Untracked 
| 107|0x0000000086b00000, 0x0000000086c00000, 0x0000000086c00000|100%| O|  |TAMS 0x0000000086b00000, 0x0000000086b00000| Untracked 
| 108|0x0000000086c00000, 0x0000000086d00000, 0x0000000086d00000|100%| O|  |TAMS 0x0000000086c00000, 0x0000000086c00000| Untracked 
| 109|0x0000000086d00000, 0x0000000086e00000, 0x0000000086e00000|100%| O|  |TAMS 0x0000000086d00000, 0x0000000086d00000| Untracked 
| 110|0x0000000086e00000, 0x0000000086f00000, 0x0000000086f00000|100%| O|  |TAMS 0x0000000086e00000, 0x0000000086e00000| Untracked 
| 111|0x0000000086f00000, 0x0000000087000000, 0x0000000087000000|100%| O|  |TAMS 0x0000000086f00000, 0x0000000086f00000| Untracked 
| 112|0x0000000087000000, 0x0000000087100000, 0x0000000087100000|100%| O|  |TAMS 0x0000000087000000, 0x0000000087000000| Untracked 
| 113|0x0000000087100000, 0x0000000087200000, 0x0000000087200000|100%| O|  |TAMS 0x0000000087100000, 0x0000000087100000| Untracked 
| 114|0x0000000087200000, 0x0000000087300000, 0x0000000087300000|100%| O|  |TAMS 0x0000000087200000, 0x0000000087200000| Untracked 
| 115|0x0000000087300000, 0x0000000087400000, 0x0000000087400000|100%| O|  |TAMS 0x0000000087300000, 0x0000000087300000| Untracked 
| 116|0x0000000087400000, 0x0000000087500000, 0x0000000087500000|100%| O|  |TAMS 0x0000000087400000, 0x0000000087400000| Untracked 
| 117|0x0000000087500000, 0x0000000087600000, 0x0000000087600000|100%| O|  |TAMS 0x0000000087500000, 0x0000000087500000| Untracked 
| 118|0x0000000087600000, 0x0000000087700000, 0x0000000087700000|100%| O|  |TAMS 0x0000000087600000, 0x0000000087600000| Untracked 
| 119|0x0000000087700000, 0x0000000087800000, 0x0000000087800000|100%| O|  |TAMS 0x0000000087700000, 0x0000000087700000| Untracked 
| 120|0x0000000087800000, 0x0000000087900000, 0x0000000087900000|100%| O|  |TAMS 0x0000000087800000, 0x0000000087800000| Untracked 
| 121|0x0000000087900000, 0x0000000087a00000, 0x0000000087a00000|100%| O|  |TAMS 0x0000000087900000, 0x0000000087900000| Untracked 
| 122|0x0000000087a00000, 0x0000000087b00000, 0x0000000087b00000|100%| O|  |TAMS 0x0000000087a00000, 0x0000000087a00000| Untracked 
| 123|0x0000000087b00000, 0x0000000087c00000, 0x0000000087c00000|100%| O|  |TAMS 0x0000000087c00000, 0x0000000087b00000| Untracked 
| 124|0x0000000087c00000, 0x0000000087d00000, 0x0000000087d00000|100%|HS|  |TAMS 0x0000000087c00000, 0x0000000087c00000| Complete 
| 125|0x0000000087d00000, 0x0000000087e00000, 0x0000000087e00000|100%|HC|  |TAMS 0x0000000087d00000, 0x0000000087d00000| Complete 
| 126|0x0000000087e00000, 0x0000000087f00000, 0x0000000087f00000|100%| O|  |TAMS 0x0000000087e00000, 0x0000000087e00000| Untracked 
| 127|0x0000000087f00000, 0x0000000088000000, 0x0000000088000000|100%|HS|  |TAMS 0x0000000087f00000, 0x0000000087f00000| Complete 
| 128|0x0000000088000000, 0x0000000088100000, 0x0000000088100000|100%| O|  |TAMS 0x0000000088000000, 0x0000000088000000| Untracked 
| 129|0x0000000088100000, 0x0000000088200000, 0x0000000088200000|100%|HS|  |TAMS 0x0000000088100000, 0x0000000088100000| Complete 
| 130|0x0000000088200000, 0x0000000088300000, 0x0000000088300000|100%| O|  |TAMS 0x0000000088200000, 0x0000000088200000| Untracked 
| 131|0x0000000088300000, 0x0000000088400000, 0x0000000088400000|100%|HS|  |TAMS 0x0000000088300000, 0x0000000088300000| Complete 
| 132|0x0000000088400000, 0x0000000088500000, 0x0000000088500000|100%| O|  |TAMS 0x0000000088400000, 0x0000000088400000| Untracked 
| 133|0x0000000088500000, 0x0000000088600000, 0x0000000088600000|100%| O|  |TAMS 0x0000000088600000, 0x0000000088500000| Untracked 
| 134|0x0000000088600000, 0x0000000088700000, 0x0000000088700000|100%| O|  |TAMS 0x0000000088700000, 0x0000000088600000| Untracked 
| 135|0x0000000088700000, 0x0000000088800000, 0x0000000088800000|100%| O|  |TAMS 0x0000000088700000, 0x0000000088700000| Untracked 
| 136|0x0000000088800000, 0x0000000088900000, 0x0000000088900000|100%| O|  |TAMS 0x0000000088900000, 0x0000000088800000| Untracked 
| 137|0x0000000088900000, 0x0000000088a00000, 0x0000000088a00000|100%| O|  |TAMS 0x0000000088900000, 0x0000000088900000| Untracked 
| 138|0x0000000088a00000, 0x0000000088b00000, 0x0000000088b00000|100%| O|  |TAMS 0x0000000088a00000, 0x0000000088a00000| Untracked 
| 139|0x0000000088b00000, 0x0000000088c00000, 0x0000000088c00000|100%| O|  |TAMS 0x0000000088c00000, 0x0000000088b00000| Untracked 
| 140|0x0000000088c00000, 0x0000000088d00000, 0x0000000088d00000|100%| O|  |TAMS 0x0000000088d00000, 0x0000000088c00000| Untracked 
| 141|0x0000000088d00000, 0x0000000088e00000, 0x0000000088e00000|100%| O|  |TAMS 0x0000000088e00000, 0x0000000088d00000| Untracked 
| 142|0x0000000088e00000, 0x0000000088f00000, 0x0000000088f00000|100%| O|  |TAMS 0x0000000088f00000, 0x0000000088e00000| Untracked 
| 143|0x0000000088f00000, 0x0000000089000000, 0x0000000089000000|100%| O|  |TAMS 0x0000000088f00000, 0x0000000088f00000| Untracked 
| 144|0x0000000089000000, 0x0000000089100000, 0x0000000089100000|100%| O|  |TAMS 0x0000000089100000, 0x0000000089000000| Untracked 
| 145|0x0000000089100000, 0x0000000089200000, 0x0000000089200000|100%| O|  |TAMS 0x0000000089100000, 0x0000000089100000| Untracked 
| 146|0x0000000089200000, 0x0000000089300000, 0x0000000089300000|100%| O|  |TAMS 0x0000000089200000, 0x0000000089200000| Untracked 
| 147|0x0000000089300000, 0x0000000089400000, 0x0000000089400000|100%| O|  |TAMS 0x0000000089300000, 0x0000000089300000| Untracked 
| 148|0x0000000089400000, 0x0000000089500000, 0x0000000089500000|100%| O|  |TAMS 0x0000000089400000, 0x0000000089400000| Untracked 
| 149|0x0000000089500000, 0x0000000089600000, 0x0000000089600000|100%| O|  |TAMS 0x0000000089500000, 0x0000000089500000| Untracked 
| 150|0x0000000089600000, 0x0000000089700000, 0x0000000089700000|100%| O|  |TAMS 0x0000000089600000, 0x0000000089600000| Untracked 
| 151|0x0000000089700000, 0x0000000089800000, 0x0000000089800000|100%| O|  |TAMS 0x0000000089700000, 0x0000000089700000| Untracked 
| 152|0x0000000089800000, 0x0000000089900000, 0x0000000089900000|100%| O|  |TAMS 0x0000000089800000, 0x0000000089800000| Untracked 
| 153|0x0000000089900000, 0x0000000089a00000, 0x0000000089a00000|100%| O|  |TAMS 0x0000000089a00000, 0x0000000089900000| Untracked 
| 154|0x0000000089a00000, 0x0000000089b00000, 0x0000000089b00000|100%| O|  |TAMS 0x0000000089b00000, 0x0000000089a00000| Untracked 
| 155|0x0000000089b00000, 0x0000000089c00000, 0x0000000089c00000|100%| O|  |TAMS 0x0000000089b00000, 0x0000000089b00000| Untracked 
| 156|0x0000000089c00000, 0x0000000089d00000, 0x0000000089d00000|100%| O|  |TAMS 0x0000000089c00000, 0x0000000089c00000| Untracked 
| 157|0x0000000089d00000, 0x0000000089e00000, 0x0000000089e00000|100%| O|  |TAMS 0x0000000089d00000, 0x0000000089d00000| Untracked 
| 158|0x0000000089e00000, 0x0000000089f00000, 0x0000000089f00000|100%| O|  |TAMS 0x0000000089e00000, 0x0000000089e00000| Untracked 
| 159|0x0000000089f00000, 0x000000008a000000, 0x000000008a000000|100%| O|  |TAMS 0x0000000089f00000, 0x0000000089f00000| Untracked 
| 160|0x000000008a000000, 0x000000008a100000, 0x000000008a100000|100%| O|  |TAMS 0x000000008a000000, 0x000000008a000000| Untracked 
| 161|0x000000008a100000, 0x000000008a200000, 0x000000008a200000|100%| O|  |TAMS 0x000000008a200000, 0x000000008a100000| Untracked 
| 162|0x000000008a200000, 0x000000008a300000, 0x000000008a300000|100%|HS|  |TAMS 0x000000008a300000, 0x000000008a200000| Complete 
| 163|0x000000008a300000, 0x000000008a400000, 0x000000008a400000|100%|HC|  |TAMS 0x000000008a400000, 0x000000008a300000| Complete 
| 164|0x000000008a400000, 0x000000008a500000, 0x000000008a500000|100%| O|  |TAMS 0x000000008a500000, 0x000000008a400000| Untracked 
| 165|0x000000008a500000, 0x000000008a600000, 0x000000008a600000|100%| O|  |TAMS 0x000000008a600000, 0x000000008a500000| Untracked 
| 166|0x000000008a600000, 0x000000008a700000, 0x000000008a700000|100%| O|  |TAMS 0x000000008a700000, 0x000000008a600000| Untracked 
| 167|0x000000008a700000, 0x000000008a800000, 0x000000008a800000|100%| O|  |TAMS 0x000000008a800000, 0x000000008a700000| Untracked 
| 168|0x000000008a800000, 0x000000008a900000, 0x000000008a900000|100%| O|  |TAMS 0x000000008a900000, 0x000000008a800000| Untracked 
| 169|0x000000008a900000, 0x000000008aa00000, 0x000000008aa00000|100%| O|  |TAMS 0x000000008aa00000, 0x000000008a900000| Untracked 
| 170|0x000000008aa00000, 0x000000008ab00000, 0x000000008ab00000|100%| O|  |TAMS 0x000000008ab00000, 0x000000008aa00000| Untracked 
| 171|0x000000008ab00000, 0x000000008ac00000, 0x000000008ac00000|100%| O|  |TAMS 0x000000008ac00000, 0x000000008ab00000| Untracked 
| 172|0x000000008ac00000, 0x000000008ad00000, 0x000000008ad00000|100%| O|  |TAMS 0x000000008ac00000, 0x000000008ac00000| Untracked 
| 173|0x000000008ad00000, 0x000000008ae00000, 0x000000008ae00000|100%| O|  |TAMS 0x000000008adc4e00, 0x000000008ad00000| Untracked 
| 174|0x000000008ae00000, 0x000000008af00000, 0x000000008af00000|100%| O|  |TAMS 0x000000008ae00000, 0x000000008ae00000| Untracked 
| 175|0x000000008af00000, 0x000000008b000000, 0x000000008b000000|100%| O|  |TAMS 0x000000008af00000, 0x000000008af00000| Untracked 
| 176|0x000000008b000000, 0x000000008b100000, 0x000000008b100000|100%| O|  |TAMS 0x000000008b000000, 0x000000008b000000| Untracked 
| 177|0x000000008b100000, 0x000000008b200000, 0x000000008b200000|100%| O|  |TAMS 0x000000008b100000, 0x000000008b100000| Untracked 
| 178|0x000000008b200000, 0x000000008b300000, 0x000000008b300000|100%| O|  |TAMS 0x000000008b200000, 0x000000008b200000| Untracked 
| 179|0x000000008b300000, 0x000000008b400000, 0x000000008b400000|100%| O|  |TAMS 0x000000008b300000, 0x000000008b300000| Untracked 
| 180|0x000000008b400000, 0x000000008b500000, 0x000000008b500000|100%| O|  |TAMS 0x000000008b400000, 0x000000008b400000| Untracked 
| 181|0x000000008b500000, 0x000000008b600000, 0x000000008b600000|100%| O|  |TAMS 0x000000008b500000, 0x000000008b500000| Untracked 
| 182|0x000000008b600000, 0x000000008b700000, 0x000000008b700000|100%| O|  |TAMS 0x000000008b600000, 0x000000008b600000| Untracked 
| 183|0x000000008b700000, 0x000000008b800000, 0x000000008b800000|100%| O|  |TAMS 0x000000008b700000, 0x000000008b700000| Untracked 
| 184|0x000000008b800000, 0x000000008b900000, 0x000000008b900000|100%| O|  |TAMS 0x000000008b800000, 0x000000008b800000| Untracked 
| 185|0x000000008b900000, 0x000000008ba00000, 0x000000008ba00000|100%| O|  |TAMS 0x000000008b900000, 0x000000008b900000| Untracked 
| 186|0x000000008ba00000, 0x000000008bb00000, 0x000000008bb00000|100%| O|  |TAMS 0x000000008ba00000, 0x000000008ba00000| Untracked 
| 187|0x000000008bb00000, 0x000000008bc00000, 0x000000008bc00000|100%| O|  |TAMS 0x000000008bb00000, 0x000000008bb00000| Untracked 
| 188|0x000000008bc00000, 0x000000008bd00000, 0x000000008bd00000|100%| O|  |TAMS 0x000000008bc00000, 0x000000008bc00000| Untracked 
| 189|0x000000008bd00000, 0x000000008be00000, 0x000000008be00000|100%| O|  |TAMS 0x000000008bd00000, 0x000000008bd00000| Untracked 
| 190|0x000000008be00000, 0x000000008bf00000, 0x000000008bf00000|100%| O|  |TAMS 0x000000008be00000, 0x000000008be00000| Untracked 
| 191|0x000000008bf00000, 0x000000008c000000, 0x000000008c000000|100%| O|  |TAMS 0x000000008bf00000, 0x000000008bf00000| Untracked 
| 192|0x000000008c000000, 0x000000008c100000, 0x000000008c100000|100%| O|  |TAMS 0x000000008c000000, 0x000000008c000000| Untracked 
| 193|0x000000008c100000, 0x000000008c200000, 0x000000008c200000|100%| O|  |TAMS 0x000000008c100000, 0x000000008c100000| Untracked 
| 194|0x000000008c200000, 0x000000008c300000, 0x000000008c300000|100%| O|  |TAMS 0x000000008c200000, 0x000000008c200000| Untracked 
| 195|0x000000008c300000, 0x000000008c400000, 0x000000008c400000|100%| O|  |TAMS 0x000000008c300000, 0x000000008c300000| Untracked 
| 196|0x000000008c400000, 0x000000008c500000, 0x000000008c500000|100%| O|  |TAMS 0x000000008c400000, 0x000000008c400000| Untracked 
| 197|0x000000008c500000, 0x000000008c500000, 0x000000008c600000|  0%| F|  |TAMS 0x000000008c500000, 0x000000008c500000| Untracked 
| 198|0x000000008c600000, 0x000000008c600000, 0x000000008c700000|  0%| F|  |TAMS 0x000000008c600000, 0x000000008c600000| Untracked 
| 199|0x000000008c700000, 0x000000008c700000, 0x000000008c800000|  0%| F|  |TAMS 0x000000008c700000, 0x000000008c700000| Untracked 
| 200|0x000000008c800000, 0x000000008c800000, 0x000000008c900000|  0%| F|  |TAMS 0x000000008c800000, 0x000000008c800000| Untracked 
| 201|0x000000008c900000, 0x000000008c900000, 0x000000008ca00000|  0%| F|  |TAMS 0x000000008c900000, 0x000000008c900000| Untracked 
| 202|0x000000008ca00000, 0x000000008ca00000, 0x000000008cb00000|  0%| F|  |TAMS 0x000000008ca00000, 0x000000008ca00000| Untracked 
| 203|0x000000008cb00000, 0x000000008cb00000, 0x000000008cc00000|  0%| F|  |TAMS 0x000000008cb00000, 0x000000008cb00000| Untracked 
| 204|0x000000008cc00000, 0x000000008cc00000, 0x000000008cd00000|  0%| F|  |TAMS 0x000000008cc00000, 0x000000008cc00000| Untracked 
| 205|0x000000008cd00000, 0x000000008cd00000, 0x000000008ce00000|  0%| F|  |TAMS 0x000000008cd00000, 0x000000008cd00000| Untracked 
| 206|0x000000008ce00000, 0x000000008ce00000, 0x000000008cf00000|  0%| F|  |TAMS 0x000000008ce00000, 0x000000008ce00000| Untracked 
| 207|0x000000008cf00000, 0x000000008cf00000, 0x000000008d000000|  0%| F|  |TAMS 0x000000008cf00000, 0x000000008cf00000| Untracked 
| 208|0x000000008d000000, 0x000000008d000000, 0x000000008d100000|  0%| F|  |TAMS 0x000000008d000000, 0x000000008d000000| Untracked 
| 209|0x000000008d100000, 0x000000008d100000, 0x000000008d200000|  0%| F|  |TAMS 0x000000008d100000, 0x000000008d100000| Untracked 
| 210|0x000000008d200000, 0x000000008d200000, 0x000000008d300000|  0%| F|  |TAMS 0x000000008d200000, 0x000000008d200000| Untracked 
| 211|0x000000008d300000, 0x000000008d300000, 0x000000008d400000|  0%| F|  |TAMS 0x000000008d300000, 0x000000008d300000| Untracked 
| 212|0x000000008d400000, 0x000000008d500000, 0x000000008d500000|100%| O|  |TAMS 0x000000008d400000, 0x000000008d400000| Untracked 
| 213|0x000000008d500000, 0x000000008d59ea00, 0x000000008d600000| 61%| O|  |TAMS 0x000000008d500000, 0x000000008d500000| Untracked 
| 214|0x000000008d600000, 0x000000008d600000, 0x000000008d700000|  0%| F|  |TAMS 0x000000008d600000, 0x000000008d600000| Untracked 
| 215|0x000000008d700000, 0x000000008d700000, 0x000000008d800000|  0%| F|  |TAMS 0x000000008d700000, 0x000000008d700000| Untracked 
| 216|0x000000008d800000, 0x000000008d800000, 0x000000008d900000|  0%| F|  |TAMS 0x000000008d800000, 0x000000008d800000| Untracked 
| 217|0x000000008d900000, 0x000000008d900000, 0x000000008da00000|  0%| F|  |TAMS 0x000000008d900000, 0x000000008d900000| Untracked 
| 218|0x000000008da00000, 0x000000008da00000, 0x000000008db00000|  0%| F|  |TAMS 0x000000008da00000, 0x000000008da00000| Untracked 
| 219|0x000000008db00000, 0x000000008db00000, 0x000000008dc00000|  0%| F|  |TAMS 0x000000008db00000, 0x000000008db00000| Untracked 
| 220|0x000000008dc00000, 0x000000008dc00000, 0x000000008dd00000|  0%| F|  |TAMS 0x000000008dc00000, 0x000000008dc00000| Untracked 
| 221|0x000000008dd00000, 0x000000008dd00000, 0x000000008de00000|  0%| F|  |TAMS 0x000000008dd00000, 0x000000008dd00000| Untracked 
| 222|0x000000008de00000, 0x000000008de00000, 0x000000008df00000|  0%| F|  |TAMS 0x000000008de00000, 0x000000008de00000| Untracked 
| 223|0x000000008df00000, 0x000000008df00000, 0x000000008e000000|  0%| F|  |TAMS 0x000000008df00000, 0x000000008df00000| Untracked 
| 224|0x000000008e000000, 0x000000008e000000, 0x000000008e100000|  0%| F|  |TAMS 0x000000008e000000, 0x000000008e000000| Untracked 
| 225|0x000000008e100000, 0x000000008e100000, 0x000000008e200000|  0%| F|  |TAMS 0x000000008e100000, 0x000000008e100000| Untracked 
| 226|0x000000008e200000, 0x000000008e200000, 0x000000008e300000|  0%| F|  |TAMS 0x000000008e200000, 0x000000008e200000| Untracked 
| 227|0x000000008e300000, 0x000000008e300000, 0x000000008e400000|  0%| F|  |TAMS 0x000000008e300000, 0x000000008e300000| Untracked 
| 228|0x000000008e400000, 0x000000008e500000, 0x000000008e500000|100%| S|CS|TAMS 0x000000008e400000, 0x000000008e400000| Complete 
| 229|0x000000008e500000, 0x000000008e600000, 0x000000008e600000|100%| S|CS|TAMS 0x000000008e500000, 0x000000008e500000| Complete 
| 230|0x000000008e600000, 0x000000008e700000, 0x000000008e700000|100%| S|CS|TAMS 0x000000008e600000, 0x000000008e600000| Complete 
| 231|0x000000008e700000, 0x000000008e800000, 0x000000008e800000|100%| S|CS|TAMS 0x000000008e700000, 0x000000008e700000| Complete 
| 232|0x000000008e800000, 0x000000008e900000, 0x000000008e900000|100%| S|CS|TAMS 0x000000008e800000, 0x000000008e800000| Complete 
| 233|0x000000008e900000, 0x000000008ea00000, 0x000000008ea00000|100%| S|CS|TAMS 0x000000008e900000, 0x000000008e900000| Complete 
| 234|0x000000008ea00000, 0x000000008eb00000, 0x000000008eb00000|100%| S|CS|TAMS 0x000000008ea00000, 0x000000008ea00000| Complete 
| 235|0x000000008eb00000, 0x000000008ec00000, 0x000000008ec00000|100%| S|CS|TAMS 0x000000008eb00000, 0x000000008eb00000| Complete 
| 236|0x000000008ec00000, 0x000000008ed00000, 0x000000008ed00000|100%| S|CS|TAMS 0x000000008ec00000, 0x000000008ec00000| Complete 
| 237|0x000000008ed00000, 0x000000008ee00000, 0x000000008ee00000|100%| S|CS|TAMS 0x000000008ed00000, 0x000000008ed00000| Complete 
| 238|0x000000008ee00000, 0x000000008ef00000, 0x000000008ef00000|100%| S|CS|TAMS 0x000000008ee00000, 0x000000008ee00000| Complete 
| 239|0x000000008ef00000, 0x000000008f000000, 0x000000008f000000|100%| S|CS|TAMS 0x000000008ef00000, 0x000000008ef00000| Complete 
| 240|0x000000008f000000, 0x000000008f100000, 0x000000008f100000|100%| S|CS|TAMS 0x000000008f000000, 0x000000008f000000| Complete 
| 241|0x000000008f100000, 0x000000008f100000, 0x000000008f200000|  0%| F|  |TAMS 0x000000008f100000, 0x000000008f100000| Untracked 
| 242|0x000000008f200000, 0x000000008f200000, 0x000000008f300000|  0%| F|  |TAMS 0x000000008f200000, 0x000000008f200000| Untracked 
| 243|0x000000008f300000, 0x000000008f300000, 0x000000008f400000|  0%| F|  |TAMS 0x000000008f300000, 0x000000008f300000| Untracked 
| 244|0x000000008f400000, 0x000000008f400000, 0x000000008f500000|  0%| F|  |TAMS 0x000000008f400000, 0x000000008f400000| Untracked 
| 245|0x000000008f500000, 0x000000008f500000, 0x000000008f600000|  0%| F|  |TAMS 0x000000008f500000, 0x000000008f500000| Untracked 
| 246|0x000000008f600000, 0x000000008f600000, 0x000000008f700000|  0%| F|  |TAMS 0x000000008f600000, 0x000000008f600000| Untracked 
| 247|0x000000008f700000, 0x000000008f700000, 0x000000008f800000|  0%| F|  |TAMS 0x000000008f700000, 0x000000008f700000| Untracked 
| 248|0x000000008f800000, 0x000000008f800000, 0x000000008f900000|  0%| F|  |TAMS 0x000000008f800000, 0x000000008f800000| Untracked 
| 249|0x000000008f900000, 0x000000008f900000, 0x000000008fa00000|  0%| F|  |TAMS 0x000000008f900000, 0x000000008f900000| Untracked 
| 250|0x000000008fa00000, 0x000000008fa00000, 0x000000008fb00000|  0%| F|  |TAMS 0x000000008fa00000, 0x000000008fa00000| Untracked 
| 251|0x000000008fb00000, 0x000000008fb00000, 0x000000008fc00000|  0%| F|  |TAMS 0x000000008fb00000, 0x000000008fb00000| Untracked 
| 252|0x000000008fc00000, 0x000000008fc00000, 0x000000008fd00000|  0%| F|  |TAMS 0x000000008fc00000, 0x000000008fc00000| Untracked 
| 253|0x000000008fd00000, 0x000000008fd00000, 0x000000008fe00000|  0%| F|  |TAMS 0x000000008fd00000, 0x000000008fd00000| Untracked 
| 254|0x000000008fe00000, 0x000000008fe00000, 0x000000008ff00000|  0%| F|  |TAMS 0x000000008fe00000, 0x000000008fe00000| Untracked 
| 255|0x000000008ff00000, 0x000000008ff00000, 0x0000000090000000|  0%| F|  |TAMS 0x000000008ff00000, 0x000000008ff00000| Untracked 
| 256|0x0000000090000000, 0x0000000090000000, 0x0000000090100000|  0%| F|  |TAMS 0x0000000090000000, 0x0000000090000000| Untracked 
| 257|0x0000000090100000, 0x0000000090100000, 0x0000000090200000|  0%| F|  |TAMS 0x0000000090100000, 0x0000000090100000| Untracked 
| 258|0x0000000090200000, 0x0000000090200000, 0x0000000090300000|  0%| F|  |TAMS 0x0000000090200000, 0x0000000090200000| Untracked 
| 259|0x0000000090300000, 0x0000000090300000, 0x0000000090400000|  0%| F|  |TAMS 0x0000000090300000, 0x0000000090300000| Untracked 
| 260|0x0000000090400000, 0x0000000090400000, 0x0000000090500000|  0%| F|  |TAMS 0x0000000090400000, 0x0000000090400000| Untracked 
| 261|0x0000000090500000, 0x0000000090500000, 0x0000000090600000|  0%| F|  |TAMS 0x0000000090500000, 0x0000000090500000| Untracked 
| 262|0x0000000090600000, 0x0000000090600000, 0x0000000090700000|  0%| F|  |TAMS 0x0000000090600000, 0x0000000090600000| Untracked 
| 263|0x0000000090700000, 0x0000000090700000, 0x0000000090800000|  0%| F|  |TAMS 0x0000000090700000, 0x0000000090700000| Untracked 
| 264|0x0000000090800000, 0x0000000090800000, 0x0000000090900000|  0%| F|  |TAMS 0x0000000090800000, 0x0000000090800000| Untracked 
| 265|0x0000000090900000, 0x0000000090900000, 0x0000000090a00000|  0%| F|  |TAMS 0x0000000090900000, 0x0000000090900000| Untracked 
| 266|0x0000000090a00000, 0x0000000090a00000, 0x0000000090b00000|  0%| F|  |TAMS 0x0000000090a00000, 0x0000000090a00000| Untracked 
| 267|0x0000000090b00000, 0x0000000090b00000, 0x0000000090c00000|  0%| F|  |TAMS 0x0000000090b00000, 0x0000000090b00000| Untracked 
| 268|0x0000000090c00000, 0x0000000090c00000, 0x0000000090d00000|  0%| F|  |TAMS 0x0000000090c00000, 0x0000000090c00000| Untracked 
| 269|0x0000000090d00000, 0x0000000090d00000, 0x0000000090e00000|  0%| F|  |TAMS 0x0000000090d00000, 0x0000000090d00000| Untracked 
| 270|0x0000000090e00000, 0x0000000090e00000, 0x0000000090f00000|  0%| F|  |TAMS 0x0000000090e00000, 0x0000000090e00000| Untracked 
| 271|0x0000000090f00000, 0x0000000090f00000, 0x0000000091000000|  0%| F|  |TAMS 0x0000000090f00000, 0x0000000090f00000| Untracked 
| 272|0x0000000091000000, 0x0000000091000000, 0x0000000091100000|  0%| F|  |TAMS 0x0000000091000000, 0x0000000091000000| Untracked 
| 273|0x0000000091100000, 0x0000000091100000, 0x0000000091200000|  0%| F|  |TAMS 0x0000000091100000, 0x0000000091100000| Untracked 
| 274|0x0000000091200000, 0x0000000091200000, 0x0000000091300000|  0%| F|  |TAMS 0x0000000091200000, 0x0000000091200000| Untracked 
| 275|0x0000000091300000, 0x0000000091300000, 0x0000000091400000|  0%| F|  |TAMS 0x0000000091300000, 0x0000000091300000| Untracked 
| 276|0x0000000091400000, 0x0000000091400000, 0x0000000091500000|  0%| F|  |TAMS 0x0000000091400000, 0x0000000091400000| Untracked 
| 277|0x0000000091500000, 0x0000000091500000, 0x0000000091600000|  0%| F|  |TAMS 0x0000000091500000, 0x0000000091500000| Untracked 
| 278|0x0000000091600000, 0x0000000091600000, 0x0000000091700000|  0%| F|  |TAMS 0x0000000091600000, 0x0000000091600000| Untracked 
| 279|0x0000000091700000, 0x0000000091700000, 0x0000000091800000|  0%| F|  |TAMS 0x0000000091700000, 0x0000000091700000| Untracked 
| 280|0x0000000091800000, 0x0000000091800000, 0x0000000091900000|  0%| F|  |TAMS 0x0000000091800000, 0x0000000091800000| Untracked 
| 281|0x0000000091900000, 0x0000000091900000, 0x0000000091a00000|  0%| F|  |TAMS 0x0000000091900000, 0x0000000091900000| Untracked 
| 282|0x0000000091a00000, 0x0000000091a00000, 0x0000000091b00000|  0%| F|  |TAMS 0x0000000091a00000, 0x0000000091a00000| Untracked 
| 283|0x0000000091b00000, 0x0000000091b00000, 0x0000000091c00000|  0%| F|  |TAMS 0x0000000091b00000, 0x0000000091b00000| Untracked 
| 284|0x0000000091c00000, 0x0000000091c00000, 0x0000000091d00000|  0%| F|  |TAMS 0x0000000091c00000, 0x0000000091c00000| Untracked 
| 285|0x0000000091d00000, 0x0000000091d00000, 0x0000000091e00000|  0%| F|  |TAMS 0x0000000091d00000, 0x0000000091d00000| Untracked 
| 286|0x0000000091e00000, 0x0000000091e00000, 0x0000000091f00000|  0%| F|  |TAMS 0x0000000091e00000, 0x0000000091e00000| Untracked 
| 287|0x0000000091f00000, 0x0000000091f00000, 0x0000000092000000|  0%| F|  |TAMS 0x0000000091f00000, 0x0000000091f00000| Untracked 
| 288|0x0000000092000000, 0x0000000092000000, 0x0000000092100000|  0%| F|  |TAMS 0x0000000092000000, 0x0000000092000000| Untracked 
| 289|0x0000000092100000, 0x0000000092100000, 0x0000000092200000|  0%| F|  |TAMS 0x0000000092100000, 0x0000000092100000| Untracked 
| 290|0x0000000092200000, 0x0000000092200000, 0x0000000092300000|  0%| F|  |TAMS 0x0000000092200000, 0x0000000092200000| Untracked 
| 291|0x0000000092300000, 0x0000000092300000, 0x0000000092400000|  0%| F|  |TAMS 0x0000000092300000, 0x0000000092300000| Untracked 
| 292|0x0000000092400000, 0x0000000092400000, 0x0000000092500000|  0%| F|  |TAMS 0x0000000092400000, 0x0000000092400000| Untracked 
| 293|0x0000000092500000, 0x0000000092500000, 0x0000000092600000|  0%| F|  |TAMS 0x0000000092500000, 0x0000000092500000| Untracked 
| 294|0x0000000092600000, 0x0000000092600000, 0x0000000092700000|  0%| F|  |TAMS 0x0000000092600000, 0x0000000092600000| Untracked 
| 295|0x0000000092700000, 0x0000000092700000, 0x0000000092800000|  0%| F|  |TAMS 0x0000000092700000, 0x0000000092700000| Untracked 
| 296|0x0000000092800000, 0x0000000092800000, 0x0000000092900000|  0%| F|  |TAMS 0x0000000092800000, 0x0000000092800000| Untracked 
| 297|0x0000000092900000, 0x00000000929e8288, 0x0000000092a00000| 90%| E|  |TAMS 0x0000000092900000, 0x0000000092900000| Complete 
| 298|0x0000000092a00000, 0x0000000092b00000, 0x0000000092b00000|100%| E|CS|TAMS 0x0000000092a00000, 0x0000000092a00000| Complete 
| 299|0x0000000092b00000, 0x0000000092c00000, 0x0000000092c00000|100%| E|CS|TAMS 0x0000000092b00000, 0x0000000092b00000| Complete 
| 300|0x0000000092c00000, 0x0000000092d00000, 0x0000000092d00000|100%| E|CS|TAMS 0x0000000092c00000, 0x0000000092c00000| Complete 
| 301|0x0000000092d00000, 0x0000000092e00000, 0x0000000092e00000|100%| E|CS|TAMS 0x0000000092d00000, 0x0000000092d00000| Complete 
| 302|0x0000000092e00000, 0x0000000092f00000, 0x0000000092f00000|100%| E|CS|TAMS 0x0000000092e00000, 0x0000000092e00000| Complete 
| 303|0x0000000092f00000, 0x0000000093000000, 0x0000000093000000|100%| E|CS|TAMS 0x0000000092f00000, 0x0000000092f00000| Complete 
| 304|0x0000000093000000, 0x0000000093100000, 0x0000000093100000|100%| E|CS|TAMS 0x0000000093000000, 0x0000000093000000| Complete 
| 305|0x0000000093100000, 0x0000000093200000, 0x0000000093200000|100%| E|CS|TAMS 0x0000000093100000, 0x0000000093100000| Complete 
| 306|0x0000000093200000, 0x0000000093300000, 0x0000000093300000|100%| E|CS|TAMS 0x0000000093200000, 0x0000000093200000| Complete 
| 307|0x0000000093300000, 0x0000000093400000, 0x0000000093400000|100%| E|CS|TAMS 0x0000000093300000, 0x0000000093300000| Complete 
| 308|0x0000000093400000, 0x0000000093500000, 0x0000000093500000|100%| E|CS|TAMS 0x0000000093400000, 0x0000000093400000| Complete 
| 309|0x0000000093500000, 0x0000000093600000, 0x0000000093600000|100%| E|CS|TAMS 0x0000000093500000, 0x0000000093500000| Complete 
| 310|0x0000000093600000, 0x0000000093700000, 0x0000000093700000|100%| E|CS|TAMS 0x0000000093600000, 0x0000000093600000| Complete 
| 311|0x0000000093700000, 0x0000000093800000, 0x0000000093800000|100%| E|CS|TAMS 0x0000000093700000, 0x0000000093700000| Complete 
| 312|0x0000000093800000, 0x0000000093900000, 0x0000000093900000|100%| E|CS|TAMS 0x0000000093800000, 0x0000000093800000| Complete 
| 313|0x0000000093900000, 0x0000000093a00000, 0x0000000093a00000|100%| E|CS|TAMS 0x0000000093900000, 0x0000000093900000| Complete 
| 314|0x0000000093a00000, 0x0000000093b00000, 0x0000000093b00000|100%| E|CS|TAMS 0x0000000093a00000, 0x0000000093a00000| Complete 
| 315|0x0000000093b00000, 0x0000000093c00000, 0x0000000093c00000|100%| E|CS|TAMS 0x0000000093b00000, 0x0000000093b00000| Complete 
| 316|0x0000000093c00000, 0x0000000093d00000, 0x0000000093d00000|100%| E|CS|TAMS 0x0000000093c00000, 0x0000000093c00000| Complete 
| 317|0x0000000093d00000, 0x0000000093e00000, 0x0000000093e00000|100%| E|CS|TAMS 0x0000000093d00000, 0x0000000093d00000| Complete 
| 318|0x0000000093e00000, 0x0000000093f00000, 0x0000000093f00000|100%| E|CS|TAMS 0x0000000093e00000, 0x0000000093e00000| Complete 
| 319|0x0000000093f00000, 0x0000000094000000, 0x0000000094000000|100%| E|CS|TAMS 0x0000000093f00000, 0x0000000093f00000| Complete 
| 320|0x0000000094000000, 0x0000000094100000, 0x0000000094100000|100%| E|CS|TAMS 0x0000000094000000, 0x0000000094000000| Complete 
| 321|0x0000000094100000, 0x0000000094200000, 0x0000000094200000|100%| E|CS|TAMS 0x0000000094100000, 0x0000000094100000| Complete 
| 322|0x0000000094200000, 0x0000000094300000, 0x0000000094300000|100%| E|CS|TAMS 0x0000000094200000, 0x0000000094200000| Complete 
| 323|0x0000000094300000, 0x0000000094400000, 0x0000000094400000|100%| E|CS|TAMS 0x0000000094300000, 0x0000000094300000| Complete 
| 324|0x0000000094400000, 0x0000000094500000, 0x0000000094500000|100%| E|CS|TAMS 0x0000000094400000, 0x0000000094400000| Complete 
| 325|0x0000000094500000, 0x0000000094600000, 0x0000000094600000|100%| E|CS|TAMS 0x0000000094500000, 0x0000000094500000| Complete 
| 326|0x0000000094600000, 0x0000000094700000, 0x0000000094700000|100%| E|CS|TAMS 0x0000000094600000, 0x0000000094600000| Complete 
| 327|0x0000000094700000, 0x0000000094800000, 0x0000000094800000|100%| E|CS|TAMS 0x0000000094700000, 0x0000000094700000| Complete 
| 328|0x0000000094800000, 0x0000000094900000, 0x0000000094900000|100%| E|CS|TAMS 0x0000000094800000, 0x0000000094800000| Complete 
| 329|0x0000000094900000, 0x0000000094a00000, 0x0000000094a00000|100%| E|CS|TAMS 0x0000000094900000, 0x0000000094900000| Complete 

Card table byte_map: [0x00000240f35d0000,0x00000240f39d0000] _byte_map_base: 0x00000240f31d0000

Marking Bits (Prev, Next): (CMBitMap*) 0x00000240de2af810, (CMBitMap*) 0x00000240de2af7d8
 Prev Bits: [0x00000240f5dd0000, 0x00000240f7dd0000)
 Next Bits: [0x00000240f3dd0000, 0x00000240f5dd0000)

Polling page: 0x00000240ddf70000

Metaspace:

Usage:
  Non-class:    109.94 MB capacity,   107.62 MB ( 98%) used,     1.87 MB (  2%) free+waste,   462.06 KB ( <1%) overhead. 
      Class:     16.97 MB capacity,    15.57 MB ( 92%) used,     1.20 MB (  7%) free+waste,   208.88 KB (  1%) overhead. 
       Both:    126.91 MB capacity,   123.19 MB ( 97%) used,     3.07 MB (  2%) free+waste,   670.94 KB ( <1%) overhead. 

Virtual space:
  Non-class space:      112.00 MB reserved,     110.18 MB ( 98%) committed 
      Class space:        1.00 GB reserved,      17.07 MB (  2%) committed 
             Both:        1.11 GB reserved,     127.25 MB ( 11%) committed 

Chunk freelists:
   Non-Class:  50.00 KB
       Class:  0 bytes
        Both:  50.00 KB

MaxMetaspaceSize: 17179869184.00 GB
CompressedClassSpaceSize: 1.00 GB

CodeHeap 'non-profiled nmethods': size=120000Kb used=12930Kb max_used=12930Kb free=107069Kb
 bounds [0x00000240eb010000, 0x00000240ebcc0000, 0x00000240f2540000]
CodeHeap 'profiled nmethods': size=120000Kb used=44313Kb max_used=44313Kb free=75686Kb
 bounds [0x00000240e3ae0000, 0x00000240e6640000, 0x00000240eb010000]
CodeHeap 'non-nmethods': size=5760Kb used=2360Kb max_used=2441Kb free=3399Kb
 bounds [0x00000240e3540000, 0x00000240e37b0000, 0x00000240e3ae0000]
 total_blobs=22232 nmethods=21250 adapters=892
 compilation: enabled
              stopped_count=0, restarted_count=0
 full_count=0

Compilation events (20 events):
Event: 235.074 Thread 0x00000240fb360800 nmethod 22714 0x00000240e6607990 code [0x00000240e6607b60, 0x00000240e6607d58]
Event: 235.074 Thread 0x00000240fb360800 22715       2       com.google.common.collect.HashBiMap::insert (188 bytes)
Event: 235.075 Thread 0x00000240fb360800 nmethod 22715 0x00000240e6607f10 code [0x00000240e6608120, 0x00000240e6608918]
Event: 235.075 Thread 0x00000240fb360800 22718 %     3       com.android.tools.r8.internal.qr::b @ 70 (142 bytes)
Event: 235.076 Thread 0x00000240fb360800 nmethod 22718% 0x00000240e6608b90 code [0x00000240e6608ee0, 0x00000240e660a588]
Event: 235.076 Thread 0x00000240fb360800 22719       2       com.google.gson.stream.JsonWriter::beforeName (47 bytes)
Event: 235.077 Thread 0x00000240fb360800 nmethod 22719 0x00000240e660ae10 code [0x00000240e660b000, 0x00000240e660b378]
Event: 235.077 Thread 0x00000240fb360800 22716       2       com.google.common.base.Preconditions::checkState (25 bytes)
Event: 235.077 Thread 0x00000240fb360800 nmethod 22716 0x00000240e660b590 code [0x00000240e660b760, 0x00000240e660ba78]
Event: 235.077 Thread 0x00000240fb360800 22722       2       com.google.common.collect.HashBiMap::put (8 bytes)
Event: 235.077 Thread 0x00000240fb360800 nmethod 22722 0x00000240e660bc10 code [0x00000240e660bdc0, 0x00000240e660bec8]
Event: 235.077 Thread 0x00000240fb360800 22723  s    1       com.android.tools.build.apkzlib.bytestorage.InMemoryByteStorage::getBytesUsed (5 bytes)
Event: 235.077 Thread 0x00000240fb360800 nmethod 22723 0x00000240ebcb0990 code [0x00000240ebcb0b40, 0x00000240ebcb0d58]
Event: 235.077 Thread 0x00000240fb360800 22725  s    2       com.android.tools.build.apkzlib.bytestorage.LruTracker::track (65 bytes)
Event: 235.078 Thread 0x00000240fb360800 nmethod 22725 0x00000240e660bf90 code [0x00000240e660c1a0, 0x00000240e660c718]
Event: 235.078 Thread 0x00000240fb360800 22727   !   2       com.google.common.cache.LocalCache$Segment::get (210 bytes)
Event: 235.080 Thread 0x00000240fb360800 nmethod 22727 0x00000240e660c990 code [0x00000240e660cd00, 0x00000240e660d958]
Event: 235.080 Thread 0x00000240fb360800 22729       2       com.android.tools.r8.internal.vf::b (9 bytes)
Event: 235.081 Thread 0x00000240fb360800 nmethod 22729 0x00000240e660e610 code [0x00000240e660e7c0, 0x00000240e660e9d8]
Event: 235.081 Thread 0x00000240fb360800 22730       2       com.android.tools.r8.internal.vf$a::a (153 bytes)

GC Heap History (20 events):
Event: 11.967 GC heap before
{Heap before GC invocations=42 (full 0):
 garbage-first heap   total 337920K, used 227602K [0x0000000080000000, 0x0000000100000000)
  region size 1024K, 81 young (82944K), 4 survivors (4096K)
 Metaspace       used 110209K, capacity 113470K, committed 113792K, reserved 1146880K
  class space    used 14463K, capacity 15736K, committed 15820K, reserved 1048576K
}
Event: 11.979 GC heap after
{Heap after GC invocations=43 (full 0):
 garbage-first heap   total 337920K, used 157652K [0x0000000080000000, 0x0000000100000000)
  region size 1024K, 11 young (11264K), 11 survivors (11264K)
 Metaspace       used 110209K, capacity 113470K, committed 113792K, reserved 1146880K
  class space    used 14463K, capacity 15736K, committed 15820K, reserved 1048576K
}
Event: 11.992 GC heap before
{Heap before GC invocations=43 (full 0):
 garbage-first heap   total 337920K, used 162772K [0x0000000080000000, 0x0000000100000000)
  region size 1024K, 16 young (16384K), 11 survivors (11264K)
 Metaspace       used 110261K, capacity 113541K, committed 113792K, reserved 1146880K
  class space    used 14463K, capacity 15737K, committed 15820K, reserved 1048576K
}
Event: 11.999 GC heap after
{Heap after GC invocations=44 (full 0):
 garbage-first heap   total 337920K, used 125985K [0x0000000080000000, 0x0000000100000000)
  region size 1024K, 2 young (2048K), 2 survivors (2048K)
 Metaspace       used 110261K, capacity 113541K, committed 113792K, reserved 1146880K
  class space    used 14463K, capacity 15737K, committed 15820K, reserved 1048576K
}
Event: 12.032 GC heap before
{Heap before GC invocations=44 (full 0):
 garbage-first heap   total 337920K, used 139297K [0x0000000080000000, 0x0000000100000000)
  region size 1024K, 16 young (16384K), 2 survivors (2048K)
 Metaspace       used 110335K, capacity 113605K, committed 113792K, reserved 1146880K
  class space    used 14465K, capacity 15737K, committed 15820K, reserved 1048576K
}
Event: 12.035 GC heap after
{Heap after GC invocations=45 (full 0):
 garbage-first heap   total 337920K, used 123904K [0x0000000080000000, 0x0000000100000000)
  region size 1024K, 2 young (2048K), 2 survivors (2048K)
 Metaspace       used 110335K, capacity 113605K, committed 113792K, reserved 1146880K
  class space    used 14465K, capacity 15737K, committed 15820K, reserved 1048576K
}
Event: 150.144 GC heap before
{Heap before GC invocations=45 (full 0):
 garbage-first heap   total 337920K, used 257024K [0x0000000080000000, 0x0000000100000000)
  region size 1024K, 108 young (110592K), 2 survivors (2048K)
 Metaspace       used 113088K, capacity 116460K, committed 116736K, reserved 1150976K
  class space    used 14768K, capacity 16104K, committed 16204K, reserved 1048576K
}
Event: 150.148 GC heap after
{Heap after GC invocations=46 (full 0):
 garbage-first heap   total 337920K, used 125880K [0x0000000080000000, 0x0000000100000000)
  region size 1024K, 3 young (3072K), 3 survivors (3072K)
 Metaspace       used 113088K, capacity 116460K, committed 116736K, reserved 1150976K
  class space    used 14768K, capacity 16104K, committed 16204K, reserved 1048576K
}
Event: 217.920 GC heap before
{Heap before GC invocations=46 (full 0):
 garbage-first heap   total 337920K, used 273336K [0x0000000080000000, 0x0000000100000000)
  region size 1024K, 131 young (134144K), 3 survivors (3072K)
 Metaspace       used 117031K, capacity 120567K, committed 120704K, reserved 1153024K
  class space    used 15090K, capacity 16477K, committed 16588K, reserved 1048576K
}
Event: 217.926 GC heap after
{Heap after GC invocations=47 (full 0):
 garbage-first heap   total 337920K, used 128190K [0x0000000080000000, 0x0000000100000000)
  region size 1024K, 6 young (6144K), 6 survivors (6144K)
 Metaspace       used 117031K, capacity 120567K, committed 120704K, reserved 1153024K
  class space    used 15090K, capacity 16477K, committed 16588K, reserved 1048576K
}
Event: 233.144 GC heap before
{Heap before GC invocations=47 (full 0):
 garbage-first heap   total 337920K, used 260286K [0x0000000080000000, 0x0000000100000000)
  region size 1024K, 136 young (139264K), 6 survivors (6144K)
 Metaspace       used 118041K, capacity 121683K, committed 121984K, reserved 1155072K
  class space    used 15136K, capacity 16540K, committed 16588K, reserved 1048576K
}
Event: 233.153 GC heap after
{Heap after GC invocations=48 (full 0):
 garbage-first heap   total 337920K, used 137552K [0x0000000080000000, 0x0000000100000000)
  region size 1024K, 15 young (15360K), 15 survivors (15360K)
 Metaspace       used 118041K, capacity 121683K, committed 121984K, reserved 1155072K
  class space    used 15136K, capacity 16540K, committed 16588K, reserved 1048576K
}
Event: 233.928 GC heap before
{Heap before GC invocations=48 (full 0):
 garbage-first heap   total 337920K, used 278864K [0x0000000080000000, 0x0000000100000000)
  region size 1024K, 142 young (145408K), 15 survivors (15360K)
 Metaspace       used 120508K, capacity 124243K, committed 124416K, reserved 1157120K
  class space    used 15421K, capacity 16859K, committed 16972K, reserved 1048576K
}
Event: 233.943 GC heap after
{Heap after GC invocations=49 (full 0):
 garbage-first heap   total 337920K, used 154556K [0x0000000080000000, 0x0000000100000000)
  region size 1024K, 16 young (16384K), 16 survivors (16384K)
 Metaspace       used 120508K, capacity 124243K, committed 124416K, reserved 1157120K
  class space    used 15421K, capacity 16859K, committed 16972K, reserved 1048576K
}
Event: 234.385 GC heap before
{Heap before GC invocations=49 (full 0):
 garbage-first heap   total 337920K, used 283580K [0x0000000080000000, 0x0000000100000000)
  region size 1024K, 128 young (131072K), 16 survivors (16384K)
 Metaspace       used 123392K, capacity 127069K, committed 127360K, reserved 1159168K
  class space    used 15634K, capacity 17062K, committed 17100K, reserved 1048576K
}
Event: 234.395 GC heap after
{Heap after GC invocations=50 (full 0):
 garbage-first heap   total 337920K, used 159246K [0x0000000080000000, 0x0000000100000000)
  region size 1024K, 5 young (5120K), 5 survivors (5120K)
 Metaspace       used 123392K, capacity 127069K, committed 127360K, reserved 1159168K
  class space    used 15634K, capacity 17062K, committed 17100K, reserved 1048576K
}
Event: 234.827 GC heap before
{Heap before GC invocations=50 (full 0):
 garbage-first heap   total 337920K, used 289294K [0x0000000080000000, 0x0000000100000000)
  region size 1024K, 118 young (120832K), 5 survivors (5120K)
 Metaspace       used 125346K, capacity 129078K, committed 129408K, reserved 1161216K
  class space    used 15831K, capacity 17279K, committed 17356K, reserved 1048576K
}
Event: 234.837 GC heap after
{Heap after GC invocations=51 (full 0):
 garbage-first heap   total 337920K, used 182540K [0x0000000080000000, 0x0000000100000000)
  region size 1024K, 15 young (15360K), 15 survivors (15360K)
 Metaspace       used 125346K, capacity 129078K, committed 129408K, reserved 1161216K
  class space    used 15831K, capacity 17279K, committed 17356K, reserved 1048576K
}
Event: 235.017 GC heap before
{Heap before GC invocations=51 (full 0):
 garbage-first heap   total 337920K, used 272652K [0x0000000080000000, 0x0000000100000000)
  region size 1024K, 104 young (106496K), 15 survivors (15360K)
 Metaspace       used 126086K, capacity 129824K, committed 130048K, reserved 1161216K
  class space    used 15938K, capacity 17379K, committed 17484K, reserved 1048576K
}
Event: 235.048 GC heap after
{Heap after GC invocations=52 (full 0):
 garbage-first heap   total 337920K, used 216698K [0x0000000080000000, 0x0000000100000000)
  region size 1024K, 13 young (13312K), 13 survivors (13312K)
 Metaspace       used 126086K, capacity 129824K, committed 130048K, reserved 1161216K
  class space    used 15938K, capacity 17379K, committed 17484K, reserved 1048576K
}

Deoptimization events (20 events):
Event: 235.056 Thread 0x00000240fde18800 DEOPT PACKING pc=0x00000240e50df9fe sp=0x000000cd84dfe3e0
Event: 235.056 Thread 0x00000240fde18800 DEOPT UNPACKING pc=0x00000240e35676ce sp=0x000000cd84dfd960 mode 0
Event: 235.060 Thread 0x00000240fe57a000 DEOPT PACKING pc=0x00000240e6519444 sp=0x000000cd832fcfc0
Event: 235.060 Thread 0x00000240fe57a000 DEOPT UNPACKING pc=0x00000240e35676ce sp=0x000000cd832fc560 mode 0
Event: 235.062 Thread 0x00000240fde18800 DEOPT PACKING pc=0x00000240e50cdf60 sp=0x000000cd84dfe880
Event: 235.062 Thread 0x00000240fde18800 DEOPT UNPACKING pc=0x00000240e35676ce sp=0x000000cd84dfdea8 mode 0
Event: 235.065 Thread 0x00000240fe57a000 DEOPT PACKING pc=0x00000240e6519444 sp=0x000000cd832fcfc0
Event: 235.065 Thread 0x00000240fe57a000 DEOPT UNPACKING pc=0x00000240e35676ce sp=0x000000cd832fc560 mode 0
Event: 235.071 Thread 0x00000240fe57a000 DEOPT PACKING pc=0x00000240e6519444 sp=0x000000cd832fcfc0
Event: 235.071 Thread 0x00000240fe57a000 DEOPT UNPACKING pc=0x00000240e35676ce sp=0x000000cd832fc560 mode 0
Event: 235.071 Thread 0x00000240fde18800 DEOPT PACKING pc=0x00000240e50cdf60 sp=0x000000cd84dfe890
Event: 235.071 Thread 0x00000240fde18800 DEOPT UNPACKING pc=0x00000240e35676ce sp=0x000000cd84dfdeb8 mode 0
Event: 235.072 Thread 0x00000240fe581800 DEOPT PACKING pc=0x00000240e3e13572 sp=0x000000cd836fd3c0
Event: 235.072 Thread 0x00000240fe581800 DEOPT UNPACKING pc=0x00000240e35676ce sp=0x000000cd836fc8f0 mode 0
Event: 235.074 Thread 0x00000240fe577000 DEOPT PACKING pc=0x00000240e64a6a88 sp=0x000000cd82bfac40
Event: 235.074 Thread 0x00000240fe577000 DEOPT UNPACKING pc=0x00000240e35676ce sp=0x000000cd82bfa148 mode 0
Event: 235.075 Thread 0x00000240fe57a000 DEOPT PACKING pc=0x00000240e6519444 sp=0x000000cd832fcfc0
Event: 235.075 Thread 0x00000240fe57a000 DEOPT UNPACKING pc=0x00000240e35676ce sp=0x000000cd832fc560 mode 0
Event: 235.081 Thread 0x00000240fe57a000 DEOPT PACKING pc=0x00000240e6519444 sp=0x000000cd832fcfc0
Event: 235.081 Thread 0x00000240fe57a000 DEOPT UNPACKING pc=0x00000240e35676ce sp=0x000000cd832fc560 mode 0

Classes redefined (0 events):
No events

Internal exceptions (20 events):
Event: 234.365 Thread 0x00000240fe577000 Exception <a 'sun/nio/fs/WindowsException'{0x000000008dd2cee8}> (0x000000008dd2cee8) thrown at [./src/hotspot/share/prims/jni.cpp, line 615]
Event: 234.365 Thread 0x00000240fe577000 Exception <a 'sun/nio/fs/WindowsException'{0x000000008dd2ddd8}> (0x000000008dd2ddd8) thrown at [./src/hotspot/share/prims/jni.cpp, line 615]
Event: 234.365 Thread 0x00000240fe577000 Exception <a 'sun/nio/fs/WindowsException'{0x000000008dd2e110}> (0x000000008dd2e110) thrown at [./src/hotspot/share/prims/jni.cpp, line 615]
Event: 234.365 Thread 0x00000240fe577000 Exception <a 'sun/nio/fs/WindowsException'{0x000000008dd2efc8}> (0x000000008dd2efc8) thrown at [./src/hotspot/share/prims/jni.cpp, line 615]
Event: 234.365 Thread 0x00000240fe577000 Exception <a 'sun/nio/fs/WindowsException'{0x000000008dd2f2d8}> (0x000000008dd2f2d8) thrown at [./src/hotspot/share/prims/jni.cpp, line 615]
Event: 234.365 Thread 0x00000240fe577000 Exception <a 'sun/nio/fs/WindowsException'{0x000000008dd30178}> (0x000000008dd30178) thrown at [./src/hotspot/share/prims/jni.cpp, line 615]
Event: 234.366 Thread 0x00000240fe582800 Implicit null exception at 0x00000240ebc3586f to 0x00000240ebc3634c
Event: 234.366 Thread 0x00000240fe582800 Implicit null exception at 0x00000240ebc3586f to 0x00000240ebc3634c
Event: 234.366 Thread 0x00000240fe582800 Implicit null exception at 0x00000240ebc3586f to 0x00000240ebc3634c
Event: 234.366 Thread 0x00000240fe582800 Implicit null exception at 0x00000240ebc3586f to 0x00000240ebc3634c
Event: 234.531 Thread 0x00000240fe579800 Exception <a 'sun/nio/fs/WindowsException'{0x0000000092d4e248}> (0x0000000092d4e248) thrown at [./src/hotspot/share/prims/jni.cpp, line 615]
Event: 234.531 Thread 0x00000240fe579800 Exception <a 'sun/nio/fs/WindowsException'{0x0000000092d4f0e8}> (0x0000000092d4f0e8) thrown at [./src/hotspot/share/prims/jni.cpp, line 615]
Event: 234.543 Thread 0x00000240fe57a000 Exception <a 'sun/nio/fs/WindowsException'{0x0000000092a01710}> (0x0000000092a01710) thrown at [./src/hotspot/share/prims/jni.cpp, line 615]
Event: 234.543 Thread 0x00000240fe57a000 Exception <a 'sun/nio/fs/WindowsException'{0x0000000092a01a30}> (0x0000000092a01a30) thrown at [./src/hotspot/share/prims/jni.cpp, line 615]
Event: 234.797 Thread 0x00000240fe583000 Exception <a 'sun/nio/fs/WindowsException'{0x000000008ee7ae00}> (0x000000008ee7ae00) thrown at [./src/hotspot/share/prims/jni.cpp, line 615]
Event: 235.013 Thread 0x00000240fc205000 Exception <a 'sun/nio/fs/WindowsException'{0x000000008f20f238}> (0x000000008f20f238) thrown at [./src/hotspot/share/prims/jni.cpp, line 615]
Event: 235.013 Thread 0x00000240fc205000 Exception <a 'sun/nio/fs/WindowsException'{0x000000008f2100f0}> (0x000000008f2100f0) thrown at [./src/hotspot/share/prims/jni.cpp, line 615]
Event: 235.013 Thread 0x00000240fc205000 Exception <a 'sun/nio/fs/WindowsException'{0x000000008f210400}> (0x000000008f210400) thrown at [./src/hotspot/share/prims/jni.cpp, line 615]
Event: 235.064 Thread 0x00000240fc205000 Exception <a 'sun/nio/fs/WindowsException'{0x00000000946c3ee8}> (0x00000000946c3ee8) thrown at [./src/hotspot/share/prims/jni.cpp, line 615]
Event: 235.064 Thread 0x00000240fc205000 Exception <a 'sun/nio/fs/WindowsException'{0x00000000946c4dc0}> (0x00000000946c4dc0) thrown at [./src/hotspot/share/prims/jni.cpp, line 615]

Events (20 events):
Event: 235.054 loading class kotlin/text/StringsKt__IndentKt$getIndentFunction$1 done
Event: 235.054 Executing VM operation: RevokeBias done
Event: 235.054 Executing VM operation: RevokeBias
Event: 235.054 Executing VM operation: RevokeBias done
Event: 235.055 Executing VM operation: RevokeBias
Event: 235.055 Executing VM operation: RevokeBias done
Event: 235.055 Executing VM operation: RevokeBias
Event: 235.055 Executing VM operation: RevokeBias done
Event: 235.056 Executing VM operation: RevokeBias
Event: 235.056 Executing VM operation: RevokeBias done
Event: 235.056 Executing VM operation: RevokeBias
Event: 235.057 Executing VM operation: RevokeBias done
Event: 235.058 Executing VM operation: RevokeBias
Event: 235.058 Executing VM operation: RevokeBias done
Event: 235.058 Executing VM operation: RevokeBias
Event: 235.058 Executing VM operation: RevokeBias done
Event: 235.058 Executing VM operation: RevokeBias
Event: 235.058 Executing VM operation: RevokeBias done
Event: 235.058 Executing VM operation: BulkRevokeBias
Event: 235.060 Executing VM operation: BulkRevokeBias done


Dynamic libraries:
0x00007ff657470000 - 0x00007ff65747a000 	C:\Program Files\Android\Android Studio New\jre\bin\java.exe
0x00007ffe10090000 - 0x00007ffe10285000 	C:\WINDOWS\SYSTEM32\ntdll.dll
0x00007ffe0fb60000 - 0x00007ffe0fc1e000 	C:\WINDOWS\System32\KERNEL32.DLL
0x00007ffe0dcd0000 - 0x00007ffe0df99000 	C:\WINDOWS\System32\KERNELBASE.dll
0x00007ffe0dbd0000 - 0x00007ffe0dcd0000 	C:\WINDOWS\System32\ucrtbase.dll
0x00007ffe093a0000 - 0x00007ffe093b9000 	C:\Program Files\Android\Android Studio New\jre\bin\jli.dll
0x00007ffe08d80000 - 0x00007ffe08d97000 	C:\Program Files\Android\Android Studio New\jre\bin\VCRUNTIME140.dll
0x00007ffe0fcf0000 - 0x00007ffe0fe91000 	C:\WINDOWS\System32\USER32.dll
0x00007ffe0da40000 - 0x00007ffe0da62000 	C:\WINDOWS\System32\win32u.dll
0x00007ffdf5b70000 - 0x00007ffdf5e0a000 	C:\WINDOWS\WinSxS\amd64_microsoft.windows.common-controls_6595b64144ccf1df_6.0.19041.1110_none_60b5254171f9507e\COMCTL32.dll
0x00007ffe0e930000 - 0x00007ffe0e95b000 	C:\WINDOWS\System32\GDI32.dll
0x00007ffe0e960000 - 0x00007ffe0e9fe000 	C:\WINDOWS\System32\msvcrt.dll
0x00007ffe0dfa0000 - 0x00007ffe0e0ab000 	C:\WINDOWS\System32\gdi32full.dll
0x00007ffe0d910000 - 0x00007ffe0d9ad000 	C:\WINDOWS\System32\msvcp_win.dll
0x00007ffe0fcc0000 - 0x00007ffe0fcf0000 	C:\WINDOWS\System32\IMM32.DLL
0x00007ffe06e30000 - 0x00007ffe06ecd000 	C:\Program Files\Android\Android Studio New\jre\bin\msvcp140.dll
0x00007ffdd3690000 - 0x00007ffdd415f000 	C:\Program Files\Android\Android Studio New\jre\bin\server\jvm.dll
0x00007ffe0f580000 - 0x00007ffe0f62c000 	C:\WINDOWS\System32\ADVAPI32.dll
0x00007ffe0fc20000 - 0x00007ffe0fcbb000 	C:\WINDOWS\System32\sechost.dll
0x00007ffe0fa30000 - 0x00007ffe0fb5a000 	C:\WINDOWS\System32\RPCRT4.dll
0x00007ffe0ecc0000 - 0x00007ffe0ecc8000 	C:\WINDOWS\System32\PSAPI.DLL
0x00007ffde6110000 - 0x00007ffde6119000 	C:\WINDOWS\SYSTEM32\WSOCK32.dll
0x00007ffdfd7b0000 - 0x00007ffdfd7d7000 	C:\WINDOWS\SYSTEM32\WINMM.dll
0x00007ffe060c0000 - 0x00007ffe060ca000 	C:\WINDOWS\SYSTEM32\VERSION.dll
0x00007ffe0ea90000 - 0x00007ffe0eafb000 	C:\WINDOWS\System32\WS2_32.dll
0x00007ffe0b6a0000 - 0x00007ffe0b6b2000 	C:\WINDOWS\SYSTEM32\kernel.appcore.dll
0x00007ffddbed0000 - 0x00007ffddbee1000 	C:\Program Files\Android\Android Studio New\jre\bin\verify.dll
0x00007ffdf9000000 - 0x00007ffdf91e4000 	C:\WINDOWS\SYSTEM32\DBGHELP.DLL
0x00007ffdf8db0000 - 0x00007ffdf8ddc000 	C:\WINDOWS\SYSTEM32\dbgcore.DLL
0x00007ffe0d9b0000 - 0x00007ffe0da33000 	C:\WINDOWS\System32\bcryptPrimitives.dll
0x00007ffdd51d0000 - 0x00007ffdd51f9000 	C:\Program Files\Android\Android Studio New\jre\bin\java.dll
0x00007ffde13c0000 - 0x00007ffde13cb000 	C:\Program Files\Android\Android Studio New\jre\bin\jimage.dll
0x00007ffdd3670000 - 0x00007ffdd3688000 	C:\Program Files\Android\Android Studio New\jre\bin\zip.dll
0x00007ffe0e190000 - 0x00007ffe0e8cf000 	C:\WINDOWS\System32\SHELL32.dll
0x00007ffe0b8a0000 - 0x00007ffe0c030000 	C:\WINDOWS\SYSTEM32\windows.storage.dll
0x00007ffe0eda0000 - 0x00007ffe0f0f5000 	C:\WINDOWS\System32\combase.dll
0x00007ffe0d100000 - 0x00007ffe0d12c000 	C:\WINDOWS\SYSTEM32\Wldp.dll
0x00007ffe0ec10000 - 0x00007ffe0ecbe000 	C:\WINDOWS\System32\SHCORE.dll
0x00007ffe0fea0000 - 0x00007ffe0fef5000 	C:\WINDOWS\System32\shlwapi.dll
0x00007ffe0d6c0000 - 0x00007ffe0d6df000 	C:\WINDOWS\SYSTEM32\profapi.dll
0x00007ffdd3650000 - 0x00007ffdd366a000 	C:\Program Files\Android\Android Studio New\jre\bin\net.dll
0x00007ffe07990000 - 0x00007ffe07a98000 	C:\WINDOWS\SYSTEM32\WINHTTP.dll
0x00007ffe0ce60000 - 0x00007ffe0ceca000 	C:\WINDOWS\system32\mswsock.dll
0x00007ffdd3630000 - 0x00007ffdd3644000 	C:\Program Files\Android\Android Studio New\jre\bin\nio.dll
0x00007ffe07480000 - 0x00007ffe074a7000 	C:\Users\Administrator\.gradle\native\8bec1ad78214c89d9ad589b4d07fe93259594b29d510b10fafb7a158f7737e5d\windows-amd64\native-platform.dll
0x00007ffdf06b0000 - 0x00007ffdf07ed000 	C:\Users\Administrator\.gradle\native\53dbd7edfb1c66fb8903c78663c9afc45aea4f116125fa6feffd364cf09443e8\windows-amd64\native-platform-file-events.dll
0x00007ffddbf00000 - 0x00007ffddbf0a000 	C:\Program Files\Android\Android Studio New\jre\bin\management.dll
0x00007ffddbef0000 - 0x00007ffddbefc000 	C:\Program Files\Android\Android Studio New\jre\bin\management_ext.dll
0x00007ffe0d050000 - 0x00007ffe0d068000 	C:\WINDOWS\SYSTEM32\CRYPTSP.dll
0x00007ffe0c7e0000 - 0x00007ffe0c814000 	C:\WINDOWS\system32\rsaenh.dll
0x00007ffe0d780000 - 0x00007ffe0d7a7000 	C:\WINDOWS\System32\bcrypt.dll
0x00007ffe0d640000 - 0x00007ffe0d66e000 	C:\WINDOWS\SYSTEM32\USERENV.dll
0x00007ffe0d070000 - 0x00007ffe0d07c000 	C:\WINDOWS\SYSTEM32\CRYPTBASE.dll
0x00007ffe0cb50000 - 0x00007ffe0cb8b000 	C:\WINDOWS\SYSTEM32\IPHLPAPI.DLL
0x00007ffe0ea00000 - 0x00007ffe0ea08000 	C:\WINDOWS\System32\NSI.dll
0x00007ffe07610000 - 0x00007ffe07627000 	C:\WINDOWS\SYSTEM32\dhcpcsvc6.DLL
0x00007ffe06780000 - 0x00007ffe0679d000 	C:\WINDOWS\SYSTEM32\dhcpcsvc.DLL
0x00007ffe0cb90000 - 0x00007ffe0cc5c000 	C:\WINDOWS\SYSTEM32\DNSAPI.dll
0x00007ffddbd60000 - 0x00007ffddbd87000 	C:\Program Files\Android\Android Studio New\jre\bin\sunec.dll

dbghelp: loaded successfully - version: 4.0.5 - missing functions: none
symbol engine: initialized successfully - sym options: 0x614 - pdb path: .;C:\Program Files\Android\Android Studio New\jre\bin;C:\WINDOWS\SYSTEM32;C:\WINDOWS\WinSxS\amd64_microsoft.windows.common-controls_6595b64144ccf1df_6.0.19041.1110_none_60b5254171f9507e;C:\Program Files\Android\Android Studio New\jre\bin\server;C:\Users\Administrator\.gradle\native\8bec1ad78214c89d9ad589b4d07fe93259594b29d510b10fafb7a158f7737e5d\windows-amd64;C:\Users\Administrator\.gradle\native\53dbd7edfb1c66fb8903c78663c9afc45aea4f116125fa6feffd364cf09443e8\windows-amd64

VM Arguments:
jvm_args: --add-opens=java.base/java.util=ALL-UNNAMED --add-opens=java.base/java.lang=ALL-UNNAMED --add-opens=java.base/java.lang.invoke=ALL-UNNAMED --add-opens=java.base/java.util=ALL-UNNAMED --add-opens=java.prefs/java.util.prefs=ALL-UNNAMED --add-opens=java.prefs/java.util.prefs=ALL-UNNAMED --add-opens=java.base/java.nio.charset=ALL-UNNAMED --add-opens=java.base/java.net=ALL-UNNAMED --add-opens=java.base/java.util.concurrent.atomic=ALL-UNNAMED -Xmx2048m -Dfile.encoding=UTF-8 -Duser.country=US -Duser.language=en -Duser.variant 
java_command: org.gradle.launcher.daemon.bootstrap.GradleDaemon 7.0.2
java_class_path (initial): C:\Users\Administrator\.gradle\wrapper\dists\gradle-7.0.2-bin\857tjihv64xamwrf0h14cai3r\gradle-7.0.2\lib\gradle-launcher-7.0.2.jar
Launcher Type: SUN_STANDARD

[Global flags]
     intx CICompilerCount                          = 4                                         {product} {ergonomic}
     uint ConcGCThreads                            = 3                                         {product} {ergonomic}
     uint G1ConcRefinementThreads                  = 10                                        {product} {ergonomic}
   size_t G1HeapRegionSize                         = 1048576                                   {product} {ergonomic}
    uintx GCDrainStackTargetSize                   = 64                                        {product} {ergonomic}
   size_t InitialHeapSize                          = 134217728                                 {product} {ergonomic}
   size_t MarkStackSize                            = 4194304                                   {product} {ergonomic}
   size_t MaxHeapSize                              = 2147483648                                {product} {command line}
   size_t MaxNewSize                               = 1287651328                                {product} {ergonomic}
   size_t MinHeapDeltaBytes                        = 1048576                                   {product} {ergonomic}
    uintx NonNMethodCodeHeapSize                   = 5836300                                {pd product} {ergonomic}
    uintx NonProfiledCodeHeapSize                  = 122910970                              {pd product} {ergonomic}
    uintx ProfiledCodeHeapSize                     = 122910970                              {pd product} {ergonomic}
    uintx ReservedCodeCacheSize                    = 251658240                              {pd product} {ergonomic}
     bool SegmentedCodeCache                       = true                                      {product} {ergonomic}
     bool UseCompressedClassPointers               = true                                 {lp64_product} {ergonomic}
     bool UseCompressedOops                        = true                                 {lp64_product} {ergonomic}
     bool UseG1GC                                  = true                                      {product} {ergonomic}
     bool UseLargePagesIndividualAllocation        = false                                  {pd product} {ergonomic}

Logging:
Log output configuration:
 #0: stdout all=warning uptime,level,tags
 #1: stderr all=off uptime,level,tags

Environment Variables:
PATH=C:\Program Files (x86)\Common Files\Oracle\Java\javapath;C:\Windows\system32;C:\Windows;C:\Windows\System32\Wbem;C:\Windows\System32\WindowsPowerShell\v1.0\;C:\Windows\System32\OpenSSH\;C:\Program Files (x86)\NVIDIA Corporation\PhysX\Common;C:\Program Files\Git\cmd;C:\Program Files\nodejs\;C:\ProgramData\chocolatey\bin;;C:\WINDOWS\system32;C:\WINDOWS;C:\WINDOWS\System32\Wbem;C:\WINDOWS\System32\WindowsPowerShell\v1.0\;C:\WINDOWS\System32\OpenSSH\;C:\Users\Administrator\AppData\Local\Microsoft\WindowsApps;C:\Program Files\MongoDB\Server\4.4\bin;C:\Program Files\Java\jre1.8.0_271\bin;C:\Program Files\Java\jdk-15.0.1\bin;C:\Program Files\Java\jdk1.8.0_271\bin;C:\Users\Administrator\AppData\Local\Programs\Microsoft VS Code\bin;C:\Users\Administrator\AppData\Roaming\npm;C:\Program Files\MongoDB\Server\5.0\bin;
USERNAME=Administrator
OS=Windows_NT
PROCESSOR_IDENTIFIER=Intel64 Family 6 Model 158 Stepping 10, GenuineIntel



---------------  S Y S T E M  ---------------

OS: Windows 10 , 64 bit Build 19041 (10.0.19041.1202)
OS uptime: 0 days 5:15 hours

CPU:total 12 (initial active 12) (6 cores per cpu, 2 threads per core) family 6 model 158 stepping 10 microcode 0xb4, cmov, cx8, fxsr, mmx, sse, sse2, sse3, ssse3, sse4.1, sse4.2, popcnt, avx, avx2, aes, clmul, erms, rtm, 3dnowpref, lzcnt, ht, tsc, tscinvbit, bmi1, bmi2, adx, fma

Memory: 4k page, system-wide physical 8111M (582M free)
TotalPageFile size 20399M (AvailPageFile size 3M)
current process WorkingSet (physical memory assigned to process): 715M, peak: 715M
current process commit charge ("private bytes"): 755M, peak: 757M

vm_info: OpenJDK 64-Bit Server VM (11.0.10+0-b96-7249189) for windows-amd64 JRE (11.0.10+0-b96-7249189), built on Mar 31 2021 21:44:00 by "builder" with MS VC++ 14.0 (VS2015)

END.
